The target system is: Linux-CXX -  - 
The host system is: Linux - 4.4.62-18.6-default - x86_64
Compiling the C compiler identification source file "CMakeCCompilerId.c" succeeded.
Compiler: /home/cairo/cernbox/GSOC2017/ri5cy_gnu_toolchain/install/bin/riscv32-unknown-elf-gcc 
Build flags: -O3;-m32;-g
Id flags: 

The output was:
0


Compilation of the C compiler identification source "CMakeCCompilerId.c" produced "a.out"

The C compiler identification is GNU, found in "/home/cairo/cernbox/GSOC2017/pulpino/build/CMakeFiles/3.5.2/CompilerIdC/a.out"

Compiling the CXX compiler identification source file "CMakeCXXCompilerId.cpp" succeeded.
Compiler: /home/cairo/cernbox/GSOC2017/ri5cy_gnu_toolchain/install/bin/riscv32-unknown-elf-c++ 
Build flags: 
Id flags: 

The output was:
0


Compilation of the CXX compiler identification source "CMakeCXXCompilerId.cpp" produced "a.out"

The CXX compiler identification is GNU, found in "/home/cairo/cernbox/GSOC2017/pulpino/build/CMakeFiles/3.5.2/CompilerIdCXX/a.out"

Determining if the C compiler works passed with the following output:
Change Dir: /home/cairo/cernbox/GSOC2017/pulpino/build/CMakeFiles/CMakeTmp

Run Build Command:"/usr/bin/gmake" "cmTC_d2d85/fast"
/usr/bin/gmake -f CMakeFiles/cmTC_d2d85.dir/build.make CMakeFiles/cmTC_d2d85.dir/build
gmake[1]: Entering directory '/home/cairo/cernbox/GSOC2017/pulpino/build/CMakeFiles/CMakeTmp'
Building C object CMakeFiles/cmTC_d2d85.dir/testCCompiler.c.o
/home/cairo/cernbox/GSOC2017/ri5cy_gnu_toolchain/install/bin/riscv32-unknown-elf-gcc    -O3 -m32 -g    -o CMakeFiles/cmTC_d2d85.dir/testCCompiler.c.o   -c /home/cairo/cernbox/GSOC2017/pulpino/build/CMakeFiles/CMakeTmp/testCCompiler.c
Linking C executable cmTC_d2d85
/usr/bin/cmake -E cmake_link_script CMakeFiles/cmTC_d2d85.dir/link.txt --verbose=1
/home/cairo/cernbox/GSOC2017/ri5cy_gnu_toolchain/install/bin/riscv32-unknown-elf-gcc  -O3 -m32 -g     CMakeFiles/cmTC_d2d85.dir/testCCompiler.c.o  -o cmTC_d2d85  
gmake[1]: Leaving directory '/home/cairo/cernbox/GSOC2017/pulpino/build/CMakeFiles/CMakeTmp'


Detecting C compiler ABI info compiled with the following output:
Change Dir: /home/cairo/cernbox/GSOC2017/pulpino/build/CMakeFiles/CMakeTmp

Run Build Command:"/usr/bin/gmake" "cmTC_4395f/fast"
/usr/bin/gmake -f CMakeFiles/cmTC_4395f.dir/build.make CMakeFiles/cmTC_4395f.dir/build
gmake[1]: Entering directory '/home/cairo/cernbox/GSOC2017/pulpino/build/CMakeFiles/CMakeTmp'
Building C object CMakeFiles/cmTC_4395f.dir/CMakeCCompilerABI.c.o
/home/cairo/cernbox/GSOC2017/ri5cy_gnu_toolchain/install/bin/riscv32-unknown-elf-gcc    -O3 -m32 -g    -o CMakeFiles/cmTC_4395f.dir/CMakeCCompilerABI.c.o   -c /usr/share/cmake/Modules/CMakeCCompilerABI.c
Linking C executable cmTC_4395f
/usr/bin/cmake -E cmake_link_script CMakeFiles/cmTC_4395f.dir/link.txt --verbose=1
/home/cairo/cernbox/GSOC2017/ri5cy_gnu_toolchain/install/bin/riscv32-unknown-elf-gcc  -O3 -m32 -g    -v CMakeFiles/cmTC_4395f.dir/CMakeCCompilerABI.c.o  -o cmTC_4395f   
Using built-in specs.
COLLECT_GCC=/home/cairo/cernbox/GSOC2017/ri5cy_gnu_toolchain/install/bin/riscv32-unknown-elf-gcc
COLLECT_LTO_WRAPPER=/home/cairo/cernbox/GSOC2017/ri5cy_gnu_toolchain/install/lib/gcc/riscv32-unknown-elf/5.2.0/lto-wrapper
Target: riscv32-unknown-elf
Configured with: /home/cairo/cernbox/GSOC2017/ri5cy_gnu_toolchain/build/src/newlib-gcc/configure --target=riscv32-unknown-elf --prefix=/home/cairo/cernbox/GSOC2017/ri5cy_gnu_toolchain/install --disable-shared --disable-threads --enable-tls --enable-languages=c,c++ --with-newlib --disable-libmudflap --disable-libssp --disable-libquadmath --disable-libgomp --disable-nls --disable-multilib --with-arch=IM
Thread model: single
gcc version 5.2.0 (GCC) 
COMPILER_PATH=/home/cairo/cernbox/GSOC2017/ri5cy_gnu_toolchain/install/lib/gcc/riscv32-unknown-elf/5.2.0/:/home/cairo/cernbox/GSOC2017/ri5cy_gnu_toolchain/install/lib/gcc/riscv32-unknown-elf/5.2.0/:/home/cairo/cernbox/GSOC2017/ri5cy_gnu_toolchain/install/lib/gcc/riscv32-unknown-elf/:/home/cairo/cernbox/GSOC2017/ri5cy_gnu_toolchain/install/lib64/gcc/riscv32-unknown-elf/5.2.0/:/home/cairo/cernbox/GSOC2017/ri5cy_gnu_toolchain/install/lib64/gcc/riscv32-unknown-elf/:/home/cairo/cernbox/GSOC2017/ri5cy_gnu_toolchain/install/lib64/gcc/riscv32-unknown-elf/5.2.0/../../../../riscv32-unknown-elf/bin/
LIBRARY_PATH=/home/cairo/cernbox/GSOC2017/ri5cy_gnu_toolchain/install/lib64/gcc/riscv32-unknown-elf/5.2.0/:/home/cairo/cernbox/GSOC2017/ri5cy_gnu_toolchain/install/lib64/gcc/riscv32-unknown-elf/5.2.0/../../../../riscv32-unknown-elf/lib/
COLLECT_GCC_OPTIONS='-O3' '-m32' '-g' '-v' '-o' 'cmTC_4395f' '-march=IM'
 /home/cairo/cernbox/GSOC2017/ri5cy_gnu_toolchain/install/lib/gcc/riscv32-unknown-elf/5.2.0/collect2 -plugin /home/cairo/cernbox/GSOC2017/ri5cy_gnu_toolchain/install/lib/gcc/riscv32-unknown-elf/5.2.0/liblto_plugin.so -plugin-opt=/home/cairo/cernbox/GSOC2017/ri5cy_gnu_toolchain/install/lib/gcc/riscv32-unknown-elf/5.2.0/lto-wrapper -plugin-opt=-fresolution=/tmp/ccGofJZz.res -plugin-opt=-pass-through=-lgcc -plugin-opt=-pass-through=-lgcc -dT riscv.ld -melf32lriscv --march=IM -o cmTC_4395f /home/cairo/cernbox/GSOC2017/ri5cy_gnu_toolchain/install/lib64/gcc/riscv32-unknown-elf/5.2.0/../../../../riscv32-unknown-elf/lib/crt0.o /home/cairo/cernbox/GSOC2017/ri5cy_gnu_toolchain/install/lib64/gcc/riscv32-unknown-elf/5.2.0/crtbegin.o -L/home/cairo/cernbox/GSOC2017/ri5cy_gnu_toolchain/install/lib64/gcc/riscv32-unknown-elf/5.2.0 -L/home/cairo/cernbox/GSOC2017/ri5cy_gnu_toolchain/install/lib64/gcc/riscv32-unknown-elf/5.2.0/../../../../riscv32-unknown-elf/lib CMakeFiles/cmTC_4395f.dir/CMakeCCompilerABI.c.o -lgcc -lgcc /home/cairo/cernbox/GSOC2017/ri5cy_gnu_toolchain/install/lib64/gcc/riscv32-unknown-elf/5.2.0/crtend.o
gmake[1]: Leaving directory '/home/cairo/cernbox/GSOC2017/pulpino/build/CMakeFiles/CMakeTmp'


Parsed C implicit link information from above output:
  link line regex: [^( *|.*[/\])(riscv32-unknown-elf-ld|([^/\]+-)?ld|collect2)[^/\]*( |$)]
  ignore line: [Change Dir: /home/cairo/cernbox/GSOC2017/pulpino/build/CMakeFiles/CMakeTmp]
  ignore line: []
  ignore line: [Run Build Command:"/usr/bin/gmake" "cmTC_4395f/fast"]
  ignore line: [/usr/bin/gmake -f CMakeFiles/cmTC_4395f.dir/build.make CMakeFiles/cmTC_4395f.dir/build]
  ignore line: [gmake[1]: Entering directory '/home/cairo/cernbox/GSOC2017/pulpino/build/CMakeFiles/CMakeTmp']
  ignore line: [Building C object CMakeFiles/cmTC_4395f.dir/CMakeCCompilerABI.c.o]
  ignore line: [/home/cairo/cernbox/GSOC2017/ri5cy_gnu_toolchain/install/bin/riscv32-unknown-elf-gcc    -O3 -m32 -g    -o CMakeFiles/cmTC_4395f.dir/CMakeCCompilerABI.c.o   -c /usr/share/cmake/Modules/CMakeCCompilerABI.c]
  ignore line: [Linking C executable cmTC_4395f]
  ignore line: [/usr/bin/cmake -E cmake_link_script CMakeFiles/cmTC_4395f.dir/link.txt --verbose=1]
  ignore line: [/home/cairo/cernbox/GSOC2017/ri5cy_gnu_toolchain/install/bin/riscv32-unknown-elf-gcc  -O3 -m32 -g    -v CMakeFiles/cmTC_4395f.dir/CMakeCCompilerABI.c.o  -o cmTC_4395f   ]
  ignore line: [Using built-in specs.]
  ignore line: [COLLECT_GCC=/home/cairo/cernbox/GSOC2017/ri5cy_gnu_toolchain/install/bin/riscv32-unknown-elf-gcc]
  ignore line: [COLLECT_LTO_WRAPPER=/home/cairo/cernbox/GSOC2017/ri5cy_gnu_toolchain/install/lib/gcc/riscv32-unknown-elf/5.2.0/lto-wrapper]
  ignore line: [Target: riscv32-unknown-elf]
  ignore line: [Configured with: /home/cairo/cernbox/GSOC2017/ri5cy_gnu_toolchain/build/src/newlib-gcc/configure --target=riscv32-unknown-elf --prefix=/home/cairo/cernbox/GSOC2017/ri5cy_gnu_toolchain/install --disable-shared --disable-threads --enable-tls --enable-languages=c,c++ --with-newlib --disable-libmudflap --disable-libssp --disable-libquadmath --disable-libgomp --disable-nls --disable-multilib --with-arch=IM]
  ignore line: [Thread model: single]
  ignore line: [gcc version 5.2.0 (GCC) ]
  ignore line: [COMPILER_PATH=/home/cairo/cernbox/GSOC2017/ri5cy_gnu_toolchain/install/lib/gcc/riscv32-unknown-elf/5.2.0/:/home/cairo/cernbox/GSOC2017/ri5cy_gnu_toolchain/install/lib/gcc/riscv32-unknown-elf/5.2.0/:/home/cairo/cernbox/GSOC2017/ri5cy_gnu_toolchain/install/lib/gcc/riscv32-unknown-elf/:/home/cairo/cernbox/GSOC2017/ri5cy_gnu_toolchain/install/lib64/gcc/riscv32-unknown-elf/5.2.0/:/home/cairo/cernbox/GSOC2017/ri5cy_gnu_toolchain/install/lib64/gcc/riscv32-unknown-elf/:/home/cairo/cernbox/GSOC2017/ri5cy_gnu_toolchain/install/lib64/gcc/riscv32-unknown-elf/5.2.0/../../../../riscv32-unknown-elf/bin/]
  ignore line: [LIBRARY_PATH=/home/cairo/cernbox/GSOC2017/ri5cy_gnu_toolchain/install/lib64/gcc/riscv32-unknown-elf/5.2.0/:/home/cairo/cernbox/GSOC2017/ri5cy_gnu_toolchain/install/lib64/gcc/riscv32-unknown-elf/5.2.0/../../../../riscv32-unknown-elf/lib/]
  ignore line: [COLLECT_GCC_OPTIONS='-O3' '-m32' '-g' '-v' '-o' 'cmTC_4395f' '-march=IM']
  link line: [ /home/cairo/cernbox/GSOC2017/ri5cy_gnu_toolchain/install/lib/gcc/riscv32-unknown-elf/5.2.0/collect2 -plugin /home/cairo/cernbox/GSOC2017/ri5cy_gnu_toolchain/install/lib/gcc/riscv32-unknown-elf/5.2.0/liblto_plugin.so -plugin-opt=/home/cairo/cernbox/GSOC2017/ri5cy_gnu_toolchain/install/lib/gcc/riscv32-unknown-elf/5.2.0/lto-wrapper -plugin-opt=-fresolution=/tmp/ccGofJZz.res -plugin-opt=-pass-through=-lgcc -plugin-opt=-pass-through=-lgcc -dT riscv.ld -melf32lriscv --march=IM -o cmTC_4395f /home/cairo/cernbox/GSOC2017/ri5cy_gnu_toolchain/install/lib64/gcc/riscv32-unknown-elf/5.2.0/../../../../riscv32-unknown-elf/lib/crt0.o /home/cairo/cernbox/GSOC2017/ri5cy_gnu_toolchain/install/lib64/gcc/riscv32-unknown-elf/5.2.0/crtbegin.o -L/home/cairo/cernbox/GSOC2017/ri5cy_gnu_toolchain/install/lib64/gcc/riscv32-unknown-elf/5.2.0 -L/home/cairo/cernbox/GSOC2017/ri5cy_gnu_toolchain/install/lib64/gcc/riscv32-unknown-elf/5.2.0/../../../../riscv32-unknown-elf/lib CMakeFiles/cmTC_4395f.dir/CMakeCCompilerABI.c.o -lgcc -lgcc /home/cairo/cernbox/GSOC2017/ri5cy_gnu_toolchain/install/lib64/gcc/riscv32-unknown-elf/5.2.0/crtend.o]
    arg [/home/cairo/cernbox/GSOC2017/ri5cy_gnu_toolchain/install/lib/gcc/riscv32-unknown-elf/5.2.0/collect2] ==> ignore
    arg [-plugin] ==> ignore
    arg [/home/cairo/cernbox/GSOC2017/ri5cy_gnu_toolchain/install/lib/gcc/riscv32-unknown-elf/5.2.0/liblto_plugin.so] ==> ignore
    arg [-plugin-opt=/home/cairo/cernbox/GSOC2017/ri5cy_gnu_toolchain/install/lib/gcc/riscv32-unknown-elf/5.2.0/lto-wrapper] ==> ignore
    arg [-plugin-opt=-fresolution=/tmp/ccGofJZz.res] ==> ignore
    arg [-plugin-opt=-pass-through=-lgcc] ==> ignore
    arg [-plugin-opt=-pass-through=-lgcc] ==> ignore
    arg [-dT] ==> ignore
    arg [riscv.ld] ==> ignore
    arg [-melf32lriscv] ==> ignore
    arg [--march=IM] ==> ignore
    arg [-o] ==> ignore
    arg [cmTC_4395f] ==> ignore
    arg [/home/cairo/cernbox/GSOC2017/ri5cy_gnu_toolchain/install/lib64/gcc/riscv32-unknown-elf/5.2.0/../../../../riscv32-unknown-elf/lib/crt0.o] ==> ignore
    arg [/home/cairo/cernbox/GSOC2017/ri5cy_gnu_toolchain/install/lib64/gcc/riscv32-unknown-elf/5.2.0/crtbegin.o] ==> ignore
    arg [-L/home/cairo/cernbox/GSOC2017/ri5cy_gnu_toolchain/install/lib64/gcc/riscv32-unknown-elf/5.2.0] ==> dir [/home/cairo/cernbox/GSOC2017/ri5cy_gnu_toolchain/install/lib64/gcc/riscv32-unknown-elf/5.2.0]
    arg [-L/home/cairo/cernbox/GSOC2017/ri5cy_gnu_toolchain/install/lib64/gcc/riscv32-unknown-elf/5.2.0/../../../../riscv32-unknown-elf/lib] ==> dir [/home/cairo/cernbox/GSOC2017/ri5cy_gnu_toolchain/install/lib64/gcc/riscv32-unknown-elf/5.2.0/../../../../riscv32-unknown-elf/lib]
    arg [CMakeFiles/cmTC_4395f.dir/CMakeCCompilerABI.c.o] ==> ignore
    arg [-lgcc] ==> lib [gcc]
    arg [-lgcc] ==> lib [gcc]
    arg [/home/cairo/cernbox/GSOC2017/ri5cy_gnu_toolchain/install/lib64/gcc/riscv32-unknown-elf/5.2.0/crtend.o] ==> ignore
  remove lib [gcc]
  remove lib [gcc]
  collapse library dir [/home/cairo/cernbox/GSOC2017/ri5cy_gnu_toolchain/install/lib64/gcc/riscv32-unknown-elf/5.2.0] ==> [/home/cairo/cernbox/GSOC2017/ri5cy_gnu_toolchain/install/lib64/gcc/riscv32-unknown-elf/5.2.0]
  collapse library dir [/home/cairo/cernbox/GSOC2017/ri5cy_gnu_toolchain/install/lib64/gcc/riscv32-unknown-elf/5.2.0/../../../../riscv32-unknown-elf/lib] ==> [/home/cairo/cernbox/GSOC2017/ri5cy_gnu_toolchain/install/riscv32-unknown-elf/lib]
  implicit libs: []
  implicit dirs: [/home/cairo/cernbox/GSOC2017/ri5cy_gnu_toolchain/install/lib64/gcc/riscv32-unknown-elf/5.2.0;/home/cairo/cernbox/GSOC2017/ri5cy_gnu_toolchain/install/riscv32-unknown-elf/lib]
  implicit fwks: []




Detecting C [-std=c11] compiler features compiled with the following output:
Change Dir: /home/cairo/cernbox/GSOC2017/pulpino/build/CMakeFiles/CMakeTmp

Run Build Command:"/usr/bin/gmake" "cmTC_28c8b/fast"
/usr/bin/gmake -f CMakeFiles/cmTC_28c8b.dir/build.make CMakeFiles/cmTC_28c8b.dir/build
gmake[1]: Entering directory '/home/cairo/cernbox/GSOC2017/pulpino/build/CMakeFiles/CMakeTmp'
Building C object CMakeFiles/cmTC_28c8b.dir/feature_tests.c.o
/home/cairo/cernbox/GSOC2017/ri5cy_gnu_toolchain/install/bin/riscv32-unknown-elf-gcc    -O3 -m32 -g    -std=c11 -o CMakeFiles/cmTC_28c8b.dir/feature_tests.c.o   -c /home/cairo/cernbox/GSOC2017/pulpino/build/CMakeFiles/feature_tests.c
Linking C executable cmTC_28c8b
/usr/bin/cmake -E cmake_link_script CMakeFiles/cmTC_28c8b.dir/link.txt --verbose=1
/home/cairo/cernbox/GSOC2017/ri5cy_gnu_toolchain/install/bin/riscv32-unknown-elf-gcc  -O3 -m32 -g     CMakeFiles/cmTC_28c8b.dir/feature_tests.c.o  -o cmTC_28c8b  
gmake[1]: Leaving directory '/home/cairo/cernbox/GSOC2017/pulpino/build/CMakeFiles/CMakeTmp'


    Feature record: C_FEATURE:1c_function_prototypes
    Feature record: C_FEATURE:1c_restrict
    Feature record: C_FEATURE:1c_static_assert
    Feature record: C_FEATURE:1c_variadic_macros


Detecting C [-std=c99] compiler features compiled with the following output:
Change Dir: /home/cairo/cernbox/GSOC2017/pulpino/build/CMakeFiles/CMakeTmp

Run Build Command:"/usr/bin/gmake" "cmTC_de5e1/fast"
/usr/bin/gmake -f CMakeFiles/cmTC_de5e1.dir/build.make CMakeFiles/cmTC_de5e1.dir/build
gmake[1]: Entering directory '/home/cairo/cernbox/GSOC2017/pulpino/build/CMakeFiles/CMakeTmp'
Building C object CMakeFiles/cmTC_de5e1.dir/feature_tests.c.o
/home/cairo/cernbox/GSOC2017/ri5cy_gnu_toolchain/install/bin/riscv32-unknown-elf-gcc    -O3 -m32 -g    -std=c99 -o CMakeFiles/cmTC_de5e1.dir/feature_tests.c.o   -c /home/cairo/cernbox/GSOC2017/pulpino/build/CMakeFiles/feature_tests.c
Linking C executable cmTC_de5e1
/usr/bin/cmake -E cmake_link_script CMakeFiles/cmTC_de5e1.dir/link.txt --verbose=1
/home/cairo/cernbox/GSOC2017/ri5cy_gnu_toolchain/install/bin/riscv32-unknown-elf-gcc  -O3 -m32 -g     CMakeFiles/cmTC_de5e1.dir/feature_tests.c.o  -o cmTC_de5e1  
gmake[1]: Leaving directory '/home/cairo/cernbox/GSOC2017/pulpino/build/CMakeFiles/CMakeTmp'


    Feature record: C_FEATURE:1c_function_prototypes
    Feature record: C_FEATURE:1c_restrict
    Feature record: C_FEATURE:0c_static_assert
    Feature record: C_FEATURE:1c_variadic_macros


Detecting C [-std=c90] compiler features compiled with the following output:
Change Dir: /home/cairo/cernbox/GSOC2017/pulpino/build/CMakeFiles/CMakeTmp

Run Build Command:"/usr/bin/gmake" "cmTC_12afc/fast"
/usr/bin/gmake -f CMakeFiles/cmTC_12afc.dir/build.make CMakeFiles/cmTC_12afc.dir/build
gmake[1]: Entering directory '/home/cairo/cernbox/GSOC2017/pulpino/build/CMakeFiles/CMakeTmp'
Building C object CMakeFiles/cmTC_12afc.dir/feature_tests.c.o
/home/cairo/cernbox/GSOC2017/ri5cy_gnu_toolchain/install/bin/riscv32-unknown-elf-gcc    -O3 -m32 -g    -std=c90 -o CMakeFiles/cmTC_12afc.dir/feature_tests.c.o   -c /home/cairo/cernbox/GSOC2017/pulpino/build/CMakeFiles/feature_tests.c
Linking C executable cmTC_12afc
/usr/bin/cmake -E cmake_link_script CMakeFiles/cmTC_12afc.dir/link.txt --verbose=1
/home/cairo/cernbox/GSOC2017/ri5cy_gnu_toolchain/install/bin/riscv32-unknown-elf-gcc  -O3 -m32 -g     CMakeFiles/cmTC_12afc.dir/feature_tests.c.o  -o cmTC_12afc  
gmake[1]: Leaving directory '/home/cairo/cernbox/GSOC2017/pulpino/build/CMakeFiles/CMakeTmp'


    Feature record: C_FEATURE:1c_function_prototypes
    Feature record: C_FEATURE:0c_restrict
    Feature record: C_FEATURE:0c_static_assert
    Feature record: C_FEATURE:0c_variadic_macros
Determining if the CXX compiler works passed with the following output:
Change Dir: /home/cairo/cernbox/GSOC2017/pulpino/build/CMakeFiles/CMakeTmp

Run Build Command:"/usr/bin/gmake" "cmTC_9e6e1/fast"
/usr/bin/gmake -f CMakeFiles/cmTC_9e6e1.dir/build.make CMakeFiles/cmTC_9e6e1.dir/build
gmake[1]: Entering directory '/home/cairo/cernbox/GSOC2017/pulpino/build/CMakeFiles/CMakeTmp'
Building CXX object CMakeFiles/cmTC_9e6e1.dir/testCXXCompiler.cxx.o
/home/cairo/cernbox/GSOC2017/ri5cy_gnu_toolchain/install/bin/riscv32-unknown-elf-c++      -o CMakeFiles/cmTC_9e6e1.dir/testCXXCompiler.cxx.o -c /home/cairo/cernbox/GSOC2017/pulpino/build/CMakeFiles/CMakeTmp/testCXXCompiler.cxx
Linking CXX executable cmTC_9e6e1
/usr/bin/cmake -E cmake_link_script CMakeFiles/cmTC_9e6e1.dir/link.txt --verbose=1
/home/cairo/cernbox/GSOC2017/ri5cy_gnu_toolchain/install/bin/riscv32-unknown-elf-c++        CMakeFiles/cmTC_9e6e1.dir/testCXXCompiler.cxx.o  -o cmTC_9e6e1  
gmake[1]: Leaving directory '/home/cairo/cernbox/GSOC2017/pulpino/build/CMakeFiles/CMakeTmp'


Detecting CXX compiler ABI info compiled with the following output:
Change Dir: /home/cairo/cernbox/GSOC2017/pulpino/build/CMakeFiles/CMakeTmp

Run Build Command:"/usr/bin/gmake" "cmTC_4ecf7/fast"
/usr/bin/gmake -f CMakeFiles/cmTC_4ecf7.dir/build.make CMakeFiles/cmTC_4ecf7.dir/build
gmake[1]: Entering directory '/home/cairo/cernbox/GSOC2017/pulpino/build/CMakeFiles/CMakeTmp'
Building CXX object CMakeFiles/cmTC_4ecf7.dir/CMakeCXXCompilerABI.cpp.o
/home/cairo/cernbox/GSOC2017/ri5cy_gnu_toolchain/install/bin/riscv32-unknown-elf-c++      -o CMakeFiles/cmTC_4ecf7.dir/CMakeCXXCompilerABI.cpp.o -c /usr/share/cmake/Modules/CMakeCXXCompilerABI.cpp
Linking CXX executable cmTC_4ecf7
/usr/bin/cmake -E cmake_link_script CMakeFiles/cmTC_4ecf7.dir/link.txt --verbose=1
/home/cairo/cernbox/GSOC2017/ri5cy_gnu_toolchain/install/bin/riscv32-unknown-elf-c++       -v CMakeFiles/cmTC_4ecf7.dir/CMakeCXXCompilerABI.cpp.o  -o cmTC_4ecf7   
Using built-in specs.
COLLECT_GCC=/home/cairo/cernbox/GSOC2017/ri5cy_gnu_toolchain/install/bin/riscv32-unknown-elf-c++
COLLECT_LTO_WRAPPER=/home/cairo/cernbox/GSOC2017/ri5cy_gnu_toolchain/install/lib/gcc/riscv32-unknown-elf/5.2.0/lto-wrapper
Target: riscv32-unknown-elf
Configured with: /home/cairo/cernbox/GSOC2017/ri5cy_gnu_toolchain/build/src/newlib-gcc/configure --target=riscv32-unknown-elf --prefix=/home/cairo/cernbox/GSOC2017/ri5cy_gnu_toolchain/install --disable-shared --disable-threads --enable-tls --enable-languages=c,c++ --with-newlib --disable-libmudflap --disable-libssp --disable-libquadmath --disable-libgomp --disable-nls --disable-multilib --with-arch=IM
Thread model: single
gcc version 5.2.0 (GCC) 
COMPILER_PATH=/home/cairo/cernbox/GSOC2017/ri5cy_gnu_toolchain/install/lib/gcc/riscv32-unknown-elf/5.2.0/:/home/cairo/cernbox/GSOC2017/ri5cy_gnu_toolchain/install/lib/gcc/riscv32-unknown-elf/5.2.0/:/home/cairo/cernbox/GSOC2017/ri5cy_gnu_toolchain/install/lib/gcc/riscv32-unknown-elf/:/home/cairo/cernbox/GSOC2017/ri5cy_gnu_toolchain/install/lib64/gcc/riscv32-unknown-elf/5.2.0/:/home/cairo/cernbox/GSOC2017/ri5cy_gnu_toolchain/install/lib64/gcc/riscv32-unknown-elf/:/home/cairo/cernbox/GSOC2017/ri5cy_gnu_toolchain/install/lib64/gcc/riscv32-unknown-elf/5.2.0/../../../../riscv32-unknown-elf/bin/
LIBRARY_PATH=/home/cairo/cernbox/GSOC2017/ri5cy_gnu_toolchain/install/lib64/gcc/riscv32-unknown-elf/5.2.0/:/home/cairo/cernbox/GSOC2017/ri5cy_gnu_toolchain/install/lib64/gcc/riscv32-unknown-elf/5.2.0/../../../../riscv32-unknown-elf/lib/
COLLECT_GCC_OPTIONS='-v' '-o' 'cmTC_4ecf7' '-march=IM'
 /home/cairo/cernbox/GSOC2017/ri5cy_gnu_toolchain/install/lib/gcc/riscv32-unknown-elf/5.2.0/collect2 -plugin /home/cairo/cernbox/GSOC2017/ri5cy_gnu_toolchain/install/lib/gcc/riscv32-unknown-elf/5.2.0/liblto_plugin.so -plugin-opt=/home/cairo/cernbox/GSOC2017/ri5cy_gnu_toolchain/install/lib/gcc/riscv32-unknown-elf/5.2.0/lto-wrapper -plugin-opt=-fresolution=/tmp/ccroQaH6.res -plugin-opt=-pass-through=-lgcc -plugin-opt=-pass-through=-lgcc -dT riscv.ld --march=IM -o cmTC_4ecf7 /home/cairo/cernbox/GSOC2017/ri5cy_gnu_toolchain/install/lib64/gcc/riscv32-unknown-elf/5.2.0/../../../../riscv32-unknown-elf/lib/crt0.o /home/cairo/cernbox/GSOC2017/ri5cy_gnu_toolchain/install/lib64/gcc/riscv32-unknown-elf/5.2.0/crtbegin.o -L/home/cairo/cernbox/GSOC2017/ri5cy_gnu_toolchain/install/lib64/gcc/riscv32-unknown-elf/5.2.0 -L/home/cairo/cernbox/GSOC2017/ri5cy_gnu_toolchain/install/lib64/gcc/riscv32-unknown-elf/5.2.0/../../../../riscv32-unknown-elf/lib CMakeFiles/cmTC_4ecf7.dir/CMakeCXXCompilerABI.cpp.o -lstdc++ -lm -lgcc -lgcc /home/cairo/cernbox/GSOC2017/ri5cy_gnu_toolchain/install/lib64/gcc/riscv32-unknown-elf/5.2.0/crtend.o
gmake[1]: Leaving directory '/home/cairo/cernbox/GSOC2017/pulpino/build/CMakeFiles/CMakeTmp'


Parsed CXX implicit link information from above output:
  link line regex: [^( *|.*[/\])(riscv32-unknown-elf-ld|([^/\]+-)?ld|collect2)[^/\]*( |$)]
  ignore line: [Change Dir: /home/cairo/cernbox/GSOC2017/pulpino/build/CMakeFiles/CMakeTmp]
  ignore line: []
  ignore line: [Run Build Command:"/usr/bin/gmake" "cmTC_4ecf7/fast"]
  ignore line: [/usr/bin/gmake -f CMakeFiles/cmTC_4ecf7.dir/build.make CMakeFiles/cmTC_4ecf7.dir/build]
  ignore line: [gmake[1]: Entering directory '/home/cairo/cernbox/GSOC2017/pulpino/build/CMakeFiles/CMakeTmp']
  ignore line: [Building CXX object CMakeFiles/cmTC_4ecf7.dir/CMakeCXXCompilerABI.cpp.o]
  ignore line: [/home/cairo/cernbox/GSOC2017/ri5cy_gnu_toolchain/install/bin/riscv32-unknown-elf-c++      -o CMakeFiles/cmTC_4ecf7.dir/CMakeCXXCompilerABI.cpp.o -c /usr/share/cmake/Modules/CMakeCXXCompilerABI.cpp]
  ignore line: [Linking CXX executable cmTC_4ecf7]
  ignore line: [/usr/bin/cmake -E cmake_link_script CMakeFiles/cmTC_4ecf7.dir/link.txt --verbose=1]
  ignore line: [/home/cairo/cernbox/GSOC2017/ri5cy_gnu_toolchain/install/bin/riscv32-unknown-elf-c++       -v CMakeFiles/cmTC_4ecf7.dir/CMakeCXXCompilerABI.cpp.o  -o cmTC_4ecf7   ]
  ignore line: [Using built-in specs.]
  ignore line: [COLLECT_GCC=/home/cairo/cernbox/GSOC2017/ri5cy_gnu_toolchain/install/bin/riscv32-unknown-elf-c++]
  ignore line: [COLLECT_LTO_WRAPPER=/home/cairo/cernbox/GSOC2017/ri5cy_gnu_toolchain/install/lib/gcc/riscv32-unknown-elf/5.2.0/lto-wrapper]
  ignore line: [Target: riscv32-unknown-elf]
  ignore line: [Configured with: /home/cairo/cernbox/GSOC2017/ri5cy_gnu_toolchain/build/src/newlib-gcc/configure --target=riscv32-unknown-elf --prefix=/home/cairo/cernbox/GSOC2017/ri5cy_gnu_toolchain/install --disable-shared --disable-threads --enable-tls --enable-languages=c,c++ --with-newlib --disable-libmudflap --disable-libssp --disable-libquadmath --disable-libgomp --disable-nls --disable-multilib --with-arch=IM]
  ignore line: [Thread model: single]
  ignore line: [gcc version 5.2.0 (GCC) ]
  ignore line: [COMPILER_PATH=/home/cairo/cernbox/GSOC2017/ri5cy_gnu_toolchain/install/lib/gcc/riscv32-unknown-elf/5.2.0/:/home/cairo/cernbox/GSOC2017/ri5cy_gnu_toolchain/install/lib/gcc/riscv32-unknown-elf/5.2.0/:/home/cairo/cernbox/GSOC2017/ri5cy_gnu_toolchain/install/lib/gcc/riscv32-unknown-elf/:/home/cairo/cernbox/GSOC2017/ri5cy_gnu_toolchain/install/lib64/gcc/riscv32-unknown-elf/5.2.0/:/home/cairo/cernbox/GSOC2017/ri5cy_gnu_toolchain/install/lib64/gcc/riscv32-unknown-elf/:/home/cairo/cernbox/GSOC2017/ri5cy_gnu_toolchain/install/lib64/gcc/riscv32-unknown-elf/5.2.0/../../../../riscv32-unknown-elf/bin/]
  ignore line: [LIBRARY_PATH=/home/cairo/cernbox/GSOC2017/ri5cy_gnu_toolchain/install/lib64/gcc/riscv32-unknown-elf/5.2.0/:/home/cairo/cernbox/GSOC2017/ri5cy_gnu_toolchain/install/lib64/gcc/riscv32-unknown-elf/5.2.0/../../../../riscv32-unknown-elf/lib/]
  ignore line: [COLLECT_GCC_OPTIONS='-v' '-o' 'cmTC_4ecf7' '-march=IM']
  link line: [ /home/cairo/cernbox/GSOC2017/ri5cy_gnu_toolchain/install/lib/gcc/riscv32-unknown-elf/5.2.0/collect2 -plugin /home/cairo/cernbox/GSOC2017/ri5cy_gnu_toolchain/install/lib/gcc/riscv32-unknown-elf/5.2.0/liblto_plugin.so -plugin-opt=/home/cairo/cernbox/GSOC2017/ri5cy_gnu_toolchain/install/lib/gcc/riscv32-unknown-elf/5.2.0/lto-wrapper -plugin-opt=-fresolution=/tmp/ccroQaH6.res -plugin-opt=-pass-through=-lgcc -plugin-opt=-pass-through=-lgcc -dT riscv.ld --march=IM -o cmTC_4ecf7 /home/cairo/cernbox/GSOC2017/ri5cy_gnu_toolchain/install/lib64/gcc/riscv32-unknown-elf/5.2.0/../../../../riscv32-unknown-elf/lib/crt0.o /home/cairo/cernbox/GSOC2017/ri5cy_gnu_toolchain/install/lib64/gcc/riscv32-unknown-elf/5.2.0/crtbegin.o -L/home/cairo/cernbox/GSOC2017/ri5cy_gnu_toolchain/install/lib64/gcc/riscv32-unknown-elf/5.2.0 -L/home/cairo/cernbox/GSOC2017/ri5cy_gnu_toolchain/install/lib64/gcc/riscv32-unknown-elf/5.2.0/../../../../riscv32-unknown-elf/lib CMakeFiles/cmTC_4ecf7.dir/CMakeCXXCompilerABI.cpp.o -lstdc++ -lm -lgcc -lgcc /home/cairo/cernbox/GSOC2017/ri5cy_gnu_toolchain/install/lib64/gcc/riscv32-unknown-elf/5.2.0/crtend.o]
    arg [/home/cairo/cernbox/GSOC2017/ri5cy_gnu_toolchain/install/lib/gcc/riscv32-unknown-elf/5.2.0/collect2] ==> ignore
    arg [-plugin] ==> ignore
    arg [/home/cairo/cernbox/GSOC2017/ri5cy_gnu_toolchain/install/lib/gcc/riscv32-unknown-elf/5.2.0/liblto_plugin.so] ==> ignore
    arg [-plugin-opt=/home/cairo/cernbox/GSOC2017/ri5cy_gnu_toolchain/install/lib/gcc/riscv32-unknown-elf/5.2.0/lto-wrapper] ==> ignore
    arg [-plugin-opt=-fresolution=/tmp/ccroQaH6.res] ==> ignore
    arg [-plugin-opt=-pass-through=-lgcc] ==> ignore
    arg [-plugin-opt=-pass-through=-lgcc] ==> ignore
    arg [-dT] ==> ignore
    arg [riscv.ld] ==> ignore
    arg [--march=IM] ==> ignore
    arg [-o] ==> ignore
    arg [cmTC_4ecf7] ==> ignore
    arg [/home/cairo/cernbox/GSOC2017/ri5cy_gnu_toolchain/install/lib64/gcc/riscv32-unknown-elf/5.2.0/../../../../riscv32-unknown-elf/lib/crt0.o] ==> ignore
    arg [/home/cairo/cernbox/GSOC2017/ri5cy_gnu_toolchain/install/lib64/gcc/riscv32-unknown-elf/5.2.0/crtbegin.o] ==> ignore
    arg [-L/home/cairo/cernbox/GSOC2017/ri5cy_gnu_toolchain/install/lib64/gcc/riscv32-unknown-elf/5.2.0] ==> dir [/home/cairo/cernbox/GSOC2017/ri5cy_gnu_toolchain/install/lib64/gcc/riscv32-unknown-elf/5.2.0]
    arg [-L/home/cairo/cernbox/GSOC2017/ri5cy_gnu_toolchain/install/lib64/gcc/riscv32-unknown-elf/5.2.0/../../../../riscv32-unknown-elf/lib] ==> dir [/home/cairo/cernbox/GSOC2017/ri5cy_gnu_toolchain/install/lib64/gcc/riscv32-unknown-elf/5.2.0/../../../../riscv32-unknown-elf/lib]
    arg [CMakeFiles/cmTC_4ecf7.dir/CMakeCXXCompilerABI.cpp.o] ==> ignore
    arg [-lstdc++] ==> lib [stdc++]
    arg [-lm] ==> lib [m]
    arg [-lgcc] ==> lib [gcc]
    arg [-lgcc] ==> lib [gcc]
    arg [/home/cairo/cernbox/GSOC2017/ri5cy_gnu_toolchain/install/lib64/gcc/riscv32-unknown-elf/5.2.0/crtend.o] ==> ignore
  remove lib [gcc]
  remove lib [gcc]
  collapse library dir [/home/cairo/cernbox/GSOC2017/ri5cy_gnu_toolchain/install/lib64/gcc/riscv32-unknown-elf/5.2.0] ==> [/home/cairo/cernbox/GSOC2017/ri5cy_gnu_toolchain/install/lib64/gcc/riscv32-unknown-elf/5.2.0]
  collapse library dir [/home/cairo/cernbox/GSOC2017/ri5cy_gnu_toolchain/install/lib64/gcc/riscv32-unknown-elf/5.2.0/../../../../riscv32-unknown-elf/lib] ==> [/home/cairo/cernbox/GSOC2017/ri5cy_gnu_toolchain/install/riscv32-unknown-elf/lib]
  implicit libs: [stdc++;m]
  implicit dirs: [/home/cairo/cernbox/GSOC2017/ri5cy_gnu_toolchain/install/lib64/gcc/riscv32-unknown-elf/5.2.0;/home/cairo/cernbox/GSOC2017/ri5cy_gnu_toolchain/install/riscv32-unknown-elf/lib]
  implicit fwks: []




Detecting CXX [-std=c++14] compiler features compiled with the following output:
Change Dir: /home/cairo/cernbox/GSOC2017/pulpino/build/CMakeFiles/CMakeTmp

Run Build Command:"/usr/bin/gmake" "cmTC_bf5ef/fast"
/usr/bin/gmake -f CMakeFiles/cmTC_bf5ef.dir/build.make CMakeFiles/cmTC_bf5ef.dir/build
gmake[1]: Entering directory '/home/cairo/cernbox/GSOC2017/pulpino/build/CMakeFiles/CMakeTmp'
Building CXX object CMakeFiles/cmTC_bf5ef.dir/feature_tests.cxx.o
/home/cairo/cernbox/GSOC2017/ri5cy_gnu_toolchain/install/bin/riscv32-unknown-elf-c++     -std=c++14 -o CMakeFiles/cmTC_bf5ef.dir/feature_tests.cxx.o -c /home/cairo/cernbox/GSOC2017/pulpino/build/CMakeFiles/feature_tests.cxx
Linking CXX executable cmTC_bf5ef
/usr/bin/cmake -E cmake_link_script CMakeFiles/cmTC_bf5ef.dir/link.txt --verbose=1
/home/cairo/cernbox/GSOC2017/ri5cy_gnu_toolchain/install/bin/riscv32-unknown-elf-c++        CMakeFiles/cmTC_bf5ef.dir/feature_tests.cxx.o  -o cmTC_bf5ef  
gmake[1]: Leaving directory '/home/cairo/cernbox/GSOC2017/pulpino/build/CMakeFiles/CMakeTmp'


    Feature record: CXX_FEATURE:1cxx_aggregate_default_initializers
    Feature record: CXX_FEATURE:1cxx_alias_templates
    Feature record: CXX_FEATURE:1cxx_alignas
    Feature record: CXX_FEATURE:1cxx_alignof
    Feature record: CXX_FEATURE:1cxx_attributes
    Feature record: CXX_FEATURE:1cxx_attribute_deprecated
    Feature record: CXX_FEATURE:1cxx_auto_type
    Feature record: CXX_FEATURE:1cxx_binary_literals
    Feature record: CXX_FEATURE:1cxx_constexpr
    Feature record: CXX_FEATURE:1cxx_contextual_conversions
    Feature record: CXX_FEATURE:1cxx_decltype
    Feature record: CXX_FEATURE:1cxx_decltype_auto
    Feature record: CXX_FEATURE:1cxx_decltype_incomplete_return_types
    Feature record: CXX_FEATURE:1cxx_default_function_template_args
    Feature record: CXX_FEATURE:1cxx_defaulted_functions
    Feature record: CXX_FEATURE:1cxx_defaulted_move_initializers
    Feature record: CXX_FEATURE:1cxx_delegating_constructors
    Feature record: CXX_FEATURE:1cxx_deleted_functions
    Feature record: CXX_FEATURE:1cxx_digit_separators
    Feature record: CXX_FEATURE:1cxx_enum_forward_declarations
    Feature record: CXX_FEATURE:1cxx_explicit_conversions
    Feature record: CXX_FEATURE:1cxx_extended_friend_declarations
    Feature record: CXX_FEATURE:1cxx_extern_templates
    Feature record: CXX_FEATURE:1cxx_final
    Feature record: CXX_FEATURE:1cxx_func_identifier
    Feature record: CXX_FEATURE:1cxx_generalized_initializers
    Feature record: CXX_FEATURE:1cxx_generic_lambdas
    Feature record: CXX_FEATURE:1cxx_inheriting_constructors
    Feature record: CXX_FEATURE:1cxx_inline_namespaces
    Feature record: CXX_FEATURE:1cxx_lambdas
    Feature record: CXX_FEATURE:1cxx_lambda_init_captures
    Feature record: CXX_FEATURE:1cxx_local_type_template_args
    Feature record: CXX_FEATURE:1cxx_long_long_type
    Feature record: CXX_FEATURE:1cxx_noexcept
    Feature record: CXX_FEATURE:1cxx_nonstatic_member_init
    Feature record: CXX_FEATURE:1cxx_nullptr
    Feature record: CXX_FEATURE:1cxx_override
    Feature record: CXX_FEATURE:1cxx_range_for
    Feature record: CXX_FEATURE:1cxx_raw_string_literals
    Feature record: CXX_FEATURE:1cxx_reference_qualified_functions
    Feature record: CXX_FEATURE:1cxx_relaxed_constexpr
    Feature record: CXX_FEATURE:1cxx_return_type_deduction
    Feature record: CXX_FEATURE:1cxx_right_angle_brackets
    Feature record: CXX_FEATURE:1cxx_rvalue_references
    Feature record: CXX_FEATURE:1cxx_sizeof_member
    Feature record: CXX_FEATURE:1cxx_static_assert
    Feature record: CXX_FEATURE:1cxx_strong_enums
    Feature record: CXX_FEATURE:1cxx_template_template_parameters
    Feature record: CXX_FEATURE:1cxx_thread_local
    Feature record: CXX_FEATURE:1cxx_trailing_return_types
    Feature record: CXX_FEATURE:1cxx_unicode_literals
    Feature record: CXX_FEATURE:1cxx_uniform_initialization
    Feature record: CXX_FEATURE:1cxx_unrestricted_unions
    Feature record: CXX_FEATURE:1cxx_user_literals
    Feature record: CXX_FEATURE:1cxx_variable_templates
    Feature record: CXX_FEATURE:1cxx_variadic_macros
    Feature record: CXX_FEATURE:1cxx_variadic_templates


Detecting CXX [-std=c++11] compiler features compiled with the following output:
Change Dir: /home/cairo/cernbox/GSOC2017/pulpino/build/CMakeFiles/CMakeTmp

Run Build Command:"/usr/bin/gmake" "cmTC_56046/fast"
/usr/bin/gmake -f CMakeFiles/cmTC_56046.dir/build.make CMakeFiles/cmTC_56046.dir/build
gmake[1]: Entering directory '/home/cairo/cernbox/GSOC2017/pulpino/build/CMakeFiles/CMakeTmp'
Building CXX object CMakeFiles/cmTC_56046.dir/feature_tests.cxx.o
/home/cairo/cernbox/GSOC2017/ri5cy_gnu_toolchain/install/bin/riscv32-unknown-elf-c++     -std=c++11 -o CMakeFiles/cmTC_56046.dir/feature_tests.cxx.o -c /home/cairo/cernbox/GSOC2017/pulpino/build/CMakeFiles/feature_tests.cxx
Linking CXX executable cmTC_56046
/usr/bin/cmake -E cmake_link_script CMakeFiles/cmTC_56046.dir/link.txt --verbose=1
/home/cairo/cernbox/GSOC2017/ri5cy_gnu_toolchain/install/bin/riscv32-unknown-elf-c++        CMakeFiles/cmTC_56046.dir/feature_tests.cxx.o  -o cmTC_56046  
gmake[1]: Leaving directory '/home/cairo/cernbox/GSOC2017/pulpino/build/CMakeFiles/CMakeTmp'


    Feature record: CXX_FEATURE:0cxx_aggregate_default_initializers
    Feature record: CXX_FEATURE:1cxx_alias_templates
    Feature record: CXX_FEATURE:1cxx_alignas
    Feature record: CXX_FEATURE:1cxx_alignof
    Feature record: CXX_FEATURE:1cxx_attributes
    Feature record: CXX_FEATURE:0cxx_attribute_deprecated
    Feature record: CXX_FEATURE:1cxx_auto_type
    Feature record: CXX_FEATURE:0cxx_binary_literals
    Feature record: CXX_FEATURE:1cxx_constexpr
    Feature record: CXX_FEATURE:0cxx_contextual_conversions
    Feature record: CXX_FEATURE:1cxx_decltype
    Feature record: CXX_FEATURE:0cxx_decltype_auto
    Feature record: CXX_FEATURE:1cxx_decltype_incomplete_return_types
    Feature record: CXX_FEATURE:1cxx_default_function_template_args
    Feature record: CXX_FEATURE:1cxx_defaulted_functions
    Feature record: CXX_FEATURE:1cxx_defaulted_move_initializers
    Feature record: CXX_FEATURE:1cxx_delegating_constructors
    Feature record: CXX_FEATURE:1cxx_deleted_functions
    Feature record: CXX_FEATURE:0cxx_digit_separators
    Feature record: CXX_FEATURE:1cxx_enum_forward_declarations
    Feature record: CXX_FEATURE:1cxx_explicit_conversions
    Feature record: CXX_FEATURE:1cxx_extended_friend_declarations
    Feature record: CXX_FEATURE:1cxx_extern_templates
    Feature record: CXX_FEATURE:1cxx_final
    Feature record: CXX_FEATURE:1cxx_func_identifier
    Feature record: CXX_FEATURE:1cxx_generalized_initializers
    Feature record: CXX_FEATURE:0cxx_generic_lambdas
    Feature record: CXX_FEATURE:1cxx_inheriting_constructors
    Feature record: CXX_FEATURE:1cxx_inline_namespaces
    Feature record: CXX_FEATURE:1cxx_lambdas
    Feature record: CXX_FEATURE:0cxx_lambda_init_captures
    Feature record: CXX_FEATURE:1cxx_local_type_template_args
    Feature record: CXX_FEATURE:1cxx_long_long_type
    Feature record: CXX_FEATURE:1cxx_noexcept
    Feature record: CXX_FEATURE:1cxx_nonstatic_member_init
    Feature record: CXX_FEATURE:1cxx_nullptr
    Feature record: CXX_FEATURE:1cxx_override
    Feature record: CXX_FEATURE:1cxx_range_for
    Feature record: CXX_FEATURE:1cxx_raw_string_literals
    Feature record: CXX_FEATURE:1cxx_reference_qualified_functions
    Feature record: CXX_FEATURE:0cxx_relaxed_constexpr
    Feature record: CXX_FEATURE:0cxx_return_type_deduction
    Feature record: CXX_FEATURE:1cxx_right_angle_brackets
    Feature record: CXX_FEATURE:1cxx_rvalue_references
    Feature record: CXX_FEATURE:1cxx_sizeof_member
    Feature record: CXX_FEATURE:1cxx_static_assert
    Feature record: CXX_FEATURE:1cxx_strong_enums
    Feature record: CXX_FEATURE:1cxx_template_template_parameters
    Feature record: CXX_FEATURE:1cxx_thread_local
    Feature record: CXX_FEATURE:1cxx_trailing_return_types
    Feature record: CXX_FEATURE:1cxx_unicode_literals
    Feature record: CXX_FEATURE:1cxx_uniform_initialization
    Feature record: CXX_FEATURE:1cxx_unrestricted_unions
    Feature record: CXX_FEATURE:1cxx_user_literals
    Feature record: CXX_FEATURE:0cxx_variable_templates
    Feature record: CXX_FEATURE:1cxx_variadic_macros
    Feature record: CXX_FEATURE:1cxx_variadic_templates


Detecting CXX [-std=c++98] compiler features compiled with the following output:
Change Dir: /home/cairo/cernbox/GSOC2017/pulpino/build/CMakeFiles/CMakeTmp

Run Build Command:"/usr/bin/gmake" "cmTC_9aded/fast"
/usr/bin/gmake -f CMakeFiles/cmTC_9aded.dir/build.make CMakeFiles/cmTC_9aded.dir/build
gmake[1]: Entering directory '/home/cairo/cernbox/GSOC2017/pulpino/build/CMakeFiles/CMakeTmp'
Building CXX object CMakeFiles/cmTC_9aded.dir/feature_tests.cxx.o
/home/cairo/cernbox/GSOC2017/ri5cy_gnu_toolchain/install/bin/riscv32-unknown-elf-c++     -std=c++98 -o CMakeFiles/cmTC_9aded.dir/feature_tests.cxx.o -c /home/cairo/cernbox/GSOC2017/pulpino/build/CMakeFiles/feature_tests.cxx
Linking CXX executable cmTC_9aded
/usr/bin/cmake -E cmake_link_script CMakeFiles/cmTC_9aded.dir/link.txt --verbose=1
/home/cairo/cernbox/GSOC2017/ri5cy_gnu_toolchain/install/bin/riscv32-unknown-elf-c++        CMakeFiles/cmTC_9aded.dir/feature_tests.cxx.o  -o cmTC_9aded  
gmake[1]: Leaving directory '/home/cairo/cernbox/GSOC2017/pulpino/build/CMakeFiles/CMakeTmp'


    Feature record: CXX_FEATURE:0cxx_aggregate_default_initializers
    Feature record: CXX_FEATURE:0cxx_alias_templates
    Feature record: CXX_FEATURE:0cxx_alignas
    Feature record: CXX_FEATURE:0cxx_alignof
    Feature record: CXX_FEATURE:0cxx_attributes
    Feature record: CXX_FEATURE:0cxx_attribute_deprecated
    Feature record: CXX_FEATURE:0cxx_auto_type
    Feature record: CXX_FEATURE:0cxx_binary_literals
    Feature record: CXX_FEATURE:0cxx_constexpr
    Feature record: CXX_FEATURE:0cxx_contextual_conversions
    Feature record: CXX_FEATURE:0cxx_decltype
    Feature record: CXX_FEATURE:0cxx_decltype_auto
    Feature record: CXX_FEATURE:0cxx_decltype_incomplete_return_types
    Feature record: CXX_FEATURE:0cxx_default_function_template_args
    Feature record: CXX_FEATURE:0cxx_defaulted_functions
    Feature record: CXX_FEATURE:0cxx_defaulted_move_initializers
    Feature record: CXX_FEATURE:0cxx_delegating_constructors
    Feature record: CXX_FEATURE:0cxx_deleted_functions
    Feature record: CXX_FEATURE:0cxx_digit_separators
    Feature record: CXX_FEATURE:0cxx_enum_forward_declarations
    Feature record: CXX_FEATURE:0cxx_explicit_conversions
    Feature record: CXX_FEATURE:0cxx_extended_friend_declarations
    Feature record: CXX_FEATURE:0cxx_extern_templates
    Feature record: CXX_FEATURE:0cxx_final
    Feature record: CXX_FEATURE:0cxx_func_identifier
    Feature record: CXX_FEATURE:0cxx_generalized_initializers
    Feature record: CXX_FEATURE:0cxx_generic_lambdas
    Feature record: CXX_FEATURE:0cxx_inheriting_constructors
    Feature record: CXX_FEATURE:0cxx_inline_namespaces
    Feature record: CXX_FEATURE:0cxx_lambdas
    Feature record: CXX_FEATURE:0cxx_lambda_init_captures
    Feature record: CXX_FEATURE:0cxx_local_type_template_args
    Feature record: CXX_FEATURE:0cxx_long_long_type
    Feature record: CXX_FEATURE:0cxx_noexcept
    Feature record: CXX_FEATURE:0cxx_nonstatic_member_init
    Feature record: CXX_FEATURE:0cxx_nullptr
    Feature record: CXX_FEATURE:0cxx_override
    Feature record: CXX_FEATURE:0cxx_range_for
    Feature record: CXX_FEATURE:0cxx_raw_string_literals
    Feature record: CXX_FEATURE:0cxx_reference_qualified_functions
    Feature record: CXX_FEATURE:0cxx_relaxed_constexpr
    Feature record: CXX_FEATURE:0cxx_return_type_deduction
    Feature record: CXX_FEATURE:0cxx_right_angle_brackets
    Feature record: CXX_FEATURE:0cxx_rvalue_references
    Feature record: CXX_FEATURE:0cxx_sizeof_member
    Feature record: CXX_FEATURE:0cxx_static_assert
    Feature record: CXX_FEATURE:0cxx_strong_enums
    Feature record: CXX_FEATURE:1cxx_template_template_parameters
    Feature record: CXX_FEATURE:0cxx_thread_local
    Feature record: CXX_FEATURE:0cxx_trailing_return_types
    Feature record: CXX_FEATURE:0cxx_unicode_literals
    Feature record: CXX_FEATURE:0cxx_uniform_initialization
    Feature record: CXX_FEATURE:0cxx_unrestricted_unions
    Feature record: CXX_FEATURE:0cxx_user_literals
    Feature record: CXX_FEATURE:0cxx_variable_templates
    Feature record: CXX_FEATURE:0cxx_variadic_macros
    Feature record: CXX_FEATURE:0cxx_variadic_templates
