WARNING:fusesoc.capi1.core:::elf-loader:0 : plusargs section is deprecated and will not be parsed by FuseSoC. Please migrate to parameters
WARNING:fusesoc.capi1.core:::fifo:1.0 : plusargs section is deprecated and will not be parsed by FuseSoC. Please migrate to parameters
WARNING:fusesoc.capi1.core:::wb_intercon:0 : plusargs section is deprecated and will not be parsed by FuseSoC. Please migrate to parameters
WARNING:fusesoc.capi1.core:::wb_intercon:1.0 : plusargs section is deprecated and will not be parsed by FuseSoC. Please migrate to parameters
WARNING:fusesoc.capi1.core:::vlog_tb_utils:0 : plusargs section is deprecated and will not be parsed by FuseSoC. Please migrate to parameters
WARNING:fusesoc.capi1.core:::wb_altera_ddr_wrapper:0 : plusargs section is deprecated and will not be parsed by FuseSoC. Please migrate to parameters
WARNING:fusesoc.capi1.core:::wb_sdram_ctrl:0 : plusargs section is deprecated and will not be parsed by FuseSoC. Please migrate to parameters
WARNING:fusesoc.capi1.core:::stream_utils:1.0 : plusargs section is deprecated and will not be parsed by FuseSoC. Please migrate to parameters
WARNING:fusesoc.capi1.core:::ram_wb:0 : plusargs section is deprecated and will not be parsed by FuseSoC. Please migrate to parameters
INFO:fusesoc.coremanager:Preparing ::limesdr-usb_gw:0
WARNING:fusesoc.edatools.quartus:../src/limesdr-usb_gw_0/ip/avfifo/avalon_FIFO_int_hw.tcla has unknown file type ''
WARNING:fusesoc.edatools.quartus:../src/limesdr-usb_gw_0/ip/avfifo/avalon_FIFO_int_hw2.tcla has unknown file type ''
WARNING:fusesoc.edatools.quartus:../src/limesdr-usb_gw_0/ip/avfifo/avfifo.vhd has unknown file type ''
WARNING:fusesoc.edatools.quartus:../src/limesdr-usb_gw_0/ip/clkctrl/clkctrl.BAK.qsys has unknown file type ''
WARNING:fusesoc.edatools.quartus:../src/limesdr-usb_gw_0/ip/clkctrl/clkctrl.qsys has unknown file type ''
WARNING:fusesoc.edatools.quartus:../src/limesdr-usb_gw_0/ip/clkctrl/clkctrl.sopcinfo has unknown file type ''
WARNING:fusesoc.edatools.quartus:../src/limesdr-usb_gw_0/ip/clkctrl/clkctrl/clkctrl.bsf has unknown file type ''
WARNING:fusesoc.edatools.quartus:../src/limesdr-usb_gw_0/ip/clkctrl/clkctrl/clkctrl.ppf has unknown file type ''
WARNING:fusesoc.edatools.quartus:../src/limesdr-usb_gw_0/ip/clkctrl/clkctrl/clkctrl.spd has unknown file type ''
WARNING:fusesoc.edatools.quartus:../src/limesdr-usb_gw_0/ip/clkctrl/clkctrl/clkctrl_bb.v has unknown file type ''
WARNING:fusesoc.edatools.quartus:../src/limesdr-usb_gw_0/ip/clkctrl/clkctrl/clkctrl_inst.v has unknown file type ''
WARNING:fusesoc.edatools.quartus:../src/limesdr-usb_gw_0/ip/clkctrl/clkctrl/clkctrl_inst.vhd has unknown file type ''
WARNING:fusesoc.edatools.quartus:../src/limesdr-usb_gw_0/ip/clkctrl/clkctrl/synthesis/clkctrl.debuginfo has unknown file type ''
WARNING:fusesoc.edatools.quartus:../src/limesdr-usb_gw_0/ip/clkctrl/clkctrl/synthesis/clkctrl.qip has unknown file type ''
WARNING:fusesoc.edatools.quartus:../src/limesdr-usb_gw_0/ip/clkctrl/clkctrl/synthesis/clkctrl.v has unknown file type ''
WARNING:fusesoc.edatools.quartus:../src/limesdr-usb_gw_0/ip/clkctrl/clkctrl/synthesis/clkctrl.vhd has unknown file type ''
WARNING:fusesoc.edatools.quartus:../src/limesdr-usb_gw_0/ip/clkctrl/clkctrl/synthesis/submodules/clkctrl_altclkctrl_0.v has unknown file type ''
WARNING:fusesoc.edatools.quartus:../src/limesdr-usb_gw_0/ip/ddo/ddrox1.bsf has unknown file type ''
WARNING:fusesoc.edatools.quartus:../src/limesdr-usb_gw_0/ip/ddo/ddrox1.inc has unknown file type ''
WARNING:fusesoc.edatools.quartus:../src/limesdr-usb_gw_0/ip/ddo/ddrox1.ppf has unknown file type ''
WARNING:fusesoc.edatools.quartus:../src/limesdr-usb_gw_0/ip/ddo/ddrox1.qip has unknown file type ''
WARNING:fusesoc.edatools.quartus:../src/limesdr-usb_gw_0/ip/ddo/ddrox1.vhd has unknown file type ''
WARNING:fusesoc.edatools.quartus:../src/limesdr-usb_gw_0/ip/ddo/ddrox13.bsf has unknown file type ''
WARNING:fusesoc.edatools.quartus:../src/limesdr-usb_gw_0/ip/ddo/ddrox13.inc has unknown file type ''
WARNING:fusesoc.edatools.quartus:../src/limesdr-usb_gw_0/ip/ddo/ddrox13.ppf has unknown file type ''
WARNING:fusesoc.edatools.quartus:../src/limesdr-usb_gw_0/ip/ddo/ddrox13.qip has unknown file type ''
WARNING:fusesoc.edatools.quartus:../src/limesdr-usb_gw_0/ip/ddo/ddrox13.vhd has unknown file type ''
WARNING:fusesoc.edatools.quartus:../src/limesdr-usb_gw_0/ip/ddo/ddrox13_inst.vhd has unknown file type ''
WARNING:fusesoc.edatools.quartus:../src/limesdr-usb_gw_0/ip/ddo/ddrox1_inst.vhd has unknown file type ''
WARNING:fusesoc.edatools.quartus:../src/limesdr-usb_gw_0/ip/ddr2/alt_mem_ddrx_addr_cmd.v has unknown file type ''
WARNING:fusesoc.edatools.quartus:../src/limesdr-usb_gw_0/ip/ddr2/alt_mem_ddrx_addr_cmd_wrap.v has unknown file type ''
WARNING:fusesoc.edatools.quartus:../src/limesdr-usb_gw_0/ip/ddr2/alt_mem_ddrx_arbiter.v has unknown file type ''
WARNING:fusesoc.edatools.quartus:../src/limesdr-usb_gw_0/ip/ddr2/alt_mem_ddrx_buffer.v has unknown file type ''
WARNING:fusesoc.edatools.quartus:../src/limesdr-usb_gw_0/ip/ddr2/alt_mem_ddrx_buffer_manager.v has unknown file type ''
WARNING:fusesoc.edatools.quartus:../src/limesdr-usb_gw_0/ip/ddr2/alt_mem_ddrx_burst_gen.v has unknown file type ''
WARNING:fusesoc.edatools.quartus:../src/limesdr-usb_gw_0/ip/ddr2/alt_mem_ddrx_burst_tracking.v has unknown file type ''
WARNING:fusesoc.edatools.quartus:../src/limesdr-usb_gw_0/ip/ddr2/alt_mem_ddrx_cmd_gen.v has unknown file type ''
WARNING:fusesoc.edatools.quartus:../src/limesdr-usb_gw_0/ip/ddr2/alt_mem_ddrx_controller.v has unknown file type ''
WARNING:fusesoc.edatools.quartus:../src/limesdr-usb_gw_0/ip/ddr2/alt_mem_ddrx_controller_st_top.v has unknown file type ''
WARNING:fusesoc.edatools.quartus:../src/limesdr-usb_gw_0/ip/ddr2/alt_mem_ddrx_csr.v has unknown file type ''
WARNING:fusesoc.edatools.quartus:../src/limesdr-usb_gw_0/ip/ddr2/alt_mem_ddrx_dataid_manager.v has unknown file type ''
WARNING:fusesoc.edatools.quartus:../src/limesdr-usb_gw_0/ip/ddr2/alt_mem_ddrx_ddr2_odt_gen.v has unknown file type ''
WARNING:fusesoc.edatools.quartus:../src/limesdr-usb_gw_0/ip/ddr2/alt_mem_ddrx_ddr3_odt_gen.v has unknown file type ''
WARNING:fusesoc.edatools.quartus:../src/limesdr-usb_gw_0/ip/ddr2/alt_mem_ddrx_define.iv has unknown file type ''
WARNING:fusesoc.edatools.quartus:../src/limesdr-usb_gw_0/ip/ddr2/alt_mem_ddrx_ecc_decoder.v has unknown file type ''
WARNING:fusesoc.edatools.quartus:../src/limesdr-usb_gw_0/ip/ddr2/alt_mem_ddrx_ecc_decoder_32_syn.v has unknown file type ''
WARNING:fusesoc.edatools.quartus:../src/limesdr-usb_gw_0/ip/ddr2/alt_mem_ddrx_ecc_decoder_64_syn.v has unknown file type ''
WARNING:fusesoc.edatools.quartus:../src/limesdr-usb_gw_0/ip/ddr2/alt_mem_ddrx_ecc_encoder.v has unknown file type ''
WARNING:fusesoc.edatools.quartus:../src/limesdr-usb_gw_0/ip/ddr2/alt_mem_ddrx_ecc_encoder_32_syn.v has unknown file type ''
WARNING:fusesoc.edatools.quartus:../src/limesdr-usb_gw_0/ip/ddr2/alt_mem_ddrx_ecc_encoder_64_syn.v has unknown file type ''
WARNING:fusesoc.edatools.quartus:../src/limesdr-usb_gw_0/ip/ddr2/alt_mem_ddrx_ecc_encoder_decoder_wrapper.v has unknown file type ''
WARNING:fusesoc.edatools.quartus:../src/limesdr-usb_gw_0/ip/ddr2/alt_mem_ddrx_fifo.v has unknown file type ''
WARNING:fusesoc.edatools.quartus:../src/limesdr-usb_gw_0/ip/ddr2/alt_mem_ddrx_input_if.v has unknown file type ''
WARNING:fusesoc.edatools.quartus:../src/limesdr-usb_gw_0/ip/ddr2/alt_mem_ddrx_list.v has unknown file type ''
WARNING:fusesoc.edatools.quartus:../src/limesdr-usb_gw_0/ip/ddr2/alt_mem_ddrx_lpddr2_addr_cmd.v has unknown file type ''
WARNING:fusesoc.edatools.quartus:../src/limesdr-usb_gw_0/ip/ddr2/alt_mem_ddrx_mm_st_converter.v has unknown file type ''
WARNING:fusesoc.edatools.quartus:../src/limesdr-usb_gw_0/ip/ddr2/alt_mem_ddrx_odt_gen.v has unknown file type ''
WARNING:fusesoc.edatools.quartus:../src/limesdr-usb_gw_0/ip/ddr2/alt_mem_ddrx_rank_timer.v has unknown file type ''
WARNING:fusesoc.edatools.quartus:../src/limesdr-usb_gw_0/ip/ddr2/alt_mem_ddrx_rdata_path.v has unknown file type ''
WARNING:fusesoc.edatools.quartus:../src/limesdr-usb_gw_0/ip/ddr2/alt_mem_ddrx_rdwr_data_tmg.v has unknown file type ''
WARNING:fusesoc.edatools.quartus:../src/limesdr-usb_gw_0/ip/ddr2/alt_mem_ddrx_sideband.v has unknown file type ''
WARNING:fusesoc.edatools.quartus:../src/limesdr-usb_gw_0/ip/ddr2/alt_mem_ddrx_tbp.v has unknown file type ''
WARNING:fusesoc.edatools.quartus:../src/limesdr-usb_gw_0/ip/ddr2/alt_mem_ddrx_timing_param.v has unknown file type ''
WARNING:fusesoc.edatools.quartus:../src/limesdr-usb_gw_0/ip/ddr2/alt_mem_ddrx_wdata_path.v has unknown file type ''
WARNING:fusesoc.edatools.quartus:../src/limesdr-usb_gw_0/ip/ddr2/alt_mem_phy_defines.v has unknown file type ''
WARNING:fusesoc.edatools.quartus:../src/limesdr-usb_gw_0/ip/ddr2/altmemphy-library/auk_ddr_hp_controller.ocp has unknown file type ''
WARNING:fusesoc.edatools.quartus:../src/limesdr-usb_gw_0/ip/ddr2/ddr2.bsf has unknown file type ''
WARNING:fusesoc.edatools.quartus:../src/limesdr-usb_gw_0/ip/ddr2/ddr2.ppf has unknown file type ''
WARNING:fusesoc.edatools.quartus:../src/limesdr-usb_gw_0/ip/ddr2/ddr2.qip has unknown file type ''
WARNING:fusesoc.edatools.quartus:../src/limesdr-usb_gw_0/ip/ddr2/ddr2.vhd has unknown file type ''
WARNING:fusesoc.edatools.quartus:../src/limesdr-usb_gw_0/ip/ddr2/ddr2_advisor.ipa has unknown file type ''
WARNING:fusesoc.edatools.quartus:../src/limesdr-usb_gw_0/ip/ddr2/ddr2_alt_mem_ddrx_controller_top.v has unknown file type ''
WARNING:fusesoc.edatools.quartus:../src/limesdr-usb_gw_0/ip/ddr2/ddr2_controller_phy.vhd has unknown file type ''
WARNING:fusesoc.edatools.quartus:../src/limesdr-usb_gw_0/ip/ddr2/ddr2_ex_lfsr8.vhd has unknown file type ''
WARNING:fusesoc.edatools.quartus:../src/limesdr-usb_gw_0/ip/ddr2/ddr2_example_driver.vhd has unknown file type ''
WARNING:fusesoc.edatools.quartus:../src/limesdr-usb_gw_0/ip/ddr2/ddr2_example_top.sdc has unknown file type ''
WARNING:fusesoc.edatools.quartus:../src/limesdr-usb_gw_0/ip/ddr2/ddr2_example_top.vhd has unknown file type ''
WARNING:fusesoc.edatools.quartus:../src/limesdr-usb_gw_0/ip/ddr2/ddr2_example_top.vhd.tmp2 has unknown file type ''
WARNING:fusesoc.edatools.quartus:../src/limesdr-usb_gw_0/ip/ddr2/ddr2_example_top_1.vhd has unknown file type ''
WARNING:fusesoc.edatools.quartus:../src/limesdr-usb_gw_0/ip/ddr2/ddr2_example_top_2.vhd has unknown file type ''
WARNING:fusesoc.edatools.quartus:../src/limesdr-usb_gw_0/ip/ddr2/ddr2_example_top_3.vhd has unknown file type ''
WARNING:fusesoc.edatools.quartus:../src/limesdr-usb_gw_0/ip/ddr2/ddr2_high_performance_controller-library/auk_ddr_hp_controller.ocp has unknown file type ''
WARNING:fusesoc.edatools.quartus:../src/limesdr-usb_gw_0/ip/ddr2/ddr2_phy.bsf has unknown file type ''
WARNING:fusesoc.edatools.quartus:../src/limesdr-usb_gw_0/ip/ddr2/ddr2_phy.qip has unknown file type ''
WARNING:fusesoc.edatools.quartus:../src/limesdr-usb_gw_0/ip/ddr2/ddr2_phy.vhd has unknown file type ''
WARNING:fusesoc.edatools.quartus:../src/limesdr-usb_gw_0/ip/ddr2/ddr2_phy_alt_mem_phy.v has unknown file type ''
WARNING:fusesoc.edatools.quartus:../src/limesdr-usb_gw_0/ip/ddr2/ddr2_phy_alt_mem_phy_pll.qip has unknown file type ''
WARNING:fusesoc.edatools.quartus:../src/limesdr-usb_gw_0/ip/ddr2/ddr2_phy_alt_mem_phy_pll.vhd has unknown file type ''
WARNING:fusesoc.edatools.quartus:../src/limesdr-usb_gw_0/ip/ddr2/ddr2_phy_alt_mem_phy_seq.vhd has unknown file type ''
WARNING:fusesoc.edatools.quartus:../src/limesdr-usb_gw_0/ip/ddr2/ddr2_phy_alt_mem_phy_seq_wrapper.v has unknown file type ''
WARNING:fusesoc.edatools.quartus:../src/limesdr-usb_gw_0/ip/ddr2/ddr2_phy_ddr_pins.tcl has unknown file type ''
WARNING:fusesoc.edatools.quartus:../src/limesdr-usb_gw_0/ip/ddr2/ddr2_phy_ddr_timing.sdc has unknown file type ''
WARNING:fusesoc.edatools.quartus:../src/limesdr-usb_gw_0/ip/ddr2/ddr2_phy_ddr_timing.tcl has unknown file type ''
WARNING:fusesoc.edatools.quartus:../src/limesdr-usb_gw_0/ip/ddr2/ddr2_phy_report_timing.tcl has unknown file type ''
WARNING:fusesoc.edatools.quartus:../src/limesdr-usb_gw_0/ip/ddr2/ddr2_phy_report_timing_core.tcl has unknown file type ''
WARNING:fusesoc.edatools.quartus:../src/limesdr-usb_gw_0/ip/ddr2/ddr2_pin_assignments.tcl has unknown file type ''
WARNING:fusesoc.edatools.quartus:../src/limesdr-usb_gw_0/ip/ddr2/testbench/ddr2_example_top_tb.vhd has unknown file type ''
WARNING:fusesoc.edatools.quartus:../src/limesdr-usb_gw_0/ip/ddr2/testbench/ddr2_example_top_tb.vhd.tmp has unknown file type ''
WARNING:fusesoc.edatools.quartus:../src/limesdr-usb_gw_0/ip/ddr2/testbench/ddr2_example_top_tb.vhd.tmp2 has unknown file type ''
WARNING:fusesoc.edatools.quartus:../src/limesdr-usb_gw_0/ip/ddr2/testbench/ddr2_example_top_tb_1.vhd has unknown file type ''
WARNING:fusesoc.edatools.quartus:../src/limesdr-usb_gw_0/ip/ddr2/testbench/ddr2_example_top_tb_2.vhd has unknown file type ''
WARNING:fusesoc.edatools.quartus:../src/limesdr-usb_gw_0/ip/ddr2/testbench/ddr2_example_top_tb_3.vhd has unknown file type ''
WARNING:fusesoc.edatools.quartus:../src/limesdr-usb_gw_0/ip/ddr2/testbench/ddr2_full_mem_model.vhd has unknown file type ''
WARNING:fusesoc.edatools.quartus:../src/limesdr-usb_gw_0/ip/ddr2/testbench/ddr2_mem_model.vhd has unknown file type ''
WARNING:fusesoc.edatools.quartus:../src/limesdr-usb_gw_0/ip/ddr2_traffic_gen/ddr2_traffic_gen.BAK.qsys has unknown file type ''
WARNING:fusesoc.edatools.quartus:../src/limesdr-usb_gw_0/ip/ddr2_traffic_gen/ddr2_traffic_gen.qsys has unknown file type ''
WARNING:fusesoc.edatools.quartus:../src/limesdr-usb_gw_0/ip/ddr2_traffic_gen/ddr2_traffic_gen.sopcinfo has unknown file type ''
WARNING:fusesoc.edatools.quartus:../src/limesdr-usb_gw_0/ip/ddr2_traffic_gen/ddr2_traffic_gen/ddr2_traffic_gen.bsf has unknown file type ''
WARNING:fusesoc.edatools.quartus:../src/limesdr-usb_gw_0/ip/ddr2_traffic_gen/ddr2_traffic_gen/ddr2_traffic_gen.ppf has unknown file type ''
WARNING:fusesoc.edatools.quartus:../src/limesdr-usb_gw_0/ip/ddr2_traffic_gen/ddr2_traffic_gen/ddr2_traffic_gen.spd has unknown file type ''
WARNING:fusesoc.edatools.quartus:../src/limesdr-usb_gw_0/ip/ddr2_traffic_gen/ddr2_traffic_gen/ddr2_traffic_gen_bb.v has unknown file type ''
WARNING:fusesoc.edatools.quartus:../src/limesdr-usb_gw_0/ip/ddr2_traffic_gen/ddr2_traffic_gen/ddr2_traffic_gen_inst.v has unknown file type ''
WARNING:fusesoc.edatools.quartus:../src/limesdr-usb_gw_0/ip/ddr2_traffic_gen/ddr2_traffic_gen/ddr2_traffic_gen_inst.vhd has unknown file type ''
WARNING:fusesoc.edatools.quartus:../src/limesdr-usb_gw_0/ip/ddr2_traffic_gen/ddr2_traffic_gen/synthesis/ddr2_traffic_gen.debuginfo has unknown file type ''
WARNING:fusesoc.edatools.quartus:../src/limesdr-usb_gw_0/ip/ddr2_traffic_gen/ddr2_traffic_gen/synthesis/ddr2_traffic_gen.qip has unknown file type ''
WARNING:fusesoc.edatools.quartus:../src/limesdr-usb_gw_0/ip/ddr2_traffic_gen/ddr2_traffic_gen/synthesis/ddr2_traffic_gen.vhd has unknown file type ''
WARNING:fusesoc.edatools.quartus:../src/limesdr-usb_gw_0/ip/ddr2_traffic_gen/ddr2_traffic_gen/synthesis/submodules/addr_gen.sv has unknown file type ''
WARNING:fusesoc.edatools.quartus:../src/limesdr-usb_gw_0/ip/ddr2_traffic_gen/ddr2_traffic_gen/synthesis/submodules/avalon_traffic_gen_avl_use_be_avl_use_burstbegin.sv has unknown file type ''
WARNING:fusesoc.edatools.quartus:../src/limesdr-usb_gw_0/ip/ddr2_traffic_gen/ddr2_traffic_gen/synthesis/submodules/block_rw_stage_avl_use_be_avl_use_burstbegin.sv has unknown file type ''
WARNING:fusesoc.edatools.quartus:../src/limesdr-usb_gw_0/ip/ddr2_traffic_gen/ddr2_traffic_gen/synthesis/submodules/burst_boundary_addr_gen.sv has unknown file type ''
WARNING:fusesoc.edatools.quartus:../src/limesdr-usb_gw_0/ip/ddr2_traffic_gen/ddr2_traffic_gen/synthesis/submodules/ddr2_traffic_gen_mm_traffic_generator_0.v has unknown file type ''
WARNING:fusesoc.edatools.quartus:../src/limesdr-usb_gw_0/ip/ddr2_traffic_gen/ddr2_traffic_gen/synthesis/submodules/driver_avl_use_be_avl_use_burstbegin.sv has unknown file type ''
WARNING:fusesoc.edatools.quartus:../src/limesdr-usb_gw_0/ip/ddr2_traffic_gen/ddr2_traffic_gen/synthesis/submodules/driver_csr.sv has unknown file type ''
WARNING:fusesoc.edatools.quartus:../src/limesdr-usb_gw_0/ip/ddr2_traffic_gen/ddr2_traffic_gen/synthesis/submodules/driver_definitions.sv has unknown file type ''
WARNING:fusesoc.edatools.quartus:../src/limesdr-usb_gw_0/ip/ddr2_traffic_gen/ddr2_traffic_gen/synthesis/submodules/driver_fsm_avl_use_be_avl_use_burstbegin.sv has unknown file type ''
WARNING:fusesoc.edatools.quartus:../src/limesdr-usb_gw_0/ip/ddr2_traffic_gen/ddr2_traffic_gen/synthesis/submodules/lfsr.sv has unknown file type ''
WARNING:fusesoc.edatools.quartus:../src/limesdr-usb_gw_0/ip/ddr2_traffic_gen/ddr2_traffic_gen/synthesis/submodules/lfsr_wrapper.sv has unknown file type ''
WARNING:fusesoc.edatools.quartus:../src/limesdr-usb_gw_0/ip/ddr2_traffic_gen/ddr2_traffic_gen/synthesis/submodules/rand_addr_gen.sv has unknown file type ''
WARNING:fusesoc.edatools.quartus:../src/limesdr-usb_gw_0/ip/ddr2_traffic_gen/ddr2_traffic_gen/synthesis/submodules/rand_burstcount_gen.sv has unknown file type ''
WARNING:fusesoc.edatools.quartus:../src/limesdr-usb_gw_0/ip/ddr2_traffic_gen/ddr2_traffic_gen/synthesis/submodules/rand_num_gen.sv has unknown file type ''
WARNING:fusesoc.edatools.quartus:../src/limesdr-usb_gw_0/ip/ddr2_traffic_gen/ddr2_traffic_gen/synthesis/submodules/rand_seq_addr_gen.sv has unknown file type ''
WARNING:fusesoc.edatools.quartus:../src/limesdr-usb_gw_0/ip/ddr2_traffic_gen/ddr2_traffic_gen/synthesis/submodules/read_compare_avl_use_be_avl_use_burstbegin.sv has unknown file type ''
WARNING:fusesoc.edatools.quartus:../src/limesdr-usb_gw_0/ip/ddr2_traffic_gen/ddr2_traffic_gen/synthesis/submodules/reset_sync.v has unknown file type ''
WARNING:fusesoc.edatools.quartus:../src/limesdr-usb_gw_0/ip/ddr2_traffic_gen/ddr2_traffic_gen/synthesis/submodules/scfifo_wrapper.sv has unknown file type ''
WARNING:fusesoc.edatools.quartus:../src/limesdr-usb_gw_0/ip/ddr2_traffic_gen/ddr2_traffic_gen/synthesis/submodules/seq_addr_gen.sv has unknown file type ''
WARNING:fusesoc.edatools.quartus:../src/limesdr-usb_gw_0/ip/ddr2_traffic_gen/ddr2_traffic_gen/synthesis/submodules/single_rw_stage_avl_use_be_avl_use_burstbegin.sv has unknown file type ''
WARNING:fusesoc.edatools.quartus:../src/limesdr-usb_gw_0/ip/ddr2_traffic_gen/ddr2_traffic_gen/synthesis/submodules/template_addr_gen.sv has unknown file type ''
WARNING:fusesoc.edatools.quartus:../src/limesdr-usb_gw_0/ip/ddr2_traffic_gen/ddr2_traffic_gen/synthesis/submodules/template_stage.sv has unknown file type ''
WARNING:fusesoc.edatools.quartus:../src/limesdr-usb_gw_0/ip/ddri/ddri.bsf has unknown file type ''
WARNING:fusesoc.edatools.quartus:../src/limesdr-usb_gw_0/ip/ddri/ddri.inc has unknown file type ''
WARNING:fusesoc.edatools.quartus:../src/limesdr-usb_gw_0/ip/ddri/ddri.ppf has unknown file type ''
WARNING:fusesoc.edatools.quartus:../src/limesdr-usb_gw_0/ip/ddri/ddri.qip has unknown file type ''
WARNING:fusesoc.edatools.quartus:../src/limesdr-usb_gw_0/ip/ddri/ddri.vhd has unknown file type ''
WARNING:fusesoc.edatools.quartus:../src/limesdr-usb_gw_0/ip/ddri/ddri_inst.vhd has unknown file type ''
WARNING:fusesoc.edatools.quartus:../src/limesdr-usb_gw_0/ip/dec_fifo/decomp_fifo.bsf has unknown file type ''
WARNING:fusesoc.edatools.quartus:../src/limesdr-usb_gw_0/ip/dec_fifo/decomp_fifo.qip has unknown file type ''
WARNING:fusesoc.edatools.quartus:../src/limesdr-usb_gw_0/ip/dec_fifo/decomp_fifo.vhd has unknown file type ''
WARNING:fusesoc.edatools.quartus:../src/limesdr-usb_gw_0/ip/fpga_infifo/fpga_infifo.bsf has unknown file type ''
WARNING:fusesoc.edatools.quartus:../src/limesdr-usb_gw_0/ip/fpga_infifo/fpga_infifo.qip has unknown file type ''
WARNING:fusesoc.edatools.quartus:../src/limesdr-usb_gw_0/ip/fpga_infifo/fpga_infifo.vhd has unknown file type ''
WARNING:fusesoc.edatools.quartus:../src/limesdr-usb_gw_0/ip/fpga_outfifo/fpga_outfifo.bsf has unknown file type ''
WARNING:fusesoc.edatools.quartus:../src/limesdr-usb_gw_0/ip/fpga_outfifo/fpga_outfifo.qip has unknown file type ''
WARNING:fusesoc.edatools.quartus:../src/limesdr-usb_gw_0/ip/fpga_outfifo/fpga_outfifo.vhd has unknown file type ''
WARNING:fusesoc.edatools.quartus:../src/limesdr-usb_gw_0/ip/fpga_pll/fpga_pll.bsf has unknown file type ''
WARNING:fusesoc.edatools.quartus:../src/limesdr-usb_gw_0/ip/fpga_pll/fpga_pll.ppf has unknown file type ''
WARNING:fusesoc.edatools.quartus:../src/limesdr-usb_gw_0/ip/fpga_pll/fpga_pll.qip has unknown file type ''
WARNING:fusesoc.edatools.quartus:../src/limesdr-usb_gw_0/ip/fpga_pll/fpga_pll.vhd has unknown file type ''
WARNING:fusesoc.edatools.quartus:../src/limesdr-usb_gw_0/ip/i2c_opencores_v13/Docs/I2C_tests.c has unknown file type ''
WARNING:fusesoc.edatools.quartus:../src/limesdr-usb_gw_0/ip/i2c_opencores_v13/Docs/i2c_specs.pdf has unknown file type ''
WARNING:fusesoc.edatools.quartus:../src/limesdr-usb_gw_0/ip/i2c_opencores_v13/HAL/inc/i2c_opencores.h has unknown file type ''
WARNING:fusesoc.edatools.quartus:../src/limesdr-usb_gw_0/ip/i2c_opencores_v13/HAL/src/component.mk has unknown file type ''
WARNING:fusesoc.edatools.quartus:../src/limesdr-usb_gw_0/ip/i2c_opencores_v13/HAL/src/i2c_opencores.c has unknown file type ''
WARNING:fusesoc.edatools.quartus:../src/limesdr-usb_gw_0/ip/i2c_opencores_v13/i2c_master_bit_ctrl.v has unknown file type ''
WARNING:fusesoc.edatools.quartus:../src/limesdr-usb_gw_0/ip/i2c_opencores_v13/i2c_master_byte_ctrl.v has unknown file type ''
WARNING:fusesoc.edatools.quartus:../src/limesdr-usb_gw_0/ip/i2c_opencores_v13/i2c_master_defines.v has unknown file type ''
WARNING:fusesoc.edatools.quartus:../src/limesdr-usb_gw_0/ip/i2c_opencores_v13/i2c_master_top.v has unknown file type ''
WARNING:fusesoc.edatools.quartus:../src/limesdr-usb_gw_0/ip/i2c_opencores_v13/i2c_opencores.v has unknown file type ''
WARNING:fusesoc.edatools.quartus:../src/limesdr-usb_gw_0/ip/i2c_opencores_v13/i2c_opencores_hw.tcl has unknown file type ''
WARNING:fusesoc.edatools.quartus:../src/limesdr-usb_gw_0/ip/i2c_opencores_v13/i2c_opencores_hw.tcl~ has unknown file type ''
WARNING:fusesoc.edatools.quartus:../src/limesdr-usb_gw_0/ip/i2c_opencores_v13/i2c_opencores_sw.tcl has unknown file type ''
WARNING:fusesoc.edatools.quartus:../src/limesdr-usb_gw_0/ip/i2c_opencores_v13/inc/i2c_opencores_regs.h has unknown file type ''
WARNING:fusesoc.edatools.quartus:../src/limesdr-usb_gw_0/ip/i2c_opencores_v13/timescale.v has unknown file type ''
WARNING:fusesoc.edatools.quartus:../src/limesdr-usb_gw_0/ip/lpm_counter/lpm_cnt.qip has unknown file type ''
WARNING:fusesoc.edatools.quartus:../src/limesdr-usb_gw_0/ip/lpm_counter/lpm_cnt.vhd has unknown file type ''
WARNING:fusesoc.edatools.quartus:../src/limesdr-usb_gw_0/ip/lpm_counter/lpm_cnt_inst.vhd has unknown file type ''
WARNING:fusesoc.edatools.quartus:../src/limesdr-usb_gw_0/ip/lpm_mux/lpm_mux4.qip has unknown file type ''
WARNING:fusesoc.edatools.quartus:../src/limesdr-usb_gw_0/ip/lpm_mux/lpm_mux4.vhd has unknown file type ''
WARNING:fusesoc.edatools.quartus:../src/limesdr-usb_gw_0/ip/lpm_mux/lpm_mux4_inst.vhd has unknown file type ''
WARNING:fusesoc.edatools.quartus:../src/limesdr-usb_gw_0/ip/pct_trnsf_fifo/pct_trnsf_fifo.qip has unknown file type ''
WARNING:fusesoc.edatools.quartus:../src/limesdr-usb_gw_0/ip/pct_trnsf_fifo/pct_trnsf_fifo.vhd has unknown file type ''
WARNING:fusesoc.edatools.quartus:../src/limesdr-usb_gw_0/ip/pll/pll.bsf has unknown file type ''
WARNING:fusesoc.edatools.quartus:../src/limesdr-usb_gw_0/ip/pll/pll.mif has unknown file type ''
WARNING:fusesoc.edatools.quartus:../src/limesdr-usb_gw_0/ip/pll/pll.ppf has unknown file type ''
WARNING:fusesoc.edatools.quartus:../src/limesdr-usb_gw_0/ip/pll/pll.qip has unknown file type ''
WARNING:fusesoc.edatools.quartus:../src/limesdr-usb_gw_0/ip/pll/pll.vhd has unknown file type ''
WARNING:fusesoc.edatools.quartus:../src/limesdr-usb_gw_0/ip/pll_reconfig_module/pll_reconfig_module.bsf has unknown file type ''
WARNING:fusesoc.edatools.quartus:../src/limesdr-usb_gw_0/ip/pll_reconfig_module/pll_reconfig_module.qip has unknown file type ''
WARNING:fusesoc.edatools.quartus:../src/limesdr-usb_gw_0/ip/pll_reconfig_module/pll_reconfig_module.vhd has unknown file type ''
WARNING:fusesoc.edatools.quartus:../src/limesdr-usb_gw_0/ip/sfl/Serial_flash_loader.qsys has unknown file type ''
WARNING:fusesoc.edatools.quartus:../src/limesdr-usb_gw_0/ip/sfl/Serial_flash_loader.sopcinfo has unknown file type ''
WARNING:fusesoc.edatools.quartus:../src/limesdr-usb_gw_0/ip/sfl/Serial_flash_loader/synthesis/Serial_flash_loader.debuginfo has unknown file type ''
WARNING:fusesoc.edatools.quartus:../src/limesdr-usb_gw_0/ip/sfl/Serial_flash_loader/synthesis/Serial_flash_loader.qip has unknown file type ''
WARNING:fusesoc.edatools.quartus:../src/limesdr-usb_gw_0/ip/sfl/Serial_flash_loader/synthesis/Serial_flash_loader.v has unknown file type ''
WARNING:fusesoc.edatools.quartus:../src/limesdr-usb_gw_0/ip/sfl/Serial_flash_loader/synthesis/submodules/altera_serial_flash_loader.v has unknown file type ''
WARNING:fusesoc.edatools.quartus:../src/limesdr-usb_gw_0/ip/smplnr_sync_fifo/smplnr_sync_fifo.qip has unknown file type ''
WARNING:fusesoc.edatools.quartus:../src/limesdr-usb_gw_0/ip/smplnr_sync_fifo/smplnr_sync_fifo.vhd has unknown file type ''
WARNING:fusesoc.edatools.quartus:../src/limesdr-usb_gw_0/ip/tx_outfifo_mimo/tx_outfifo_16_to_32.qip has unknown file type ''
WARNING:fusesoc.edatools.quartus:../src/limesdr-usb_gw_0/ip/tx_outfifo_mimo/tx_outfifo_16_to_32.vhd has unknown file type ''
WARNING:fusesoc.edatools.quartus:../src/limesdr-usb_gw_0/ip/txpll/txpll.bsf has unknown file type ''
WARNING:fusesoc.edatools.quartus:../src/limesdr-usb_gw_0/ip/txpll/txpll.mif has unknown file type ''
WARNING:fusesoc.edatools.quartus:../src/limesdr-usb_gw_0/ip/txpll/txpll.ppf has unknown file type ''
WARNING:fusesoc.edatools.quartus:../src/limesdr-usb_gw_0/ip/txpll/txpll.qip has unknown file type ''
WARNING:fusesoc.edatools.quartus:../src/limesdr-usb_gw_0/ip/txpll/txpll.vhd has unknown file type ''
WARNING:fusesoc.edatools.quartus:../src/limesdr-usb_gw_0/lms_ctr/lms_ctr.bsf has unknown file type ''
WARNING:fusesoc.edatools.quartus:../src/limesdr-usb_gw_0/lms_ctr/lms_ctr_bb.v has unknown file type ''
WARNING:fusesoc.edatools.quartus:../src/limesdr-usb_gw_0/lms_ctr/lms_ctr_inst.v has unknown file type ''
WARNING:fusesoc.edatools.quartus:../src/limesdr-usb_gw_0/lms_ctr/lms_ctr_inst.vhd has unknown file type ''
WARNING:fusesoc.edatools.quartus:../src/limesdr-usb_gw_0/lms_ctr/synthesis/lms_ctr.debuginfo has unknown file type ''
WARNING:fusesoc.edatools.quartus:../src/limesdr-usb_gw_0/lms_ctr/synthesis/lms_ctr.qip has unknown file type ''
WARNING:fusesoc.edatools.quartus:../src/limesdr-usb_gw_0/lms_ctr/synthesis/lms_ctr.regmap has unknown file type ''
WARNING:fusesoc.edatools.quartus:../src/limesdr-usb_gw_0/lms_ctr/synthesis/lms_ctr.vhd has unknown file type ''
WARNING:fusesoc.edatools.quartus:../src/limesdr-usb_gw_0/lms_ctr/synthesis/submodules/altera_avalon_sc_fifo.v has unknown file type ''
WARNING:fusesoc.edatools.quartus:../src/limesdr-usb_gw_0/lms_ctr/synthesis/submodules/altera_customins_master_translator.v has unknown file type ''
WARNING:fusesoc.edatools.quartus:../src/limesdr-usb_gw_0/lms_ctr/synthesis/submodules/altera_customins_slave_translator.sv has unknown file type ''
WARNING:fusesoc.edatools.quartus:../src/limesdr-usb_gw_0/lms_ctr/synthesis/submodules/altera_merlin_arbitrator.sv has unknown file type ''
WARNING:fusesoc.edatools.quartus:../src/limesdr-usb_gw_0/lms_ctr/synthesis/submodules/altera_merlin_burst_uncompressor.sv has unknown file type ''
WARNING:fusesoc.edatools.quartus:../src/limesdr-usb_gw_0/lms_ctr/synthesis/submodules/altera_merlin_master_agent.sv has unknown file type ''
WARNING:fusesoc.edatools.quartus:../src/limesdr-usb_gw_0/lms_ctr/synthesis/submodules/altera_merlin_master_translator.sv has unknown file type ''
WARNING:fusesoc.edatools.quartus:../src/limesdr-usb_gw_0/lms_ctr/synthesis/submodules/altera_merlin_slave_agent.sv has unknown file type ''
WARNING:fusesoc.edatools.quartus:../src/limesdr-usb_gw_0/lms_ctr/synthesis/submodules/altera_merlin_slave_translator.sv has unknown file type ''
WARNING:fusesoc.edatools.quartus:../src/limesdr-usb_gw_0/lms_ctr/synthesis/submodules/altera_reset_controller.sdc has unknown file type ''
WARNING:fusesoc.edatools.quartus:../src/limesdr-usb_gw_0/lms_ctr/synthesis/submodules/altera_reset_controller.v has unknown file type ''
WARNING:fusesoc.edatools.quartus:../src/limesdr-usb_gw_0/lms_ctr/synthesis/submodules/altera_reset_synchronizer.v has unknown file type ''
WARNING:fusesoc.edatools.quartus:../src/limesdr-usb_gw_0/lms_ctr/synthesis/submodules/avfifo.vhd has unknown file type ''
WARNING:fusesoc.edatools.quartus:../src/limesdr-usb_gw_0/lms_ctr/synthesis/submodules/bitswap_qsys.v has unknown file type ''
WARNING:fusesoc.edatools.quartus:../src/limesdr-usb_gw_0/lms_ctr/synthesis/submodules/i2c_master_bit_ctrl.v has unknown file type ''
WARNING:fusesoc.edatools.quartus:../src/limesdr-usb_gw_0/lms_ctr/synthesis/submodules/i2c_master_byte_ctrl.v has unknown file type ''
WARNING:fusesoc.edatools.quartus:../src/limesdr-usb_gw_0/lms_ctr/synthesis/submodules/i2c_master_defines.v has unknown file type ''
WARNING:fusesoc.edatools.quartus:../src/limesdr-usb_gw_0/lms_ctr/synthesis/submodules/i2c_master_top.v has unknown file type ''
WARNING:fusesoc.edatools.quartus:../src/limesdr-usb_gw_0/lms_ctr/synthesis/submodules/i2c_opencores.v has unknown file type ''
WARNING:fusesoc.edatools.quartus:../src/limesdr-usb_gw_0/lms_ctr/synthesis/submodules/lms_ctr_irq_mapper.sv has unknown file type ''
WARNING:fusesoc.edatools.quartus:../src/limesdr-usb_gw_0/lms_ctr/synthesis/submodules/lms_ctr_leds.v has unknown file type ''
WARNING:fusesoc.edatools.quartus:../src/limesdr-usb_gw_0/lms_ctr/synthesis/submodules/lms_ctr_lms_ctr_gpio.v has unknown file type ''
WARNING:fusesoc.edatools.quartus:../src/limesdr-usb_gw_0/lms_ctr/synthesis/submodules/lms_ctr_mm_interconnect_0.v has unknown file type ''
WARNING:fusesoc.edatools.quartus:../src/limesdr-usb_gw_0/lms_ctr/synthesis/submodules/lms_ctr_mm_interconnect_0_avalon_st_adapter.v has unknown file type ''
WARNING:fusesoc.edatools.quartus:../src/limesdr-usb_gw_0/lms_ctr/synthesis/submodules/lms_ctr_mm_interconnect_0_avalon_st_adapter_error_adapter_0.sv has unknown file type ''
WARNING:fusesoc.edatools.quartus:../src/limesdr-usb_gw_0/lms_ctr/synthesis/submodules/lms_ctr_mm_interconnect_0_cmd_demux.sv has unknown file type ''
WARNING:fusesoc.edatools.quartus:../src/limesdr-usb_gw_0/lms_ctr/synthesis/submodules/lms_ctr_mm_interconnect_0_cmd_demux_001.sv has unknown file type ''
WARNING:fusesoc.edatools.quartus:../src/limesdr-usb_gw_0/lms_ctr/synthesis/submodules/lms_ctr_mm_interconnect_0_cmd_mux.sv has unknown file type ''
WARNING:fusesoc.edatools.quartus:../src/limesdr-usb_gw_0/lms_ctr/synthesis/submodules/lms_ctr_mm_interconnect_0_cmd_mux_002.sv has unknown file type ''
WARNING:fusesoc.edatools.quartus:../src/limesdr-usb_gw_0/lms_ctr/synthesis/submodules/lms_ctr_mm_interconnect_0_cmd_mux_003.sv has unknown file type ''
WARNING:fusesoc.edatools.quartus:../src/limesdr-usb_gw_0/lms_ctr/synthesis/submodules/lms_ctr_mm_interconnect_0_router.sv has unknown file type ''
WARNING:fusesoc.edatools.quartus:../src/limesdr-usb_gw_0/lms_ctr/synthesis/submodules/lms_ctr_mm_interconnect_0_router_001.sv has unknown file type ''
WARNING:fusesoc.edatools.quartus:../src/limesdr-usb_gw_0/lms_ctr/synthesis/submodules/lms_ctr_mm_interconnect_0_router_002.sv has unknown file type ''
WARNING:fusesoc.edatools.quartus:../src/limesdr-usb_gw_0/lms_ctr/synthesis/submodules/lms_ctr_mm_interconnect_0_router_004.sv has unknown file type ''
WARNING:fusesoc.edatools.quartus:../src/limesdr-usb_gw_0/lms_ctr/synthesis/submodules/lms_ctr_mm_interconnect_0_router_005.sv has unknown file type ''
WARNING:fusesoc.edatools.quartus:../src/limesdr-usb_gw_0/lms_ctr/synthesis/submodules/lms_ctr_mm_interconnect_0_rsp_demux.sv has unknown file type ''
WARNING:fusesoc.edatools.quartus:../src/limesdr-usb_gw_0/lms_ctr/synthesis/submodules/lms_ctr_mm_interconnect_0_rsp_mux.sv has unknown file type ''
WARNING:fusesoc.edatools.quartus:../src/limesdr-usb_gw_0/lms_ctr/synthesis/submodules/lms_ctr_mm_interconnect_0_rsp_mux_001.sv has unknown file type ''
WARNING:fusesoc.edatools.quartus:../src/limesdr-usb_gw_0/lms_ctr/synthesis/submodules/lms_ctr_nios2_cpu.v has unknown file type ''
WARNING:fusesoc.edatools.quartus:../src/limesdr-usb_gw_0/lms_ctr/synthesis/submodules/lms_ctr_nios2_cpu_cpu.sdc has unknown file type ''
WARNING:fusesoc.edatools.quartus:../src/limesdr-usb_gw_0/lms_ctr/synthesis/submodules/lms_ctr_nios2_cpu_cpu.v has unknown file type ''
WARNING:fusesoc.edatools.quartus:../src/limesdr-usb_gw_0/lms_ctr/synthesis/submodules/lms_ctr_nios2_cpu_cpu_debug_slave_sysclk.v has unknown file type ''
WARNING:fusesoc.edatools.quartus:../src/limesdr-usb_gw_0/lms_ctr/synthesis/submodules/lms_ctr_nios2_cpu_cpu_debug_slave_tck.v has unknown file type ''
WARNING:fusesoc.edatools.quartus:../src/limesdr-usb_gw_0/lms_ctr/synthesis/submodules/lms_ctr_nios2_cpu_cpu_debug_slave_wrapper.v has unknown file type ''
WARNING:fusesoc.edatools.quartus:../src/limesdr-usb_gw_0/lms_ctr/synthesis/submodules/lms_ctr_nios2_cpu_cpu_ociram_default_contents.mif has unknown file type ''
WARNING:fusesoc.edatools.quartus:../src/limesdr-usb_gw_0/lms_ctr/synthesis/submodules/lms_ctr_nios2_cpu_cpu_rf_ram_a.mif has unknown file type ''
WARNING:fusesoc.edatools.quartus:../src/limesdr-usb_gw_0/lms_ctr/synthesis/submodules/lms_ctr_nios2_cpu_cpu_rf_ram_b.mif has unknown file type ''
WARNING:fusesoc.edatools.quartus:../src/limesdr-usb_gw_0/lms_ctr/synthesis/submodules/lms_ctr_nios2_cpu_cpu_test_bench.v has unknown file type ''
WARNING:fusesoc.edatools.quartus:../src/limesdr-usb_gw_0/lms_ctr/synthesis/submodules/lms_ctr_nios2_cpu_custom_instruction_master_comb_xconnect.sv has unknown file type ''
WARNING:fusesoc.edatools.quartus:../src/limesdr-usb_gw_0/lms_ctr/synthesis/submodules/lms_ctr_oc_mem.hex has unknown file type ''
WARNING:fusesoc.edatools.quartus:../src/limesdr-usb_gw_0/lms_ctr/synthesis/submodules/lms_ctr_oc_mem.v has unknown file type ''
WARNING:fusesoc.edatools.quartus:../src/limesdr-usb_gw_0/lms_ctr/synthesis/submodules/lms_ctr_spi_1.v has unknown file type ''
WARNING:fusesoc.edatools.quartus:../src/limesdr-usb_gw_0/lms_ctr/synthesis/submodules/lms_ctr_spi_1_ADF.v has unknown file type ''
WARNING:fusesoc.edatools.quartus:../src/limesdr-usb_gw_0/lms_ctr/synthesis/submodules/lms_ctr_spi_1_ADF4002.v has unknown file type ''
WARNING:fusesoc.edatools.quartus:../src/limesdr-usb_gw_0/lms_ctr/synthesis/submodules/lms_ctr_spi_1_DAC.v has unknown file type ''
WARNING:fusesoc.edatools.quartus:../src/limesdr-usb_gw_0/lms_ctr/synthesis/submodules/lms_ctr_spi_FPGA_AS.v has unknown file type ''
WARNING:fusesoc.edatools.quartus:../src/limesdr-usb_gw_0/lms_ctr/synthesis/submodules/lms_ctr_spi_lms.v has unknown file type ''
WARNING:fusesoc.edatools.quartus:../src/limesdr-usb_gw_0/lms_ctr/synthesis/submodules/lms_ctr_switch.v has unknown file type ''
WARNING:fusesoc.edatools.quartus:../src/limesdr-usb_gw_0/lms_ctr/synthesis/submodules/lms_ctr_sysid_qsys_0.v has unknown file type ''
WARNING:fusesoc.edatools.quartus:../src/limesdr-usb_gw_0/lms_ctr/synthesis/submodules/lms_ctr_uart.v has unknown file type ''
WARNING:fusesoc.edatools.quartus:../src/limesdr-usb_gw_0/lms_ctr/synthesis/submodules/timescale.v has unknown file type ''
WARNING:fusesoc.edatools.quartus:../src/limesdr-usb_gw_0/software/lms_ctr_app.7z has unknown file type ''
WARNING:fusesoc.edatools.quartus:../src/limesdr-usb_gw_0/software/lms_ctr_app/.cproject has unknown file type ''
WARNING:fusesoc.edatools.quartus:../src/limesdr-usb_gw_0/software/lms_ctr_app/.force_relink has unknown file type ''
WARNING:fusesoc.edatools.quartus:../src/limesdr-usb_gw_0/software/lms_ctr_app/.project has unknown file type ''
WARNING:fusesoc.edatools.quartus:../src/limesdr-usb_gw_0/software/lms_ctr_app/.settings/org.eclipse.cdt.codan.core.prefs has unknown file type ''
WARNING:fusesoc.edatools.quartus:../src/limesdr-usb_gw_0/software/lms_ctr_app/LMS64C_protocol.h has unknown file type ''
WARNING:fusesoc.edatools.quartus:../src/limesdr-usb_gw_0/software/lms_ctr_app/Makefile has unknown file type ''
WARNING:fusesoc.edatools.quartus:../src/limesdr-usb_gw_0/software/lms_ctr_app/cyu3error.h has unknown file type ''
WARNING:fusesoc.edatools.quartus:../src/limesdr-usb_gw_0/software/lms_ctr_app/i2c_opencores.c has unknown file type ''
WARNING:fusesoc.edatools.quartus:../src/limesdr-usb_gw_0/software/lms_ctr_app/i2c_opencores.h has unknown file type ''
WARNING:fusesoc.edatools.quartus:../src/limesdr-usb_gw_0/software/lms_ctr_app/i2c_opencores_regs.h has unknown file type ''
WARNING:fusesoc.edatools.quartus:../src/limesdr-usb_gw_0/software/lms_ctr_app/lms_ctr_app.elf has unknown file type ''
WARNING:fusesoc.edatools.quartus:../src/limesdr-usb_gw_0/software/lms_ctr_app/lms_ctr_app.map has unknown file type ''
WARNING:fusesoc.edatools.quartus:../src/limesdr-usb_gw_0/software/lms_ctr_app/lms_ctr_app.objdump has unknown file type ''
WARNING:fusesoc.edatools.quartus:../src/limesdr-usb_gw_0/software/lms_ctr_app/main.c has unknown file type ''
WARNING:fusesoc.edatools.quartus:../src/limesdr-usb_gw_0/software/lms_ctr_app/mem_init/hdl_sim/lms_ctr_oc_mem.sym has unknown file type ''
WARNING:fusesoc.edatools.quartus:../src/limesdr-usb_gw_0/software/lms_ctr_app/mem_init/lms_ctr_oc_mem.hex has unknown file type ''
WARNING:fusesoc.edatools.quartus:../src/limesdr-usb_gw_0/software/lms_ctr_app/mem_init/meminit.qip has unknown file type ''
WARNING:fusesoc.edatools.quartus:../src/limesdr-usb_gw_0/software/lms_ctr_app/mem_init/meminit.spd has unknown file type ''
WARNING:fusesoc.edatools.quartus:../src/limesdr-usb_gw_0/software/lms_ctr_app/obj/default/i2c_opencores.d has unknown file type ''
WARNING:fusesoc.edatools.quartus:../src/limesdr-usb_gw_0/software/lms_ctr_app/obj/default/i2c_opencores.o has unknown file type ''
WARNING:fusesoc.edatools.quartus:../src/limesdr-usb_gw_0/software/lms_ctr_app/obj/default/main.d has unknown file type ''
WARNING:fusesoc.edatools.quartus:../src/limesdr-usb_gw_0/software/lms_ctr_app/obj/default/main.o has unknown file type ''
WARNING:fusesoc.edatools.quartus:../src/limesdr-usb_gw_0/software/lms_ctr_app/obj/default/spi_flash_lib.d has unknown file type ''
WARNING:fusesoc.edatools.quartus:../src/limesdr-usb_gw_0/software/lms_ctr_app/obj/default/spi_flash_lib.o has unknown file type ''
WARNING:fusesoc.edatools.quartus:../src/limesdr-usb_gw_0/software/lms_ctr_app/sodera_pcie_brd_v1r0.h has unknown file type ''
WARNING:fusesoc.edatools.quartus:../src/limesdr-usb_gw_0/software/lms_ctr_app/spi_flash_lib.c has unknown file type ''
WARNING:fusesoc.edatools.quartus:../src/limesdr-usb_gw_0/software/lms_ctr_app/spi_flash_lib.h has unknown file type ''
WARNING:fusesoc.edatools.quartus:../src/limesdr-usb_gw_0/software/lms_ctr_bsp/.cproject has unknown file type ''
WARNING:fusesoc.edatools.quartus:../src/limesdr-usb_gw_0/software/lms_ctr_bsp/.force_relink has unknown file type ''
WARNING:fusesoc.edatools.quartus:../src/limesdr-usb_gw_0/software/lms_ctr_bsp/.project has unknown file type ''
WARNING:fusesoc.edatools.quartus:../src/limesdr-usb_gw_0/software/lms_ctr_bsp/HAL/inc/alt_types.h has unknown file type ''
WARNING:fusesoc.edatools.quartus:../src/limesdr-usb_gw_0/software/lms_ctr_bsp/HAL/inc/altera_nios2_gen2_irq.h has unknown file type ''
WARNING:fusesoc.edatools.quartus:../src/limesdr-usb_gw_0/software/lms_ctr_bsp/HAL/inc/io.h has unknown file type ''
WARNING:fusesoc.edatools.quartus:../src/limesdr-usb_gw_0/software/lms_ctr_bsp/HAL/inc/nios2.h has unknown file type ''
WARNING:fusesoc.edatools.quartus:../src/limesdr-usb_gw_0/software/lms_ctr_bsp/HAL/inc/os/alt_flag.h has unknown file type ''
WARNING:fusesoc.edatools.quartus:../src/limesdr-usb_gw_0/software/lms_ctr_bsp/HAL/inc/os/alt_hooks.h has unknown file type ''
WARNING:fusesoc.edatools.quartus:../src/limesdr-usb_gw_0/software/lms_ctr_bsp/HAL/inc/os/alt_sem.h has unknown file type ''
WARNING:fusesoc.edatools.quartus:../src/limesdr-usb_gw_0/software/lms_ctr_bsp/HAL/inc/os/alt_syscall.h has unknown file type ''
WARNING:fusesoc.edatools.quartus:../src/limesdr-usb_gw_0/software/lms_ctr_bsp/HAL/inc/priv/alt_alarm.h has unknown file type ''
WARNING:fusesoc.edatools.quartus:../src/limesdr-usb_gw_0/software/lms_ctr_bsp/HAL/inc/priv/alt_busy_sleep.h has unknown file type ''
WARNING:fusesoc.edatools.quartus:../src/limesdr-usb_gw_0/software/lms_ctr_bsp/HAL/inc/priv/alt_dev_llist.h has unknown file type ''
WARNING:fusesoc.edatools.quartus:../src/limesdr-usb_gw_0/software/lms_ctr_bsp/HAL/inc/priv/alt_exception_handler_registry.h has unknown file type ''
WARNING:fusesoc.edatools.quartus:../src/limesdr-usb_gw_0/software/lms_ctr_bsp/HAL/inc/priv/alt_file.h has unknown file type ''
WARNING:fusesoc.edatools.quartus:../src/limesdr-usb_gw_0/software/lms_ctr_bsp/HAL/inc/priv/alt_iic_isr_register.h has unknown file type ''
WARNING:fusesoc.edatools.quartus:../src/limesdr-usb_gw_0/software/lms_ctr_bsp/HAL/inc/priv/alt_irq_table.h has unknown file type ''
WARNING:fusesoc.edatools.quartus:../src/limesdr-usb_gw_0/software/lms_ctr_bsp/HAL/inc/priv/alt_legacy_irq.h has unknown file type ''
WARNING:fusesoc.edatools.quartus:../src/limesdr-usb_gw_0/software/lms_ctr_bsp/HAL/inc/priv/alt_no_error.h has unknown file type ''
WARNING:fusesoc.edatools.quartus:../src/limesdr-usb_gw_0/software/lms_ctr_bsp/HAL/inc/priv/nios2_gmon_data.h has unknown file type ''
WARNING:fusesoc.edatools.quartus:../src/limesdr-usb_gw_0/software/lms_ctr_bsp/HAL/inc/sys/alt_alarm.h has unknown file type ''
WARNING:fusesoc.edatools.quartus:../src/limesdr-usb_gw_0/software/lms_ctr_bsp/HAL/inc/sys/alt_cache.h has unknown file type ''
WARNING:fusesoc.edatools.quartus:../src/limesdr-usb_gw_0/software/lms_ctr_bsp/HAL/inc/sys/alt_debug.h has unknown file type ''
WARNING:fusesoc.edatools.quartus:../src/limesdr-usb_gw_0/software/lms_ctr_bsp/HAL/inc/sys/alt_dev.h has unknown file type ''
WARNING:fusesoc.edatools.quartus:../src/limesdr-usb_gw_0/software/lms_ctr_bsp/HAL/inc/sys/alt_dma.h has unknown file type ''
WARNING:fusesoc.edatools.quartus:../src/limesdr-usb_gw_0/software/lms_ctr_bsp/HAL/inc/sys/alt_dma_dev.h has unknown file type ''
WARNING:fusesoc.edatools.quartus:../src/limesdr-usb_gw_0/software/lms_ctr_bsp/HAL/inc/sys/alt_driver.h has unknown file type ''
WARNING:fusesoc.edatools.quartus:../src/limesdr-usb_gw_0/software/lms_ctr_bsp/HAL/inc/sys/alt_errno.h has unknown file type ''
WARNING:fusesoc.edatools.quartus:../src/limesdr-usb_gw_0/software/lms_ctr_bsp/HAL/inc/sys/alt_exceptions.h has unknown file type ''
WARNING:fusesoc.edatools.quartus:../src/limesdr-usb_gw_0/software/lms_ctr_bsp/HAL/inc/sys/alt_flash.h has unknown file type ''
WARNING:fusesoc.edatools.quartus:../src/limesdr-usb_gw_0/software/lms_ctr_bsp/HAL/inc/sys/alt_flash_dev.h has unknown file type ''
WARNING:fusesoc.edatools.quartus:../src/limesdr-usb_gw_0/software/lms_ctr_bsp/HAL/inc/sys/alt_flash_types.h has unknown file type ''
WARNING:fusesoc.edatools.quartus:../src/limesdr-usb_gw_0/software/lms_ctr_bsp/HAL/inc/sys/alt_irq.h has unknown file type ''
WARNING:fusesoc.edatools.quartus:../src/limesdr-usb_gw_0/software/lms_ctr_bsp/HAL/inc/sys/alt_irq_entry.h has unknown file type ''
WARNING:fusesoc.edatools.quartus:../src/limesdr-usb_gw_0/software/lms_ctr_bsp/HAL/inc/sys/alt_license_reminder_ucosii.h has unknown file type ''
WARNING:fusesoc.edatools.quartus:../src/limesdr-usb_gw_0/software/lms_ctr_bsp/HAL/inc/sys/alt_llist.h has unknown file type ''
WARNING:fusesoc.edatools.quartus:../src/limesdr-usb_gw_0/software/lms_ctr_bsp/HAL/inc/sys/alt_load.h has unknown file type ''
WARNING:fusesoc.edatools.quartus:../src/limesdr-usb_gw_0/software/lms_ctr_bsp/HAL/inc/sys/alt_log_printf.h has unknown file type ''
WARNING:fusesoc.edatools.quartus:../src/limesdr-usb_gw_0/software/lms_ctr_bsp/HAL/inc/sys/alt_set_args.h has unknown file type ''
WARNING:fusesoc.edatools.quartus:../src/limesdr-usb_gw_0/software/lms_ctr_bsp/HAL/inc/sys/alt_sim.h has unknown file type ''
WARNING:fusesoc.edatools.quartus:../src/limesdr-usb_gw_0/software/lms_ctr_bsp/HAL/inc/sys/alt_stack.h has unknown file type ''
WARNING:fusesoc.edatools.quartus:../src/limesdr-usb_gw_0/software/lms_ctr_bsp/HAL/inc/sys/alt_stdio.h has unknown file type ''
WARNING:fusesoc.edatools.quartus:../src/limesdr-usb_gw_0/software/lms_ctr_bsp/HAL/inc/sys/alt_sys_init.h has unknown file type ''
WARNING:fusesoc.edatools.quartus:../src/limesdr-usb_gw_0/software/lms_ctr_bsp/HAL/inc/sys/alt_sys_wrappers.h has unknown file type ''
WARNING:fusesoc.edatools.quartus:../src/limesdr-usb_gw_0/software/lms_ctr_bsp/HAL/inc/sys/alt_timestamp.h has unknown file type ''
WARNING:fusesoc.edatools.quartus:../src/limesdr-usb_gw_0/software/lms_ctr_bsp/HAL/inc/sys/alt_warning.h has unknown file type ''
WARNING:fusesoc.edatools.quartus:../src/limesdr-usb_gw_0/software/lms_ctr_bsp/HAL/inc/sys/ioctl.h has unknown file type ''
WARNING:fusesoc.edatools.quartus:../src/limesdr-usb_gw_0/software/lms_ctr_bsp/HAL/inc/sys/termios.h has unknown file type ''
WARNING:fusesoc.edatools.quartus:../src/limesdr-usb_gw_0/software/lms_ctr_bsp/HAL/src/alt_alarm_start.c has unknown file type ''
WARNING:fusesoc.edatools.quartus:../src/limesdr-usb_gw_0/software/lms_ctr_bsp/HAL/src/alt_busy_sleep.c has unknown file type ''
WARNING:fusesoc.edatools.quartus:../src/limesdr-usb_gw_0/software/lms_ctr_bsp/HAL/src/alt_close.c has unknown file type ''
WARNING:fusesoc.edatools.quartus:../src/limesdr-usb_gw_0/software/lms_ctr_bsp/HAL/src/alt_dcache_flush.c has unknown file type ''
WARNING:fusesoc.edatools.quartus:../src/limesdr-usb_gw_0/software/lms_ctr_bsp/HAL/src/alt_dcache_flush_all.c has unknown file type ''
WARNING:fusesoc.edatools.quartus:../src/limesdr-usb_gw_0/software/lms_ctr_bsp/HAL/src/alt_dcache_flush_no_writeback.c has unknown file type ''
WARNING:fusesoc.edatools.quartus:../src/limesdr-usb_gw_0/software/lms_ctr_bsp/HAL/src/alt_dev.c has unknown file type ''
WARNING:fusesoc.edatools.quartus:../src/limesdr-usb_gw_0/software/lms_ctr_bsp/HAL/src/alt_dev_llist_insert.c has unknown file type ''
WARNING:fusesoc.edatools.quartus:../src/limesdr-usb_gw_0/software/lms_ctr_bsp/HAL/src/alt_dma_rxchan_open.c has unknown file type ''
WARNING:fusesoc.edatools.quartus:../src/limesdr-usb_gw_0/software/lms_ctr_bsp/HAL/src/alt_dma_txchan_open.c has unknown file type ''
WARNING:fusesoc.edatools.quartus:../src/limesdr-usb_gw_0/software/lms_ctr_bsp/HAL/src/alt_do_ctors.c has unknown file type ''
WARNING:fusesoc.edatools.quartus:../src/limesdr-usb_gw_0/software/lms_ctr_bsp/HAL/src/alt_do_dtors.c has unknown file type ''
WARNING:fusesoc.edatools.quartus:../src/limesdr-usb_gw_0/software/lms_ctr_bsp/HAL/src/alt_ecc_fatal_entry.S has unknown file type ''
WARNING:fusesoc.edatools.quartus:../src/limesdr-usb_gw_0/software/lms_ctr_bsp/HAL/src/alt_ecc_fatal_exception.c has unknown file type ''
WARNING:fusesoc.edatools.quartus:../src/limesdr-usb_gw_0/software/lms_ctr_bsp/HAL/src/alt_env_lock.c has unknown file type ''
WARNING:fusesoc.edatools.quartus:../src/limesdr-usb_gw_0/software/lms_ctr_bsp/HAL/src/alt_environ.c has unknown file type ''
WARNING:fusesoc.edatools.quartus:../src/limesdr-usb_gw_0/software/lms_ctr_bsp/HAL/src/alt_errno.c has unknown file type ''
WARNING:fusesoc.edatools.quartus:../src/limesdr-usb_gw_0/software/lms_ctr_bsp/HAL/src/alt_exception_entry.S has unknown file type ''
WARNING:fusesoc.edatools.quartus:../src/limesdr-usb_gw_0/software/lms_ctr_bsp/HAL/src/alt_exception_muldiv.S has unknown file type ''
WARNING:fusesoc.edatools.quartus:../src/limesdr-usb_gw_0/software/lms_ctr_bsp/HAL/src/alt_exception_trap.S has unknown file type ''
WARNING:fusesoc.edatools.quartus:../src/limesdr-usb_gw_0/software/lms_ctr_bsp/HAL/src/alt_execve.c has unknown file type ''
WARNING:fusesoc.edatools.quartus:../src/limesdr-usb_gw_0/software/lms_ctr_bsp/HAL/src/alt_exit.c has unknown file type ''
WARNING:fusesoc.edatools.quartus:../src/limesdr-usb_gw_0/software/lms_ctr_bsp/HAL/src/alt_fcntl.c has unknown file type ''
WARNING:fusesoc.edatools.quartus:../src/limesdr-usb_gw_0/software/lms_ctr_bsp/HAL/src/alt_fd_lock.c has unknown file type ''
WARNING:fusesoc.edatools.quartus:../src/limesdr-usb_gw_0/software/lms_ctr_bsp/HAL/src/alt_fd_unlock.c has unknown file type ''
WARNING:fusesoc.edatools.quartus:../src/limesdr-usb_gw_0/software/lms_ctr_bsp/HAL/src/alt_find_dev.c has unknown file type ''
WARNING:fusesoc.edatools.quartus:../src/limesdr-usb_gw_0/software/lms_ctr_bsp/HAL/src/alt_find_file.c has unknown file type ''
WARNING:fusesoc.edatools.quartus:../src/limesdr-usb_gw_0/software/lms_ctr_bsp/HAL/src/alt_flash_dev.c has unknown file type ''
WARNING:fusesoc.edatools.quartus:../src/limesdr-usb_gw_0/software/lms_ctr_bsp/HAL/src/alt_fork.c has unknown file type ''
WARNING:fusesoc.edatools.quartus:../src/limesdr-usb_gw_0/software/lms_ctr_bsp/HAL/src/alt_fs_reg.c has unknown file type ''
WARNING:fusesoc.edatools.quartus:../src/limesdr-usb_gw_0/software/lms_ctr_bsp/HAL/src/alt_fstat.c has unknown file type ''
WARNING:fusesoc.edatools.quartus:../src/limesdr-usb_gw_0/software/lms_ctr_bsp/HAL/src/alt_get_fd.c has unknown file type ''
WARNING:fusesoc.edatools.quartus:../src/limesdr-usb_gw_0/software/lms_ctr_bsp/HAL/src/alt_getchar.c has unknown file type ''
WARNING:fusesoc.edatools.quartus:../src/limesdr-usb_gw_0/software/lms_ctr_bsp/HAL/src/alt_getpid.c has unknown file type ''
WARNING:fusesoc.edatools.quartus:../src/limesdr-usb_gw_0/software/lms_ctr_bsp/HAL/src/alt_gettod.c has unknown file type ''
WARNING:fusesoc.edatools.quartus:../src/limesdr-usb_gw_0/software/lms_ctr_bsp/HAL/src/alt_gmon.c has unknown file type ''
WARNING:fusesoc.edatools.quartus:../src/limesdr-usb_gw_0/software/lms_ctr_bsp/HAL/src/alt_icache_flush.c has unknown file type ''
WARNING:fusesoc.edatools.quartus:../src/limesdr-usb_gw_0/software/lms_ctr_bsp/HAL/src/alt_icache_flush_all.c has unknown file type ''
WARNING:fusesoc.edatools.quartus:../src/limesdr-usb_gw_0/software/lms_ctr_bsp/HAL/src/alt_iic.c has unknown file type ''
WARNING:fusesoc.edatools.quartus:../src/limesdr-usb_gw_0/software/lms_ctr_bsp/HAL/src/alt_iic_isr_register.c has unknown file type ''
WARNING:fusesoc.edatools.quartus:../src/limesdr-usb_gw_0/software/lms_ctr_bsp/HAL/src/alt_instruction_exception_entry.c has unknown file type ''
WARNING:fusesoc.edatools.quartus:../src/limesdr-usb_gw_0/software/lms_ctr_bsp/HAL/src/alt_instruction_exception_register.c has unknown file type ''
WARNING:fusesoc.edatools.quartus:../src/limesdr-usb_gw_0/software/lms_ctr_bsp/HAL/src/alt_io_redirect.c has unknown file type ''
WARNING:fusesoc.edatools.quartus:../src/limesdr-usb_gw_0/software/lms_ctr_bsp/HAL/src/alt_ioctl.c has unknown file type ''
WARNING:fusesoc.edatools.quartus:../src/limesdr-usb_gw_0/software/lms_ctr_bsp/HAL/src/alt_irq_entry.S has unknown file type ''
WARNING:fusesoc.edatools.quartus:../src/limesdr-usb_gw_0/software/lms_ctr_bsp/HAL/src/alt_irq_handler.c has unknown file type ''
WARNING:fusesoc.edatools.quartus:../src/limesdr-usb_gw_0/software/lms_ctr_bsp/HAL/src/alt_irq_register.c has unknown file type ''
WARNING:fusesoc.edatools.quartus:../src/limesdr-usb_gw_0/software/lms_ctr_bsp/HAL/src/alt_irq_vars.c has unknown file type ''
WARNING:fusesoc.edatools.quartus:../src/limesdr-usb_gw_0/software/lms_ctr_bsp/HAL/src/alt_isatty.c has unknown file type ''
WARNING:fusesoc.edatools.quartus:../src/limesdr-usb_gw_0/software/lms_ctr_bsp/HAL/src/alt_kill.c has unknown file type ''
WARNING:fusesoc.edatools.quartus:../src/limesdr-usb_gw_0/software/lms_ctr_bsp/HAL/src/alt_link.c has unknown file type ''
WARNING:fusesoc.edatools.quartus:../src/limesdr-usb_gw_0/software/lms_ctr_bsp/HAL/src/alt_load.c has unknown file type ''
WARNING:fusesoc.edatools.quartus:../src/limesdr-usb_gw_0/software/lms_ctr_bsp/HAL/src/alt_log_macro.S has unknown file type ''
WARNING:fusesoc.edatools.quartus:../src/limesdr-usb_gw_0/software/lms_ctr_bsp/HAL/src/alt_log_printf.c has unknown file type ''
WARNING:fusesoc.edatools.quartus:../src/limesdr-usb_gw_0/software/lms_ctr_bsp/HAL/src/alt_lseek.c has unknown file type ''
WARNING:fusesoc.edatools.quartus:../src/limesdr-usb_gw_0/software/lms_ctr_bsp/HAL/src/alt_main.c has unknown file type ''
WARNING:fusesoc.edatools.quartus:../src/limesdr-usb_gw_0/software/lms_ctr_bsp/HAL/src/alt_malloc_lock.c has unknown file type ''
WARNING:fusesoc.edatools.quartus:../src/limesdr-usb_gw_0/software/lms_ctr_bsp/HAL/src/alt_mcount.S has unknown file type ''
WARNING:fusesoc.edatools.quartus:../src/limesdr-usb_gw_0/software/lms_ctr_bsp/HAL/src/alt_open.c has unknown file type ''
WARNING:fusesoc.edatools.quartus:../src/limesdr-usb_gw_0/software/lms_ctr_bsp/HAL/src/alt_printf.c has unknown file type ''
WARNING:fusesoc.edatools.quartus:../src/limesdr-usb_gw_0/software/lms_ctr_bsp/HAL/src/alt_putchar.c has unknown file type ''
WARNING:fusesoc.edatools.quartus:../src/limesdr-usb_gw_0/software/lms_ctr_bsp/HAL/src/alt_putcharbuf.c has unknown file type ''
WARNING:fusesoc.edatools.quartus:../src/limesdr-usb_gw_0/software/lms_ctr_bsp/HAL/src/alt_putstr.c has unknown file type ''
WARNING:fusesoc.edatools.quartus:../src/limesdr-usb_gw_0/software/lms_ctr_bsp/HAL/src/alt_read.c has unknown file type ''
WARNING:fusesoc.edatools.quartus:../src/limesdr-usb_gw_0/software/lms_ctr_bsp/HAL/src/alt_release_fd.c has unknown file type ''
WARNING:fusesoc.edatools.quartus:../src/limesdr-usb_gw_0/software/lms_ctr_bsp/HAL/src/alt_remap_cached.c has unknown file type ''
WARNING:fusesoc.edatools.quartus:../src/limesdr-usb_gw_0/software/lms_ctr_bsp/HAL/src/alt_remap_uncached.c has unknown file type ''
WARNING:fusesoc.edatools.quartus:../src/limesdr-usb_gw_0/software/lms_ctr_bsp/HAL/src/alt_rename.c has unknown file type ''
WARNING:fusesoc.edatools.quartus:../src/limesdr-usb_gw_0/software/lms_ctr_bsp/HAL/src/alt_sbrk.c has unknown file type ''
WARNING:fusesoc.edatools.quartus:../src/limesdr-usb_gw_0/software/lms_ctr_bsp/HAL/src/alt_settod.c has unknown file type ''
WARNING:fusesoc.edatools.quartus:../src/limesdr-usb_gw_0/software/lms_ctr_bsp/HAL/src/alt_software_exception.S has unknown file type ''
WARNING:fusesoc.edatools.quartus:../src/limesdr-usb_gw_0/software/lms_ctr_bsp/HAL/src/alt_stat.c has unknown file type ''
WARNING:fusesoc.edatools.quartus:../src/limesdr-usb_gw_0/software/lms_ctr_bsp/HAL/src/alt_tick.c has unknown file type ''
WARNING:fusesoc.edatools.quartus:../src/limesdr-usb_gw_0/software/lms_ctr_bsp/HAL/src/alt_times.c has unknown file type ''
WARNING:fusesoc.edatools.quartus:../src/limesdr-usb_gw_0/software/lms_ctr_bsp/HAL/src/alt_uncached_free.c has unknown file type ''
WARNING:fusesoc.edatools.quartus:../src/limesdr-usb_gw_0/software/lms_ctr_bsp/HAL/src/alt_uncached_malloc.c has unknown file type ''
WARNING:fusesoc.edatools.quartus:../src/limesdr-usb_gw_0/software/lms_ctr_bsp/HAL/src/alt_unlink.c has unknown file type ''
WARNING:fusesoc.edatools.quartus:../src/limesdr-usb_gw_0/software/lms_ctr_bsp/HAL/src/alt_usleep.c has unknown file type ''
WARNING:fusesoc.edatools.quartus:../src/limesdr-usb_gw_0/software/lms_ctr_bsp/HAL/src/alt_wait.c has unknown file type ''
WARNING:fusesoc.edatools.quartus:../src/limesdr-usb_gw_0/software/lms_ctr_bsp/HAL/src/alt_write.c has unknown file type ''
WARNING:fusesoc.edatools.quartus:../src/limesdr-usb_gw_0/software/lms_ctr_bsp/HAL/src/altera_nios2_gen2_irq.c has unknown file type ''
WARNING:fusesoc.edatools.quartus:../src/limesdr-usb_gw_0/software/lms_ctr_bsp/HAL/src/crt0.S has unknown file type ''
WARNING:fusesoc.edatools.quartus:../src/limesdr-usb_gw_0/software/lms_ctr_bsp/Makefile has unknown file type ''
WARNING:fusesoc.edatools.quartus:../src/limesdr-usb_gw_0/software/lms_ctr_bsp/alt_sys_init.c has unknown file type ''
WARNING:fusesoc.edatools.quartus:../src/limesdr-usb_gw_0/software/lms_ctr_bsp/create-this-bsp has unknown file type ''
WARNING:fusesoc.edatools.quartus:../src/limesdr-usb_gw_0/software/lms_ctr_bsp/drivers/inc/altera_avalon_pio_regs.h has unknown file type ''
WARNING:fusesoc.edatools.quartus:../src/limesdr-usb_gw_0/software/lms_ctr_bsp/drivers/inc/altera_avalon_spi.h has unknown file type ''
WARNING:fusesoc.edatools.quartus:../src/limesdr-usb_gw_0/software/lms_ctr_bsp/drivers/inc/altera_avalon_spi_regs.h has unknown file type ''
WARNING:fusesoc.edatools.quartus:../src/limesdr-usb_gw_0/software/lms_ctr_bsp/drivers/inc/altera_avalon_sysid_qsys.h has unknown file type ''
WARNING:fusesoc.edatools.quartus:../src/limesdr-usb_gw_0/software/lms_ctr_bsp/drivers/inc/altera_avalon_sysid_qsys_regs.h has unknown file type ''
WARNING:fusesoc.edatools.quartus:../src/limesdr-usb_gw_0/software/lms_ctr_bsp/drivers/inc/altera_avalon_uart.h has unknown file type ''
WARNING:fusesoc.edatools.quartus:../src/limesdr-usb_gw_0/software/lms_ctr_bsp/drivers/inc/altera_avalon_uart_fd.h has unknown file type ''
WARNING:fusesoc.edatools.quartus:../src/limesdr-usb_gw_0/software/lms_ctr_bsp/drivers/inc/altera_avalon_uart_regs.h has unknown file type ''
WARNING:fusesoc.edatools.quartus:../src/limesdr-usb_gw_0/software/lms_ctr_bsp/drivers/inc/i2c_opencores.h has unknown file type ''
WARNING:fusesoc.edatools.quartus:../src/limesdr-usb_gw_0/software/lms_ctr_bsp/drivers/inc/i2c_opencores_regs.h has unknown file type ''
WARNING:fusesoc.edatools.quartus:../src/limesdr-usb_gw_0/software/lms_ctr_bsp/drivers/src/altera_avalon_spi.c has unknown file type ''
WARNING:fusesoc.edatools.quartus:../src/limesdr-usb_gw_0/software/lms_ctr_bsp/drivers/src/altera_avalon_sysid_qsys.c has unknown file type ''
WARNING:fusesoc.edatools.quartus:../src/limesdr-usb_gw_0/software/lms_ctr_bsp/drivers/src/altera_avalon_uart_fd.c has unknown file type ''
WARNING:fusesoc.edatools.quartus:../src/limesdr-usb_gw_0/software/lms_ctr_bsp/drivers/src/altera_avalon_uart_init.c has unknown file type ''
WARNING:fusesoc.edatools.quartus:../src/limesdr-usb_gw_0/software/lms_ctr_bsp/drivers/src/altera_avalon_uart_ioctl.c has unknown file type ''
WARNING:fusesoc.edatools.quartus:../src/limesdr-usb_gw_0/software/lms_ctr_bsp/drivers/src/altera_avalon_uart_read.c has unknown file type ''
WARNING:fusesoc.edatools.quartus:../src/limesdr-usb_gw_0/software/lms_ctr_bsp/drivers/src/altera_avalon_uart_write.c has unknown file type ''
WARNING:fusesoc.edatools.quartus:../src/limesdr-usb_gw_0/software/lms_ctr_bsp/drivers/src/i2c_opencores.c has unknown file type ''
WARNING:fusesoc.edatools.quartus:../src/limesdr-usb_gw_0/software/lms_ctr_bsp/libhal_bsp.a has unknown file type ''
WARNING:fusesoc.edatools.quartus:../src/limesdr-usb_gw_0/software/lms_ctr_bsp/linker.h has unknown file type ''
WARNING:fusesoc.edatools.quartus:../src/limesdr-usb_gw_0/software/lms_ctr_bsp/linker.x has unknown file type ''
WARNING:fusesoc.edatools.quartus:../src/limesdr-usb_gw_0/software/lms_ctr_bsp/mem_init.mk has unknown file type ''
WARNING:fusesoc.edatools.quartus:../src/limesdr-usb_gw_0/software/lms_ctr_bsp/memory.gdb has unknown file type ''
WARNING:fusesoc.edatools.quartus:../src/limesdr-usb_gw_0/software/lms_ctr_bsp/obj/HAL/src/alt_fstat.o has unknown file type ''
WARNING:fusesoc.edatools.quartus:../src/limesdr-usb_gw_0/software/lms_ctr_bsp/obj/HAL/src/alt_get_fd.d has unknown file type ''
WARNING:fusesoc.edatools.quartus:../src/limesdr-usb_gw_0/software/lms_ctr_bsp/obj/HAL/src/alt_get_fd.o has unknown file type ''
WARNING:fusesoc.edatools.quartus:../src/limesdr-usb_gw_0/software/lms_ctr_bsp/obj/HAL/src/alt_getchar.d has unknown file type ''
WARNING:fusesoc.edatools.quartus:../src/limesdr-usb_gw_0/software/lms_ctr_bsp/obj/HAL/src/alt_getchar.o has unknown file type ''
WARNING:fusesoc.edatools.quartus:../src/limesdr-usb_gw_0/software/lms_ctr_bsp/obj/HAL/src/alt_getpid.d has unknown file type ''
WARNING:fusesoc.edatools.quartus:../src/limesdr-usb_gw_0/software/lms_ctr_bsp/obj/HAL/src/alt_getpid.o has unknown file type ''
WARNING:fusesoc.edatools.quartus:../src/limesdr-usb_gw_0/software/lms_ctr_bsp/obj/HAL/src/alt_gettod.d has unknown file type ''
WARNING:fusesoc.edatools.quartus:../src/limesdr-usb_gw_0/software/lms_ctr_bsp/obj/HAL/src/alt_gettod.o has unknown file type ''
WARNING:fusesoc.edatools.quartus:../src/limesdr-usb_gw_0/software/lms_ctr_bsp/obj/HAL/src/alt_gmon.d has unknown file type ''
WARNING:fusesoc.edatools.quartus:../src/limesdr-usb_gw_0/software/lms_ctr_bsp/obj/HAL/src/alt_gmon.o has unknown file type ''
WARNING:fusesoc.edatools.quartus:../src/limesdr-usb_gw_0/software/lms_ctr_bsp/obj/HAL/src/alt_icache_flush.d has unknown file type ''
WARNING:fusesoc.edatools.quartus:../src/limesdr-usb_gw_0/software/lms_ctr_bsp/obj/HAL/src/alt_icache_flush.o has unknown file type ''
WARNING:fusesoc.edatools.quartus:../src/limesdr-usb_gw_0/software/lms_ctr_bsp/obj/HAL/src/alt_icache_flush_all.d has unknown file type ''
WARNING:fusesoc.edatools.quartus:../src/limesdr-usb_gw_0/software/lms_ctr_bsp/obj/HAL/src/alt_icache_flush_all.o has unknown file type ''
WARNING:fusesoc.edatools.quartus:../src/limesdr-usb_gw_0/software/lms_ctr_bsp/obj/HAL/src/alt_iic.d has unknown file type ''
WARNING:fusesoc.edatools.quartus:../src/limesdr-usb_gw_0/software/lms_ctr_bsp/obj/HAL/src/alt_iic.o has unknown file type ''
WARNING:fusesoc.edatools.quartus:../src/limesdr-usb_gw_0/software/lms_ctr_bsp/obj/HAL/src/alt_iic_isr_register.d has unknown file type ''
WARNING:fusesoc.edatools.quartus:../src/limesdr-usb_gw_0/software/lms_ctr_bsp/obj/HAL/src/alt_iic_isr_register.o has unknown file type ''
WARNING:fusesoc.edatools.quartus:../src/limesdr-usb_gw_0/software/lms_ctr_bsp/obj/HAL/src/alt_instruction_exception_entry.d has unknown file type ''
WARNING:fusesoc.edatools.quartus:../src/limesdr-usb_gw_0/software/lms_ctr_bsp/obj/HAL/src/alt_instruction_exception_entry.o has unknown file type ''
WARNING:fusesoc.edatools.quartus:../src/limesdr-usb_gw_0/software/lms_ctr_bsp/obj/HAL/src/alt_instruction_exception_register.d has unknown file type ''
WARNING:fusesoc.edatools.quartus:../src/limesdr-usb_gw_0/software/lms_ctr_bsp/obj/HAL/src/alt_instruction_exception_register.o has unknown file type ''
WARNING:fusesoc.edatools.quartus:../src/limesdr-usb_gw_0/software/lms_ctr_bsp/obj/HAL/src/alt_io_redirect.d has unknown file type ''
WARNING:fusesoc.edatools.quartus:../src/limesdr-usb_gw_0/software/lms_ctr_bsp/obj/HAL/src/alt_io_redirect.o has unknown file type ''
WARNING:fusesoc.edatools.quartus:../src/limesdr-usb_gw_0/software/lms_ctr_bsp/obj/HAL/src/alt_ioctl.d has unknown file type ''
WARNING:fusesoc.edatools.quartus:../src/limesdr-usb_gw_0/software/lms_ctr_bsp/obj/HAL/src/alt_ioctl.o has unknown file type ''
WARNING:fusesoc.edatools.quartus:../src/limesdr-usb_gw_0/software/lms_ctr_bsp/obj/HAL/src/alt_irq_entry.d has unknown file type ''
WARNING:fusesoc.edatools.quartus:../src/limesdr-usb_gw_0/software/lms_ctr_bsp/obj/HAL/src/alt_irq_entry.o has unknown file type ''
WARNING:fusesoc.edatools.quartus:../src/limesdr-usb_gw_0/software/lms_ctr_bsp/obj/HAL/src/alt_irq_handler.d has unknown file type ''
WARNING:fusesoc.edatools.quartus:../src/limesdr-usb_gw_0/software/lms_ctr_bsp/obj/HAL/src/alt_irq_handler.o has unknown file type ''
WARNING:fusesoc.edatools.quartus:../src/limesdr-usb_gw_0/software/lms_ctr_bsp/obj/HAL/src/alt_irq_register.d has unknown file type ''
WARNING:fusesoc.edatools.quartus:../src/limesdr-usb_gw_0/software/lms_ctr_bsp/obj/HAL/src/alt_irq_register.o has unknown file type ''
WARNING:fusesoc.edatools.quartus:../src/limesdr-usb_gw_0/software/lms_ctr_bsp/obj/HAL/src/alt_irq_vars.d has unknown file type ''
WARNING:fusesoc.edatools.quartus:../src/limesdr-usb_gw_0/software/lms_ctr_bsp/obj/HAL/src/alt_irq_vars.o has unknown file type ''
WARNING:fusesoc.edatools.quartus:../src/limesdr-usb_gw_0/software/lms_ctr_bsp/obj/HAL/src/alt_isatty.d has unknown file type ''
WARNING:fusesoc.edatools.quartus:../src/limesdr-usb_gw_0/software/lms_ctr_bsp/obj/HAL/src/alt_isatty.o has unknown file type ''
WARNING:fusesoc.edatools.quartus:../src/limesdr-usb_gw_0/software/lms_ctr_bsp/obj/HAL/src/alt_kill.d has unknown file type ''
WARNING:fusesoc.edatools.quartus:../src/limesdr-usb_gw_0/software/lms_ctr_bsp/obj/HAL/src/alt_kill.o has unknown file type ''
WARNING:fusesoc.edatools.quartus:../src/limesdr-usb_gw_0/software/lms_ctr_bsp/obj/HAL/src/alt_link.d has unknown file type ''
WARNING:fusesoc.edatools.quartus:../src/limesdr-usb_gw_0/software/lms_ctr_bsp/obj/HAL/src/alt_link.o has unknown file type ''
WARNING:fusesoc.edatools.quartus:../src/limesdr-usb_gw_0/software/lms_ctr_bsp/obj/HAL/src/alt_load.d has unknown file type ''
WARNING:fusesoc.edatools.quartus:../src/limesdr-usb_gw_0/software/lms_ctr_bsp/obj/HAL/src/alt_load.o has unknown file type ''
WARNING:fusesoc.edatools.quartus:../src/limesdr-usb_gw_0/software/lms_ctr_bsp/obj/HAL/src/alt_log_macro.d has unknown file type ''
WARNING:fusesoc.edatools.quartus:../src/limesdr-usb_gw_0/software/lms_ctr_bsp/obj/HAL/src/alt_log_macro.o has unknown file type ''
WARNING:fusesoc.edatools.quartus:../src/limesdr-usb_gw_0/software/lms_ctr_bsp/obj/HAL/src/alt_log_printf.d has unknown file type ''
WARNING:fusesoc.edatools.quartus:../src/limesdr-usb_gw_0/software/lms_ctr_bsp/obj/HAL/src/alt_log_printf.o has unknown file type ''
WARNING:fusesoc.edatools.quartus:../src/limesdr-usb_gw_0/software/lms_ctr_bsp/obj/HAL/src/alt_lseek.d has unknown file type ''
WARNING:fusesoc.edatools.quartus:../src/limesdr-usb_gw_0/software/lms_ctr_bsp/obj/HAL/src/alt_lseek.o has unknown file type ''
WARNING:fusesoc.edatools.quartus:../src/limesdr-usb_gw_0/software/lms_ctr_bsp/obj/HAL/src/alt_main.d has unknown file type ''
WARNING:fusesoc.edatools.quartus:../src/limesdr-usb_gw_0/software/lms_ctr_bsp/obj/HAL/src/alt_main.o has unknown file type ''
WARNING:fusesoc.edatools.quartus:../src/limesdr-usb_gw_0/software/lms_ctr_bsp/obj/HAL/src/alt_malloc_lock.d has unknown file type ''
WARNING:fusesoc.edatools.quartus:../src/limesdr-usb_gw_0/software/lms_ctr_bsp/obj/HAL/src/alt_malloc_lock.o has unknown file type ''
WARNING:fusesoc.edatools.quartus:../src/limesdr-usb_gw_0/software/lms_ctr_bsp/obj/HAL/src/alt_mcount.d has unknown file type ''
WARNING:fusesoc.edatools.quartus:../src/limesdr-usb_gw_0/software/lms_ctr_bsp/obj/HAL/src/alt_mcount.o has unknown file type ''
WARNING:fusesoc.edatools.quartus:../src/limesdr-usb_gw_0/software/lms_ctr_bsp/obj/HAL/src/alt_open.d has unknown file type ''
WARNING:fusesoc.edatools.quartus:../src/limesdr-usb_gw_0/software/lms_ctr_bsp/obj/HAL/src/alt_open.o has unknown file type ''
WARNING:fusesoc.edatools.quartus:../src/limesdr-usb_gw_0/software/lms_ctr_bsp/obj/HAL/src/alt_printf.d has unknown file type ''
WARNING:fusesoc.edatools.quartus:../src/limesdr-usb_gw_0/software/lms_ctr_bsp/obj/HAL/src/alt_printf.o has unknown file type ''
WARNING:fusesoc.edatools.quartus:../src/limesdr-usb_gw_0/software/lms_ctr_bsp/obj/HAL/src/alt_putchar.d has unknown file type ''
WARNING:fusesoc.edatools.quartus:../src/limesdr-usb_gw_0/software/lms_ctr_bsp/obj/HAL/src/alt_putchar.o has unknown file type ''
WARNING:fusesoc.edatools.quartus:../src/limesdr-usb_gw_0/software/lms_ctr_bsp/obj/HAL/src/alt_putcharbuf.d has unknown file type ''
WARNING:fusesoc.edatools.quartus:../src/limesdr-usb_gw_0/software/lms_ctr_bsp/obj/HAL/src/alt_putcharbuf.o has unknown file type ''
WARNING:fusesoc.edatools.quartus:../src/limesdr-usb_gw_0/software/lms_ctr_bsp/obj/HAL/src/alt_putstr.d has unknown file type ''
WARNING:fusesoc.edatools.quartus:../src/limesdr-usb_gw_0/software/lms_ctr_bsp/obj/HAL/src/alt_putstr.o has unknown file type ''
WARNING:fusesoc.edatools.quartus:../src/limesdr-usb_gw_0/software/lms_ctr_bsp/obj/HAL/src/alt_read.d has unknown file type ''
WARNING:fusesoc.edatools.quartus:../src/limesdr-usb_gw_0/software/lms_ctr_bsp/obj/HAL/src/alt_read.o has unknown file type ''
WARNING:fusesoc.edatools.quartus:../src/limesdr-usb_gw_0/software/lms_ctr_bsp/obj/HAL/src/alt_release_fd.d has unknown file type ''
WARNING:fusesoc.edatools.quartus:../src/limesdr-usb_gw_0/software/lms_ctr_bsp/obj/HAL/src/alt_release_fd.o has unknown file type ''
WARNING:fusesoc.edatools.quartus:../src/limesdr-usb_gw_0/software/lms_ctr_bsp/obj/HAL/src/alt_remap_cached.d has unknown file type ''
WARNING:fusesoc.edatools.quartus:../src/limesdr-usb_gw_0/software/lms_ctr_bsp/obj/HAL/src/alt_remap_cached.o has unknown file type ''
WARNING:fusesoc.edatools.quartus:../src/limesdr-usb_gw_0/software/lms_ctr_bsp/obj/HAL/src/alt_remap_uncached.d has unknown file type ''
WARNING:fusesoc.edatools.quartus:../src/limesdr-usb_gw_0/software/lms_ctr_bsp/obj/HAL/src/alt_remap_uncached.o has unknown file type ''
WARNING:fusesoc.edatools.quartus:../src/limesdr-usb_gw_0/software/lms_ctr_bsp/obj/HAL/src/alt_rename.d has unknown file type ''
WARNING:fusesoc.edatools.quartus:../src/limesdr-usb_gw_0/software/lms_ctr_bsp/obj/HAL/src/alt_rename.o has unknown file type ''
WARNING:fusesoc.edatools.quartus:../src/limesdr-usb_gw_0/software/lms_ctr_bsp/obj/HAL/src/alt_sbrk.d has unknown file type ''
WARNING:fusesoc.edatools.quartus:../src/limesdr-usb_gw_0/software/lms_ctr_bsp/obj/HAL/src/alt_sbrk.o has unknown file type ''
WARNING:fusesoc.edatools.quartus:../src/limesdr-usb_gw_0/software/lms_ctr_bsp/obj/HAL/src/alt_settod.d has unknown file type ''
WARNING:fusesoc.edatools.quartus:../src/limesdr-usb_gw_0/software/lms_ctr_bsp/obj/HAL/src/alt_settod.o has unknown file type ''
WARNING:fusesoc.edatools.quartus:../src/limesdr-usb_gw_0/software/lms_ctr_bsp/obj/HAL/src/alt_software_exception.d has unknown file type ''
WARNING:fusesoc.edatools.quartus:../src/limesdr-usb_gw_0/software/lms_ctr_bsp/obj/HAL/src/alt_software_exception.o has unknown file type ''
WARNING:fusesoc.edatools.quartus:../src/limesdr-usb_gw_0/software/lms_ctr_bsp/obj/HAL/src/alt_stat.d has unknown file type ''
WARNING:fusesoc.edatools.quartus:../src/limesdr-usb_gw_0/software/lms_ctr_bsp/obj/HAL/src/alt_stat.o has unknown file type ''
WARNING:fusesoc.edatools.quartus:../src/limesdr-usb_gw_0/software/lms_ctr_bsp/obj/HAL/src/alt_tick.d has unknown file type ''
WARNING:fusesoc.edatools.quartus:../src/limesdr-usb_gw_0/software/lms_ctr_bsp/obj/HAL/src/alt_tick.o has unknown file type ''
WARNING:fusesoc.edatools.quartus:../src/limesdr-usb_gw_0/software/lms_ctr_bsp/obj/HAL/src/alt_times.d has unknown file type ''
WARNING:fusesoc.edatools.quartus:../src/limesdr-usb_gw_0/software/lms_ctr_bsp/obj/HAL/src/alt_times.o has unknown file type ''
WARNING:fusesoc.edatools.quartus:../src/limesdr-usb_gw_0/software/lms_ctr_bsp/obj/HAL/src/alt_uncached_free.d has unknown file type ''
WARNING:fusesoc.edatools.quartus:../src/limesdr-usb_gw_0/software/lms_ctr_bsp/obj/HAL/src/alt_uncached_free.o has unknown file type ''
WARNING:fusesoc.edatools.quartus:../src/limesdr-usb_gw_0/software/lms_ctr_bsp/obj/HAL/src/alt_uncached_malloc.d has unknown file type ''
WARNING:fusesoc.edatools.quartus:../src/limesdr-usb_gw_0/software/lms_ctr_bsp/obj/HAL/src/alt_uncached_malloc.o has unknown file type ''
WARNING:fusesoc.edatools.quartus:../src/limesdr-usb_gw_0/software/lms_ctr_bsp/obj/HAL/src/alt_unlink.d has unknown file type ''
WARNING:fusesoc.edatools.quartus:../src/limesdr-usb_gw_0/software/lms_ctr_bsp/obj/HAL/src/alt_unlink.o has unknown file type ''
WARNING:fusesoc.edatools.quartus:../src/limesdr-usb_gw_0/software/lms_ctr_bsp/obj/HAL/src/alt_usleep.d has unknown file type ''
WARNING:fusesoc.edatools.quartus:../src/limesdr-usb_gw_0/software/lms_ctr_bsp/obj/HAL/src/alt_usleep.o has unknown file type ''
WARNING:fusesoc.edatools.quartus:../src/limesdr-usb_gw_0/software/lms_ctr_bsp/obj/HAL/src/alt_wait.d has unknown file type ''
WARNING:fusesoc.edatools.quartus:../src/limesdr-usb_gw_0/software/lms_ctr_bsp/obj/HAL/src/alt_wait.o has unknown file type ''
WARNING:fusesoc.edatools.quartus:../src/limesdr-usb_gw_0/software/lms_ctr_bsp/obj/HAL/src/alt_write.d has unknown file type ''
WARNING:fusesoc.edatools.quartus:../src/limesdr-usb_gw_0/software/lms_ctr_bsp/obj/HAL/src/alt_write.o has unknown file type ''
WARNING:fusesoc.edatools.quartus:../src/limesdr-usb_gw_0/software/lms_ctr_bsp/obj/HAL/src/altera_nios2_gen2_irq.d has unknown file type ''
WARNING:fusesoc.edatools.quartus:../src/limesdr-usb_gw_0/software/lms_ctr_bsp/obj/HAL/src/altera_nios2_gen2_irq.o has unknown file type ''
WARNING:fusesoc.edatools.quartus:../src/limesdr-usb_gw_0/software/lms_ctr_bsp/obj/HAL/src/crt0.d has unknown file type ''
WARNING:fusesoc.edatools.quartus:../src/limesdr-usb_gw_0/software/lms_ctr_bsp/obj/HAL/src/crt0.o has unknown file type ''
WARNING:fusesoc.edatools.quartus:../src/limesdr-usb_gw_0/software/lms_ctr_bsp/obj/HAL/src/alt_alarm_start.d has unknown file type ''
WARNING:fusesoc.edatools.quartus:../src/limesdr-usb_gw_0/software/lms_ctr_bsp/obj/HAL/src/alt_alarm_start.o has unknown file type ''
WARNING:fusesoc.edatools.quartus:../src/limesdr-usb_gw_0/software/lms_ctr_bsp/obj/HAL/src/alt_busy_sleep.d has unknown file type ''
WARNING:fusesoc.edatools.quartus:../src/limesdr-usb_gw_0/software/lms_ctr_bsp/obj/HAL/src/alt_busy_sleep.o has unknown file type ''
WARNING:fusesoc.edatools.quartus:../src/limesdr-usb_gw_0/software/lms_ctr_bsp/obj/HAL/src/alt_close.d has unknown file type ''
WARNING:fusesoc.edatools.quartus:../src/limesdr-usb_gw_0/software/lms_ctr_bsp/obj/HAL/src/alt_close.o has unknown file type ''
WARNING:fusesoc.edatools.quartus:../src/limesdr-usb_gw_0/software/lms_ctr_bsp/obj/HAL/src/alt_dcache_flush.d has unknown file type ''
WARNING:fusesoc.edatools.quartus:../src/limesdr-usb_gw_0/software/lms_ctr_bsp/obj/HAL/src/alt_dcache_flush.o has unknown file type ''
WARNING:fusesoc.edatools.quartus:../src/limesdr-usb_gw_0/software/lms_ctr_bsp/obj/HAL/src/alt_dcache_flush_all.d has unknown file type ''
WARNING:fusesoc.edatools.quartus:../src/limesdr-usb_gw_0/software/lms_ctr_bsp/obj/HAL/src/alt_dcache_flush_all.o has unknown file type ''
WARNING:fusesoc.edatools.quartus:../src/limesdr-usb_gw_0/software/lms_ctr_bsp/obj/HAL/src/alt_dcache_flush_no_writeback.d has unknown file type ''
WARNING:fusesoc.edatools.quartus:../src/limesdr-usb_gw_0/software/lms_ctr_bsp/obj/HAL/src/alt_dcache_flush_no_writeback.o has unknown file type ''
WARNING:fusesoc.edatools.quartus:../src/limesdr-usb_gw_0/software/lms_ctr_bsp/obj/HAL/src/alt_dev.d has unknown file type ''
WARNING:fusesoc.edatools.quartus:../src/limesdr-usb_gw_0/software/lms_ctr_bsp/obj/HAL/src/alt_dev.o has unknown file type ''
WARNING:fusesoc.edatools.quartus:../src/limesdr-usb_gw_0/software/lms_ctr_bsp/obj/HAL/src/alt_dev_llist_insert.d has unknown file type ''
WARNING:fusesoc.edatools.quartus:../src/limesdr-usb_gw_0/software/lms_ctr_bsp/obj/HAL/src/alt_dev_llist_insert.o has unknown file type ''
WARNING:fusesoc.edatools.quartus:../src/limesdr-usb_gw_0/software/lms_ctr_bsp/obj/HAL/src/alt_dma_rxchan_open.d has unknown file type ''
WARNING:fusesoc.edatools.quartus:../src/limesdr-usb_gw_0/software/lms_ctr_bsp/obj/HAL/src/alt_dma_rxchan_open.o has unknown file type ''
WARNING:fusesoc.edatools.quartus:../src/limesdr-usb_gw_0/software/lms_ctr_bsp/obj/HAL/src/alt_dma_txchan_open.d has unknown file type ''
WARNING:fusesoc.edatools.quartus:../src/limesdr-usb_gw_0/software/lms_ctr_bsp/obj/HAL/src/alt_dma_txchan_open.o has unknown file type ''
WARNING:fusesoc.edatools.quartus:../src/limesdr-usb_gw_0/software/lms_ctr_bsp/obj/HAL/src/alt_do_ctors.d has unknown file type ''
WARNING:fusesoc.edatools.quartus:../src/limesdr-usb_gw_0/software/lms_ctr_bsp/obj/HAL/src/alt_do_ctors.o has unknown file type ''
WARNING:fusesoc.edatools.quartus:../src/limesdr-usb_gw_0/software/lms_ctr_bsp/obj/HAL/src/alt_do_dtors.d has unknown file type ''
WARNING:fusesoc.edatools.quartus:../src/limesdr-usb_gw_0/software/lms_ctr_bsp/obj/HAL/src/alt_do_dtors.o has unknown file type ''
WARNING:fusesoc.edatools.quartus:../src/limesdr-usb_gw_0/software/lms_ctr_bsp/obj/HAL/src/alt_ecc_fatal_entry.d has unknown file type ''
WARNING:fusesoc.edatools.quartus:../src/limesdr-usb_gw_0/software/lms_ctr_bsp/obj/HAL/src/alt_ecc_fatal_entry.o has unknown file type ''
WARNING:fusesoc.edatools.quartus:../src/limesdr-usb_gw_0/software/lms_ctr_bsp/obj/HAL/src/alt_ecc_fatal_exception.d has unknown file type ''
WARNING:fusesoc.edatools.quartus:../src/limesdr-usb_gw_0/software/lms_ctr_bsp/obj/HAL/src/alt_ecc_fatal_exception.o has unknown file type ''
WARNING:fusesoc.edatools.quartus:../src/limesdr-usb_gw_0/software/lms_ctr_bsp/obj/HAL/src/alt_env_lock.d has unknown file type ''
WARNING:fusesoc.edatools.quartus:../src/limesdr-usb_gw_0/software/lms_ctr_bsp/obj/HAL/src/alt_env_lock.o has unknown file type ''
WARNING:fusesoc.edatools.quartus:../src/limesdr-usb_gw_0/software/lms_ctr_bsp/obj/HAL/src/alt_environ.d has unknown file type ''
WARNING:fusesoc.edatools.quartus:../src/limesdr-usb_gw_0/software/lms_ctr_bsp/obj/HAL/src/alt_environ.o has unknown file type ''
WARNING:fusesoc.edatools.quartus:../src/limesdr-usb_gw_0/software/lms_ctr_bsp/obj/HAL/src/alt_errno.d has unknown file type ''
WARNING:fusesoc.edatools.quartus:../src/limesdr-usb_gw_0/software/lms_ctr_bsp/obj/HAL/src/alt_errno.o has unknown file type ''
WARNING:fusesoc.edatools.quartus:../src/limesdr-usb_gw_0/software/lms_ctr_bsp/obj/HAL/src/alt_exception_entry.d has unknown file type ''
WARNING:fusesoc.edatools.quartus:../src/limesdr-usb_gw_0/software/lms_ctr_bsp/obj/HAL/src/alt_exception_entry.o has unknown file type ''
WARNING:fusesoc.edatools.quartus:../src/limesdr-usb_gw_0/software/lms_ctr_bsp/obj/HAL/src/alt_exception_muldiv.d has unknown file type ''
WARNING:fusesoc.edatools.quartus:../src/limesdr-usb_gw_0/software/lms_ctr_bsp/obj/HAL/src/alt_exception_muldiv.o has unknown file type ''
WARNING:fusesoc.edatools.quartus:../src/limesdr-usb_gw_0/software/lms_ctr_bsp/obj/HAL/src/alt_exception_trap.d has unknown file type ''
WARNING:fusesoc.edatools.quartus:../src/limesdr-usb_gw_0/software/lms_ctr_bsp/obj/HAL/src/alt_exception_trap.o has unknown file type ''
WARNING:fusesoc.edatools.quartus:../src/limesdr-usb_gw_0/software/lms_ctr_bsp/obj/HAL/src/alt_execve.d has unknown file type ''
WARNING:fusesoc.edatools.quartus:../src/limesdr-usb_gw_0/software/lms_ctr_bsp/obj/HAL/src/alt_execve.o has unknown file type ''
WARNING:fusesoc.edatools.quartus:../src/limesdr-usb_gw_0/software/lms_ctr_bsp/obj/HAL/src/alt_exit.d has unknown file type ''
WARNING:fusesoc.edatools.quartus:../src/limesdr-usb_gw_0/software/lms_ctr_bsp/obj/HAL/src/alt_exit.o has unknown file type ''
WARNING:fusesoc.edatools.quartus:../src/limesdr-usb_gw_0/software/lms_ctr_bsp/obj/HAL/src/alt_fcntl.d has unknown file type ''
WARNING:fusesoc.edatools.quartus:../src/limesdr-usb_gw_0/software/lms_ctr_bsp/obj/HAL/src/alt_fcntl.o has unknown file type ''
WARNING:fusesoc.edatools.quartus:../src/limesdr-usb_gw_0/software/lms_ctr_bsp/obj/HAL/src/alt_fd_lock.d has unknown file type ''
WARNING:fusesoc.edatools.quartus:../src/limesdr-usb_gw_0/software/lms_ctr_bsp/obj/HAL/src/alt_fd_lock.o has unknown file type ''
WARNING:fusesoc.edatools.quartus:../src/limesdr-usb_gw_0/software/lms_ctr_bsp/obj/HAL/src/alt_fd_unlock.d has unknown file type ''
WARNING:fusesoc.edatools.quartus:../src/limesdr-usb_gw_0/software/lms_ctr_bsp/obj/HAL/src/alt_fd_unlock.o has unknown file type ''
WARNING:fusesoc.edatools.quartus:../src/limesdr-usb_gw_0/software/lms_ctr_bsp/obj/HAL/src/alt_find_dev.d has unknown file type ''
WARNING:fusesoc.edatools.quartus:../src/limesdr-usb_gw_0/software/lms_ctr_bsp/obj/HAL/src/alt_find_dev.o has unknown file type ''
WARNING:fusesoc.edatools.quartus:../src/limesdr-usb_gw_0/software/lms_ctr_bsp/obj/HAL/src/alt_find_file.d has unknown file type ''
WARNING:fusesoc.edatools.quartus:../src/limesdr-usb_gw_0/software/lms_ctr_bsp/obj/HAL/src/alt_find_file.o has unknown file type ''
WARNING:fusesoc.edatools.quartus:../src/limesdr-usb_gw_0/software/lms_ctr_bsp/obj/HAL/src/alt_flash_dev.d has unknown file type ''
WARNING:fusesoc.edatools.quartus:../src/limesdr-usb_gw_0/software/lms_ctr_bsp/obj/HAL/src/alt_flash_dev.o has unknown file type ''
WARNING:fusesoc.edatools.quartus:../src/limesdr-usb_gw_0/software/lms_ctr_bsp/obj/HAL/src/alt_fork.d has unknown file type ''
WARNING:fusesoc.edatools.quartus:../src/limesdr-usb_gw_0/software/lms_ctr_bsp/obj/HAL/src/alt_fork.o has unknown file type ''
WARNING:fusesoc.edatools.quartus:../src/limesdr-usb_gw_0/software/lms_ctr_bsp/obj/HAL/src/alt_fs_reg.d has unknown file type ''
WARNING:fusesoc.edatools.quartus:../src/limesdr-usb_gw_0/software/lms_ctr_bsp/obj/HAL/src/alt_fs_reg.o has unknown file type ''
WARNING:fusesoc.edatools.quartus:../src/limesdr-usb_gw_0/software/lms_ctr_bsp/obj/HAL/src/alt_fstat.d has unknown file type ''
WARNING:fusesoc.edatools.quartus:../src/limesdr-usb_gw_0/software/lms_ctr_bsp/obj/alt_sys_init.d has unknown file type ''
WARNING:fusesoc.edatools.quartus:../src/limesdr-usb_gw_0/software/lms_ctr_bsp/obj/alt_sys_init.o has unknown file type ''
WARNING:fusesoc.edatools.quartus:../src/limesdr-usb_gw_0/software/lms_ctr_bsp/obj/drivers/src/altera_avalon_spi.d has unknown file type ''
WARNING:fusesoc.edatools.quartus:../src/limesdr-usb_gw_0/software/lms_ctr_bsp/obj/drivers/src/altera_avalon_spi.o has unknown file type ''
WARNING:fusesoc.edatools.quartus:../src/limesdr-usb_gw_0/software/lms_ctr_bsp/obj/drivers/src/altera_avalon_sysid_qsys.d has unknown file type ''
WARNING:fusesoc.edatools.quartus:../src/limesdr-usb_gw_0/software/lms_ctr_bsp/obj/drivers/src/altera_avalon_sysid_qsys.o has unknown file type ''
WARNING:fusesoc.edatools.quartus:../src/limesdr-usb_gw_0/software/lms_ctr_bsp/obj/drivers/src/i2c_opencores.d has unknown file type ''
WARNING:fusesoc.edatools.quartus:../src/limesdr-usb_gw_0/software/lms_ctr_bsp/obj/drivers/src/i2c_opencores.o has unknown file type ''
WARNING:fusesoc.edatools.quartus:../src/limesdr-usb_gw_0/software/lms_ctr_bsp/public.mk has unknown file type ''
WARNING:fusesoc.edatools.quartus:../src/limesdr-usb_gw_0/software/lms_ctr_bsp/settings.bsp has unknown file type ''
WARNING:fusesoc.edatools.quartus:../src/limesdr-usb_gw_0/software/lms_ctr_bsp/system.h has unknown file type ''
WARNING:fusesoc.edatools.quartus:../src/limesdr-usb_gw_0/DDR2_1_pin_assigments_v01.tcl has unknown file type ''
INFO:fusesoc.edatool:Building
ERROR:fusesoc.main:Failed to build ::limesdr-usb_gw:0 : "make" exited with an error code.
ERROR: See stderr for details.
