WARNING:fusesoc.capi1.core:::elf-loader:0 : plusargs section is deprecated and will not be parsed by FuseSoC. Please migrate to parameters
WARNING:fusesoc.capi1.core:::fifo:1.0 : plusargs section is deprecated and will not be parsed by FuseSoC. Please migrate to parameters
WARNING:fusesoc.capi1.core:::wb_intercon:0 : plusargs section is deprecated and will not be parsed by FuseSoC. Please migrate to parameters
WARNING:fusesoc.capi1.core:::wb_intercon:1.0 : plusargs section is deprecated and will not be parsed by FuseSoC. Please migrate to parameters
WARNING:fusesoc.capi1.core:::vlog_tb_utils:0 : plusargs section is deprecated and will not be parsed by FuseSoC. Please migrate to parameters
WARNING:fusesoc.capi1.core:::wb_altera_ddr_wrapper:0 : plusargs section is deprecated and will not be parsed by FuseSoC. Please migrate to parameters
WARNING:fusesoc.capi1.core:::wb_sdram_ctrl:0 : plusargs section is deprecated and will not be parsed by FuseSoC. Please migrate to parameters
WARNING:fusesoc.capi1.core:::stream_utils:1.0 : plusargs section is deprecated and will not be parsed by FuseSoC. Please migrate to parameters
WARNING:fusesoc.capi1.core:::ram_wb:0 : plusargs section is deprecated and will not be parsed by FuseSoC. Please migrate to parameters
INFO:fusesoc.coremanager:Preparing ::limesdr-usb_gw:0
WARNING:fusesoc.edatools.quartus:../src/limesdr-usb_gw_0/ip/avfifo/avalon_FIFO_int_hw.tcla has unknown file type ''
WARNING:fusesoc.edatools.quartus:../src/limesdr-usb_gw_0/ip/avfifo/avalon_FIFO_int_hw2.tcla has unknown file type ''
WARNING:fusesoc.edatools.quartus:../src/limesdr-usb_gw_0/ip/avfifo/avfifo.vhd has unknown file type ''
WARNING:fusesoc.edatools.quartus:../src/limesdr-usb_gw_0/ip/clkctrl/clkctrl.BAK.qsys has unknown file type ''
WARNING:fusesoc.edatools.quartus:../src/limesdr-usb_gw_0/ip/clkctrl/clkctrl.qsys has unknown file type ''
WARNING:fusesoc.edatools.quartus:../src/limesdr-usb_gw_0/ip/clkctrl/clkctrl.sopcinfo has unknown file type ''
WARNING:fusesoc.edatools.quartus:../src/limesdr-usb_gw_0/ip/clkctrl/clkctrl/clkctrl.bsf has unknown file type ''
WARNING:fusesoc.edatools.quartus:../src/limesdr-usb_gw_0/ip/clkctrl/clkctrl/clkctrl.ppf has unknown file type ''
WARNING:fusesoc.edatools.quartus:../src/limesdr-usb_gw_0/ip/clkctrl/clkctrl/clkctrl.spd has unknown file type ''
WARNING:fusesoc.edatools.quartus:../src/limesdr-usb_gw_0/ip/clkctrl/clkctrl/clkctrl_bb.v has unknown file type ''
WARNING:fusesoc.edatools.quartus:../src/limesdr-usb_gw_0/ip/clkctrl/clkctrl/clkctrl_inst.v has unknown file type ''
WARNING:fusesoc.edatools.quartus:../src/limesdr-usb_gw_0/ip/clkctrl/clkctrl/clkctrl_inst.vhd has unknown file type ''
WARNING:fusesoc.edatools.quartus:../src/limesdr-usb_gw_0/ip/clkctrl/clkctrl/synthesis/clkctrl.debuginfo has unknown file type ''
WARNING:fusesoc.edatools.quartus:../src/limesdr-usb_gw_0/ip/clkctrl/clkctrl/synthesis/clkctrl.qip has unknown file type ''
WARNING:fusesoc.edatools.quartus:../src/limesdr-usb_gw_0/ip/clkctrl/clkctrl/synthesis/clkctrl.v has unknown file type ''
WARNING:fusesoc.edatools.quartus:../src/limesdr-usb_gw_0/ip/clkctrl/clkctrl/synthesis/clkctrl.vhd has unknown file type ''
WARNING:fusesoc.edatools.quartus:../src/limesdr-usb_gw_0/ip/clkctrl/clkctrl/synthesis/submodules/clkctrl_altclkctrl_0.v has unknown file type ''
WARNING:fusesoc.edatools.quartus:../src/limesdr-usb_gw_0/ip/ddo/ddrox1.bsf has unknown file type ''
WARNING:fusesoc.edatools.quartus:../src/limesdr-usb_gw_0/ip/ddo/ddrox1.inc has unknown file type ''
WARNING:fusesoc.edatools.quartus:../src/limesdr-usb_gw_0/ip/ddo/ddrox1.ppf has unknown file type ''
WARNING:fusesoc.edatools.quartus:../src/limesdr-usb_gw_0/ip/ddo/ddrox1.qip has unknown file type ''
WARNING:fusesoc.edatools.quartus:../src/limesdr-usb_gw_0/ip/ddo/ddrox1.vhd has unknown file type ''
WARNING:fusesoc.edatools.quartus:../src/limesdr-usb_gw_0/ip/ddo/ddrox13.bsf has unknown file type ''
WARNING:fusesoc.edatools.quartus:../src/limesdr-usb_gw_0/ip/ddo/ddrox13.inc has unknown file type ''
WARNING:fusesoc.edatools.quartus:../src/limesdr-usb_gw_0/ip/ddo/ddrox13.ppf has unknown file type ''
WARNING:fusesoc.edatools.quartus:../src/limesdr-usb_gw_0/ip/ddo/ddrox13.qip has unknown file type ''
WARNING:fusesoc.edatools.quartus:../src/limesdr-usb_gw_0/ip/ddo/ddrox13.vhd has unknown file type ''
WARNING:fusesoc.edatools.quartus:../src/limesdr-usb_gw_0/ip/ddo/ddrox13_inst.vhd has unknown file type ''
WARNING:fusesoc.edatools.quartus:../src/limesdr-usb_gw_0/ip/ddo/ddrox1_inst.vhd has unknown file type ''
WARNING:fusesoc.edatools.quartus:../src/limesdr-usb_gw_0/ip/ddr2/alt_mem_ddrx_addr_cmd.v has unknown file type ''
WARNING:fusesoc.edatools.quartus:../src/limesdr-usb_gw_0/ip/ddr2/alt_mem_ddrx_addr_cmd_wrap.v has unknown file type ''
WARNING:fusesoc.edatools.quartus:../src/limesdr-usb_gw_0/ip/ddr2/alt_mem_ddrx_arbiter.v has unknown file type ''
WARNING:fusesoc.edatools.quartus:../src/limesdr-usb_gw_0/ip/ddr2/alt_mem_ddrx_buffer.v has unknown file type ''
WARNING:fusesoc.edatools.quartus:../src/limesdr-usb_gw_0/ip/ddr2/alt_mem_ddrx_buffer_manager.v has unknown file type ''
WARNING:fusesoc.edatools.quartus:../src/limesdr-usb_gw_0/ip/ddr2/alt_mem_ddrx_burst_gen.v has unknown file type ''
WARNING:fusesoc.edatools.quartus:../src/limesdr-usb_gw_0/ip/ddr2/alt_mem_ddrx_burst_tracking.v has unknown file type ''
WARNING:fusesoc.edatools.quartus:../src/limesdr-usb_gw_0/ip/ddr2/alt_mem_ddrx_cmd_gen.v has unknown file type ''
WARNING:fusesoc.edatools.quartus:../src/limesdr-usb_gw_0/ip/ddr2/alt_mem_ddrx_controller.v has unknown file type ''
WARNING:fusesoc.edatools.quartus:../src/limesdr-usb_gw_0/ip/ddr2/alt_mem_ddrx_controller_st_top.v has unknown file type ''
WARNING:fusesoc.edatools.quartus:../src/limesdr-usb_gw_0/ip/ddr2/alt_mem_ddrx_csr.v has unknown file type ''
WARNING:fusesoc.edatools.quartus:../src/limesdr-usb_gw_0/ip/ddr2/alt_mem_ddrx_dataid_manager.v has unknown file type ''
WARNING:fusesoc.edatools.quartus:../src/limesdr-usb_gw_0/ip/ddr2/alt_mem_ddrx_ddr2_odt_gen.v has unknown file type ''
WARNING:fusesoc.edatools.quartus:../src/limesdr-usb_gw_0/ip/ddr2/alt_mem_ddrx_ddr3_odt_gen.v has unknown file type ''
WARNING:fusesoc.edatools.quartus:../src/limesdr-usb_gw_0/ip/ddr2/alt_mem_ddrx_define.iv has unknown file type ''
WARNING:fusesoc.edatools.quartus:../src/limesdr-usb_gw_0/ip/ddr2/alt_mem_ddrx_ecc_decoder.v has unknown file type ''
WARNING:fusesoc.edatools.quartus:../src/limesdr-usb_gw_0/ip/ddr2/alt_mem_ddrx_ecc_decoder_32_syn.v has unknown file type ''
WARNING:fusesoc.edatools.quartus:../src/limesdr-usb_gw_0/ip/ddr2/alt_mem_ddrx_ecc_decoder_64_syn.v has unknown file type ''
WARNING:fusesoc.edatools.quartus:../src/limesdr-usb_gw_0/ip/ddr2/alt_mem_ddrx_ecc_encoder.v has unknown file type ''
WARNING:fusesoc.edatools.quartus:../src/limesdr-usb_gw_0/ip/ddr2/alt_mem_ddrx_ecc_encoder_32_syn.v has unknown file type ''
WARNING:fusesoc.edatools.quartus:../src/limesdr-usb_gw_0/ip/ddr2/alt_mem_ddrx_ecc_encoder_64_syn.v has unknown file type ''
WARNING:fusesoc.edatools.quartus:../src/limesdr-usb_gw_0/ip/ddr2/alt_mem_ddrx_ecc_encoder_decoder_wrapper.v has unknown file type ''
WARNING:fusesoc.edatools.quartus:../src/limesdr-usb_gw_0/ip/ddr2/alt_mem_ddrx_fifo.v has unknown file type ''
WARNING:fusesoc.edatools.quartus:../src/limesdr-usb_gw_0/ip/ddr2/alt_mem_ddrx_input_if.v has unknown file type ''
WARNING:fusesoc.edatools.quartus:../src/limesdr-usb_gw_0/ip/ddr2/alt_mem_ddrx_list.v has unknown file type ''
WARNING:fusesoc.edatools.quartus:../src/limesdr-usb_gw_0/ip/ddr2/alt_mem_ddrx_lpddr2_addr_cmd.v has unknown file type ''
WARNING:fusesoc.edatools.quartus:../src/limesdr-usb_gw_0/ip/ddr2/alt_mem_ddrx_mm_st_converter.v has unknown file type ''
WARNING:fusesoc.edatools.quartus:../src/limesdr-usb_gw_0/ip/ddr2/alt_mem_ddrx_odt_gen.v has unknown file type ''
WARNING:fusesoc.edatools.quartus:../src/limesdr-usb_gw_0/ip/ddr2/alt_mem_ddrx_rank_timer.v has unknown file type ''
WARNING:fusesoc.edatools.quartus:../src/limesdr-usb_gw_0/ip/ddr2/alt_mem_ddrx_rdata_path.v has unknown file type ''
WARNING:fusesoc.edatools.quartus:../src/limesdr-usb_gw_0/ip/ddr2/alt_mem_ddrx_rdwr_data_tmg.v has unknown file type ''
WARNING:fusesoc.edatools.quartus:../src/limesdr-usb_gw_0/ip/ddr2/alt_mem_ddrx_sideband.v has unknown file type ''
WARNING:fusesoc.edatools.quartus:../src/limesdr-usb_gw_0/ip/ddr2/alt_mem_ddrx_tbp.v has unknown file type ''
WARNING:fusesoc.edatools.quartus:../src/limesdr-usb_gw_0/ip/ddr2/alt_mem_ddrx_timing_param.v has unknown file type ''
WARNING:fusesoc.edatools.quartus:../src/limesdr-usb_gw_0/ip/ddr2/alt_mem_ddrx_wdata_path.v has unknown file type ''
WARNING:fusesoc.edatools.quartus:../src/limesdr-usb_gw_0/ip/ddr2/alt_mem_phy_defines.v has unknown file type ''
WARNING:fusesoc.edatools.quartus:../src/limesdr-usb_gw_0/ip/ddr2/altmemphy-library/auk_ddr_hp_controller.ocp has unknown file type ''
WARNING:fusesoc.edatools.quartus:../src/limesdr-usb_gw_0/ip/ddr2/ddr2.bsf has unknown file type ''
WARNING:fusesoc.edatools.quartus:../src/limesdr-usb_gw_0/ip/ddr2/ddr2.ppf has unknown file type ''
WARNING:fusesoc.edatools.quartus:../src/limesdr-usb_gw_0/ip/ddr2/ddr2.qip has unknown file type ''
WARNING:fusesoc.edatools.quartus:../src/limesdr-usb_gw_0/ip/ddr2/ddr2.vhd has unknown file type ''
WARNING:fusesoc.edatools.quartus:../src/limesdr-usb_gw_0/ip/ddr2/ddr2_advisor.ipa has unknown file type ''
WARNING:fusesoc.edatools.quartus:../src/limesdr-usb_gw_0/ip/ddr2/ddr2_alt_mem_ddrx_controller_top.v has unknown file type ''
WARNING:fusesoc.edatools.quartus:../src/limesdr-usb_gw_0/ip/ddr2/ddr2_controller_phy.vhd has unknown file type ''
WARNING:fusesoc.edatools.quartus:../src/limesdr-usb_gw_0/ip/ddr2/ddr2_ex_lfsr8.vhd has unknown file type ''
WARNING:fusesoc.edatools.quartus:../src/limesdr-usb_gw_0/ip/ddr2/ddr2_example_driver.vhd has unknown file type ''
WARNING:fusesoc.edatools.quartus:../src/limesdr-usb_gw_0/ip/ddr2/ddr2_example_top.sdc has unknown file type ''
WARNING:fusesoc.edatools.quartus:../src/limesdr-usb_gw_0/ip/ddr2/ddr2_example_top.vhd has unknown file type ''
WARNING:fusesoc.edatools.quartus:../src/limesdr-usb_gw_0/ip/ddr2/ddr2_example_top.vhd.tmp2 has unknown file type ''
WARNING:fusesoc.edatools.quartus:../src/limesdr-usb_gw_0/ip/ddr2/ddr2_example_top_1.vhd has unknown file type ''
WARNING:fusesoc.edatools.quartus:../src/limesdr-usb_gw_0/ip/ddr2/ddr2_example_top_2.vhd has unknown file type ''
WARNING:fusesoc.edatools.quartus:../src/limesdr-usb_gw_0/ip/ddr2/ddr2_example_top_3.vhd has unknown file type ''
WARNING:fusesoc.edatools.quartus:../src/limesdr-usb_gw_0/ip/ddr2/ddr2_high_performance_controller-library/auk_ddr_hp_controller.ocp has unknown file type ''
WARNING:fusesoc.edatools.quartus:../src/limesdr-usb_gw_0/ip/ddr2/ddr2_phy.bsf has unknown file type ''
WARNING:fusesoc.edatools.quartus:../src/limesdr-usb_gw_0/ip/ddr2/ddr2_phy.qip has unknown file type ''
WARNING:fusesoc.edatools.quartus:../src/limesdr-usb_gw_0/ip/ddr2/ddr2_phy.vhd has unknown file type ''
WARNING:fusesoc.edatools.quartus:../src/limesdr-usb_gw_0/ip/ddr2/ddr2_phy_alt_mem_phy.v has unknown file type ''
WARNING:fusesoc.edatools.quartus:../src/limesdr-usb_gw_0/ip/ddr2/ddr2_phy_alt_mem_phy_pll.qip has unknown file type ''
WARNING:fusesoc.edatools.quartus:../src/limesdr-usb_gw_0/ip/ddr2/ddr2_phy_alt_mem_phy_pll.vhd has unknown file type ''
WARNING:fusesoc.edatools.quartus:../src/limesdr-usb_gw_0/ip/ddr2/ddr2_phy_alt_mem_phy_seq.vhd has unknown file type ''
WARNING:fusesoc.edatools.quartus:../src/limesdr-usb_gw_0/ip/ddr2/ddr2_phy_alt_mem_phy_seq_wrapper.v has unknown file type ''
WARNING:fusesoc.edatools.quartus:../src/limesdr-usb_gw_0/ip/ddr2/ddr2_phy_ddr_pins.tcl has unknown file type ''
WARNING:fusesoc.edatools.quartus:../src/limesdr-usb_gw_0/ip/ddr2/ddr2_phy_ddr_timing.sdc has unknown file type ''
WARNING:fusesoc.edatools.quartus:../src/limesdr-usb_gw_0/ip/ddr2/ddr2_phy_ddr_timing.tcl has unknown file type ''
WARNING:fusesoc.edatools.quartus:../src/limesdr-usb_gw_0/ip/ddr2/ddr2_phy_report_timing.tcl has unknown file type ''
WARNING:fusesoc.edatools.quartus:../src/limesdr-usb_gw_0/ip/ddr2/ddr2_phy_report_timing_core.tcl has unknown file type ''
WARNING:fusesoc.edatools.quartus:../src/limesdr-usb_gw_0/ip/ddr2/ddr2_pin_assignments.tcl has unknown file type ''
WARNING:fusesoc.edatools.quartus:../src/limesdr-usb_gw_0/ip/ddr2/testbench/ddr2_example_top_tb.vhd has unknown file type ''
WARNING:fusesoc.edatools.quartus:../src/limesdr-usb_gw_0/ip/ddr2/testbench/ddr2_example_top_tb.vhd.tmp has unknown file type ''
WARNING:fusesoc.edatools.quartus:../src/limesdr-usb_gw_0/ip/ddr2/testbench/ddr2_example_top_tb.vhd.tmp2 has unknown file type ''
WARNING:fusesoc.edatools.quartus:../src/limesdr-usb_gw_0/ip/ddr2/testbench/ddr2_example_top_tb_1.vhd has unknown file type ''
WARNING:fusesoc.edatools.quartus:../src/limesdr-usb_gw_0/ip/ddr2/testbench/ddr2_example_top_tb_2.vhd has unknown file type ''
WARNING:fusesoc.edatools.quartus:../src/limesdr-usb_gw_0/ip/ddr2/testbench/ddr2_example_top_tb_3.vhd has unknown file type ''
WARNING:fusesoc.edatools.quartus:../src/limesdr-usb_gw_0/ip/ddr2/testbench/ddr2_full_mem_model.vhd has unknown file type ''
WARNING:fusesoc.edatools.quartus:../src/limesdr-usb_gw_0/ip/ddr2/testbench/ddr2_mem_model.vhd has unknown file type ''
WARNING:fusesoc.edatools.quartus:../src/limesdr-usb_gw_0/ip/ddr2_traffic_gen/ddr2_traffic_gen.BAK.qsys has unknown file type ''
WARNING:fusesoc.edatools.quartus:../src/limesdr-usb_gw_0/ip/ddr2_traffic_gen/ddr2_traffic_gen.qsys has unknown file type ''
WARNING:fusesoc.edatools.quartus:../src/limesdr-usb_gw_0/ip/ddr2_traffic_gen/ddr2_traffic_gen.sopcinfo has unknown file type ''
WARNING:fusesoc.edatools.quartus:../src/limesdr-usb_gw_0/ip/ddr2_traffic_gen/ddr2_traffic_gen/ddr2_traffic_gen.bsf has unknown file type ''
WARNING:fusesoc.edatools.quartus:../src/limesdr-usb_gw_0/ip/ddr2_traffic_gen/ddr2_traffic_gen/ddr2_traffic_gen.ppf has unknown file type ''
WARNING:fusesoc.edatools.quartus:../src/limesdr-usb_gw_0/ip/ddr2_traffic_gen/ddr2_traffic_gen/ddr2_traffic_gen.spd has unknown file type ''
WARNING:fusesoc.edatools.quartus:../src/limesdr-usb_gw_0/ip/ddr2_traffic_gen/ddr2_traffic_gen/ddr2_traffic_gen_bb.v has unknown file type ''
WARNING:fusesoc.edatools.quartus:../src/limesdr-usb_gw_0/ip/ddr2_traffic_gen/ddr2_traffic_gen/ddr2_traffic_gen_inst.v has unknown file type ''
WARNING:fusesoc.edatools.quartus:../src/limesdr-usb_gw_0/ip/ddr2_traffic_gen/ddr2_traffic_gen/ddr2_traffic_gen_inst.vhd has unknown file type ''
WARNING:fusesoc.edatools.quartus:../src/limesdr-usb_gw_0/ip/ddr2_traffic_gen/ddr2_traffic_gen/synthesis/ddr2_traffic_gen.debuginfo has unknown file type ''
WARNING:fusesoc.edatools.quartus:../src/limesdr-usb_gw_0/ip/ddr2_traffic_gen/ddr2_traffic_gen/synthesis/ddr2_traffic_gen.qip has unknown file type ''
WARNING:fusesoc.edatools.quartus:../src/limesdr-usb_gw_0/ip/ddr2_traffic_gen/ddr2_traffic_gen/synthesis/ddr2_traffic_gen.vhd has unknown file type ''
WARNING:fusesoc.edatools.quartus:../src/limesdr-usb_gw_0/ip/ddr2_traffic_gen/ddr2_traffic_gen/synthesis/submodules/addr_gen.sv has unknown file type ''
WARNING:fusesoc.edatools.quartus:../src/limesdr-usb_gw_0/ip/ddr2_traffic_gen/ddr2_traffic_gen/synthesis/submodules/avalon_traffic_gen_avl_use_be_avl_use_burstbegin.sv has unknown file type ''
WARNING:fusesoc.edatools.quartus:../src/limesdr-usb_gw_0/ip/ddr2_traffic_gen/ddr2_traffic_gen/synthesis/submodules/block_rw_stage_avl_use_be_avl_use_burstbegin.sv has unknown file type ''
WARNING:fusesoc.edatools.quartus:../src/limesdr-usb_gw_0/ip/ddr2_traffic_gen/ddr2_traffic_gen/synthesis/submodules/burst_boundary_addr_gen.sv has unknown file type ''
WARNING:fusesoc.edatools.quartus:../src/limesdr-usb_gw_0/ip/ddr2_traffic_gen/ddr2_traffic_gen/synthesis/submodules/ddr2_traffic_gen_mm_traffic_generator_0.v has unknown file type ''
WARNING:fusesoc.edatools.quartus:../src/limesdr-usb_gw_0/ip/ddr2_traffic_gen/ddr2_traffic_gen/synthesis/submodules/driver_avl_use_be_avl_use_burstbegin.sv has unknown file type ''
WARNING:fusesoc.edatools.quartus:../src/limesdr-usb_gw_0/ip/ddr2_traffic_gen/ddr2_traffic_gen/synthesis/submodules/driver_csr.sv has unknown file type ''
WARNING:fusesoc.edatools.quartus:../src/limesdr-usb_gw_0/ip/ddr2_traffic_gen/ddr2_traffic_gen/synthesis/submodules/driver_definitions.sv has unknown file type ''
WARNING:fusesoc.edatools.quartus:../src/limesdr-usb_gw_0/ip/ddr2_traffic_gen/ddr2_traffic_gen/synthesis/submodules/driver_fsm_avl_use_be_avl_use_burstbegin.sv has unknown file type ''
WARNING:fusesoc.edatools.quartus:../src/limesdr-usb_gw_0/ip/ddr2_traffic_gen/ddr2_traffic_gen/synthesis/submodules/lfsr.sv has unknown file type ''
WARNING:fusesoc.edatools.quartus:../src/limesdr-usb_gw_0/ip/ddr2_traffic_gen/ddr2_traffic_gen/synthesis/submodules/lfsr_wrapper.sv has unknown file type ''
WARNING:fusesoc.edatools.quartus:../src/limesdr-usb_gw_0/ip/ddr2_traffic_gen/ddr2_traffic_gen/synthesis/submodules/rand_addr_gen.sv has unknown file type ''
WARNING:fusesoc.edatools.quartus:../src/limesdr-usb_gw_0/ip/ddr2_traffic_gen/ddr2_traffic_gen/synthesis/submodules/rand_burstcount_gen.sv has unknown file type ''
WARNING:fusesoc.edatools.quartus:../src/limesdr-usb_gw_0/ip/ddr2_traffic_gen/ddr2_traffic_gen/synthesis/submodules/rand_num_gen.sv has unknown file type ''
WARNING:fusesoc.edatools.quartus:../src/limesdr-usb_gw_0/ip/ddr2_traffic_gen/ddr2_traffic_gen/synthesis/submodules/rand_seq_addr_gen.sv has unknown file type ''
WARNING:fusesoc.edatools.quartus:../src/limesdr-usb_gw_0/ip/ddr2_traffic_gen/ddr2_traffic_gen/synthesis/submodules/read_compare_avl_use_be_avl_use_burstbegin.sv has unknown file type ''
WARNING:fusesoc.edatools.quartus:../src/limesdr-usb_gw_0/ip/ddr2_traffic_gen/ddr2_traffic_gen/synthesis/submodules/reset_sync.v has unknown file type ''
WARNING:fusesoc.edatools.quartus:../src/limesdr-usb_gw_0/ip/ddr2_traffic_gen/ddr2_traffic_gen/synthesis/submodules/scfifo_wrapper.sv has unknown file type ''
WARNING:fusesoc.edatools.quartus:../src/limesdr-usb_gw_0/ip/ddr2_traffic_gen/ddr2_traffic_gen/synthesis/submodules/seq_addr_gen.sv has unknown file type ''
WARNING:fusesoc.edatools.quartus:../src/limesdr-usb_gw_0/ip/ddr2_traffic_gen/ddr2_traffic_gen/synthesis/submodules/single_rw_stage_avl_use_be_avl_use_burstbegin.sv has unknown file type ''
WARNING:fusesoc.edatools.quartus:../src/limesdr-usb_gw_0/ip/ddr2_traffic_gen/ddr2_traffic_gen/synthesis/submodules/template_addr_gen.sv has unknown file type ''
WARNING:fusesoc.edatools.quartus:../src/limesdr-usb_gw_0/ip/ddr2_traffic_gen/ddr2_traffic_gen/synthesis/submodules/template_stage.sv has unknown file type ''
WARNING:fusesoc.edatools.quartus:../src/limesdr-usb_gw_0/ip/ddri/ddri.bsf has unknown file type ''
WARNING:fusesoc.edatools.quartus:../src/limesdr-usb_gw_0/ip/ddri/ddri.inc has unknown file type ''
WARNING:fusesoc.edatools.quartus:../src/limesdr-usb_gw_0/ip/ddri/ddri.ppf has unknown file type ''
WARNING:fusesoc.edatools.quartus:../src/limesdr-usb_gw_0/ip/ddri/ddri.qip has unknown file type ''
WARNING:fusesoc.edatools.quartus:../src/limesdr-usb_gw_0/ip/ddri/ddri.vhd has unknown file type ''
WARNING:fusesoc.edatools.quartus:../src/limesdr-usb_gw_0/ip/ddri/ddri_inst.vhd has unknown file type ''
WARNING:fusesoc.edatools.quartus:../src/limesdr-usb_gw_0/ip/dec_fifo/decomp_fifo.bsf has unknown file type ''
WARNING:fusesoc.edatools.quartus:../src/limesdr-usb_gw_0/ip/dec_fifo/decomp_fifo.qip has unknown file type ''
WARNING:fusesoc.edatools.quartus:../src/limesdr-usb_gw_0/ip/dec_fifo/decomp_fifo.vhd has unknown file type ''
WARNING:fusesoc.edatools.quartus:../src/limesdr-usb_gw_0/ip/fpga_infifo/fpga_infifo.bsf has unknown file type ''
WARNING:fusesoc.edatools.quartus:../src/limesdr-usb_gw_0/ip/fpga_infifo/fpga_infifo.qip has unknown file type ''
WARNING:fusesoc.edatools.quartus:../src/limesdr-usb_gw_0/ip/fpga_infifo/fpga_infifo.vhd has unknown file type ''
WARNING:fusesoc.edatools.quartus:../src/limesdr-usb_gw_0/ip/fpga_outfifo/fpga_outfifo.bsf has unknown file type ''
WARNING:fusesoc.edatools.quartus:../src/limesdr-usb_gw_0/ip/fpga_outfifo/fpga_outfifo.qip has unknown file type ''
WARNING:fusesoc.edatools.quartus:../src/limesdr-usb_gw_0/ip/fpga_outfifo/fpga_outfifo.vhd has unknown file type ''
WARNING:fusesoc.edatools.quartus:../src/limesdr-usb_gw_0/ip/fpga_pll/fpga_pll.bsf has unknown file type ''
WARNING:fusesoc.edatools.quartus:../src/limesdr-usb_gw_0/ip/fpga_pll/fpga_pll.ppf has unknown file type ''
WARNING:fusesoc.edatools.quartus:../src/limesdr-usb_gw_0/ip/fpga_pll/fpga_pll.qip has unknown file type ''
WARNING:fusesoc.edatools.quartus:../src/limesdr-usb_gw_0/ip/fpga_pll/fpga_pll.vhd has unknown file type ''
WARNING:fusesoc.edatools.quartus:../src/limesdr-usb_gw_0/ip/i2c_opencores_v13/Docs/I2C_tests.c has unknown file type ''
WARNING:fusesoc.edatools.quartus:../src/limesdr-usb_gw_0/ip/i2c_opencores_v13/Docs/i2c_specs.pdf has unknown file type ''
WARNING:fusesoc.edatools.quartus:../src/limesdr-usb_gw_0/ip/i2c_opencores_v13/HAL/inc/i2c_opencores.h has unknown file type ''
WARNING:fusesoc.edatools.quartus:../src/limesdr-usb_gw_0/ip/i2c_opencores_v13/HAL/src/component.mk has unknown file type ''
WARNING:fusesoc.edatools.quartus:../src/limesdr-usb_gw_0/ip/i2c_opencores_v13/HAL/src/i2c_opencores.c has unknown file type ''
WARNING:fusesoc.edatools.quartus:../src/limesdr-usb_gw_0/ip/i2c_opencores_v13/i2c_master_bit_ctrl.v has unknown file type ''
WARNING:fusesoc.edatools.quartus:../src/limesdr-usb_gw_0/ip/i2c_opencores_v13/i2c_master_byte_ctrl.v has unknown file type ''
WARNING:fusesoc.edatools.quartus:../src/limesdr-usb_gw_0/ip/i2c_opencores_v13/i2c_master_defines.v has unknown file type ''
WARNING:fusesoc.edatools.quartus:../src/limesdr-usb_gw_0/ip/i2c_opencores_v13/i2c_master_top.v has unknown file type ''
WARNING:fusesoc.edatools.quartus:../src/limesdr-usb_gw_0/ip/i2c_opencores_v13/i2c_opencores.v has unknown file type ''
WARNING:fusesoc.edatools.quartus:../src/limesdr-usb_gw_0/ip/i2c_opencores_v13/i2c_opencores_hw.tcl has unknown file type ''
WARNING:fusesoc.edatools.quartus:../src/limesdr-usb_gw_0/ip/i2c_opencores_v13/i2c_opencores_hw.tcl~ has unknown file type ''
WARNING:fusesoc.edatools.quartus:../src/limesdr-usb_gw_0/ip/i2c_opencores_v13/i2c_opencores_sw.tcl has unknown file type ''
WARNING:fusesoc.edatools.quartus:../src/limesdr-usb_gw_0/ip/i2c_opencores_v13/inc/i2c_opencores_regs.h has unknown file type ''
WARNING:fusesoc.edatools.quartus:../src/limesdr-usb_gw_0/ip/i2c_opencores_v13/timescale.v has unknown file type ''
WARNING:fusesoc.edatools.quartus:../src/limesdr-usb_gw_0/ip/lpm_counter/lpm_cnt.qip has unknown file type ''
WARNING:fusesoc.edatools.quartus:../src/limesdr-usb_gw_0/ip/lpm_counter/lpm_cnt.vhd has unknown file type ''
WARNING:fusesoc.edatools.quartus:../src/limesdr-usb_gw_0/ip/lpm_counter/lpm_cnt_inst.vhd has unknown file type ''
WARNING:fusesoc.edatools.quartus:../src/limesdr-usb_gw_0/ip/lpm_mux/lpm_mux4.qip has unknown file type ''
WARNING:fusesoc.edatools.quartus:../src/limesdr-usb_gw_0/ip/lpm_mux/lpm_mux4.vhd has unknown file type ''
WARNING:fusesoc.edatools.quartus:../src/limesdr-usb_gw_0/ip/lpm_mux/lpm_mux4_inst.vhd has unknown file type ''
WARNING:fusesoc.edatools.quartus:../src/limesdr-usb_gw_0/ip/pct_trnsf_fifo/pct_trnsf_fifo.qip has unknown file type ''
WARNING:fusesoc.edatools.quartus:../src/limesdr-usb_gw_0/ip/pct_trnsf_fifo/pct_trnsf_fifo.vhd has unknown file type ''
WARNING:fusesoc.edatools.quartus:../src/limesdr-usb_gw_0/ip/pll/pll.bsf has unknown file type ''
WARNING:fusesoc.edatools.quartus:../src/limesdr-usb_gw_0/ip/pll/pll.mif has unknown file type ''
WARNING:fusesoc.edatools.quartus:../src/limesdr-usb_gw_0/ip/pll/pll.ppf has unknown file type ''
WARNING:fusesoc.edatools.quartus:../src/limesdr-usb_gw_0/ip/pll/pll.qip has unknown file type ''
WARNING:fusesoc.edatools.quartus:../src/limesdr-usb_gw_0/ip/pll/pll.vhd has unknown file type ''
WARNING:fusesoc.edatools.quartus:../src/limesdr-usb_gw_0/ip/pll_reconfig_module/pll_reconfig_module.bsf has unknown file type ''
WARNING:fusesoc.edatools.quartus:../src/limesdr-usb_gw_0/ip/pll_reconfig_module/pll_reconfig_module.qip has unknown file type ''
WARNING:fusesoc.edatools.quartus:../src/limesdr-usb_gw_0/ip/pll_reconfig_module/pll_reconfig_module.vhd has unknown file type ''
WARNING:fusesoc.edatools.quartus:../src/limesdr-usb_gw_0/ip/sfl/Serial_flash_loader.qsys has unknown file type ''
WARNING:fusesoc.edatools.quartus:../src/limesdr-usb_gw_0/ip/sfl/Serial_flash_loader.sopcinfo has unknown file type ''
WARNING:fusesoc.edatools.quartus:../src/limesdr-usb_gw_0/ip/sfl/Serial_flash_loader/synthesis/Serial_flash_loader.debuginfo has unknown file type ''
WARNING:fusesoc.edatools.quartus:../src/limesdr-usb_gw_0/ip/sfl/Serial_flash_loader/synthesis/Serial_flash_loader.qip has unknown file type ''
WARNING:fusesoc.edatools.quartus:../src/limesdr-usb_gw_0/ip/sfl/Serial_flash_loader/synthesis/Serial_flash_loader.v has unknown file type ''
WARNING:fusesoc.edatools.quartus:../src/limesdr-usb_gw_0/ip/sfl/Serial_flash_loader/synthesis/submodules/altera_serial_flash_loader.v has unknown file type ''
WARNING:fusesoc.edatools.quartus:../src/limesdr-usb_gw_0/ip/smplnr_sync_fifo/smplnr_sync_fifo.qip has unknown file type ''
WARNING:fusesoc.edatools.quartus:../src/limesdr-usb_gw_0/ip/smplnr_sync_fifo/smplnr_sync_fifo.vhd has unknown file type ''
WARNING:fusesoc.edatools.quartus:../src/limesdr-usb_gw_0/ip/tx_outfifo_mimo/tx_outfifo_16_to_32.qip has unknown file type ''
WARNING:fusesoc.edatools.quartus:../src/limesdr-usb_gw_0/ip/tx_outfifo_mimo/tx_outfifo_16_to_32.vhd has unknown file type ''
WARNING:fusesoc.edatools.quartus:../src/limesdr-usb_gw_0/ip/txpll/txpll.bsf has unknown file type ''
WARNING:fusesoc.edatools.quartus:../src/limesdr-usb_gw_0/ip/txpll/txpll.mif has unknown file type ''
WARNING:fusesoc.edatools.quartus:../src/limesdr-usb_gw_0/ip/txpll/txpll.ppf has unknown file type ''
WARNING:fusesoc.edatools.quartus:../src/limesdr-usb_gw_0/ip/txpll/txpll.qip has unknown file type ''
WARNING:fusesoc.edatools.quartus:../src/limesdr-usb_gw_0/ip/txpll/txpll.vhd has unknown file type ''
INFO:fusesoc.edatool:Building
ERROR:fusesoc.main:Failed to build ::limesdr-usb_gw:0 : "make" exited with an error code.
ERROR: See stderr for details.
